Vivado Simulator 2018.2
Copyright 1986-1999, 2001-2018 Xilinx, Inc. All Rights Reserved.
Running: D:/Vivado/Vivado/2018.2/bin/unwrapped/win64.o/xelab.exe -wto bfbfd768946b4f0cb0aa6ad564e786fa --incr --debug typical --relax --mt 2 -L xil_defaultlib -L secureip --snapshot tb_pcfg_func_impl xil_defaultlib.tb_pcfg -log elaborate.log 
Using 2 slave threads.
Starting static elaboration
Completed static elaboration
Starting simulation data flow analysis
Completed simulation data flow analysis
Time Resolution for simulation is 1ps
Compiling package std.standard
Compiling package std.textio
Compiling package ieee.std_logic_1164
Compiling package ieee.std_logic_arith
Compiling package ieee.std_logic_unsigned
Compiling package ieee.numeric_std
Compiling package ieee.std_logic_textio
Compiling package std.env
Compiling package unisim.vcomponents
Compiling package ieee.std_logic_signed
Compiling package ieee.vital_timing
Compiling package ieee.vital_primitives
Compiling package unisim.vpkg
Compiling architecture rb18_internal_vhdl_v of entity unisim.RB18_INTERNAL_VHDL [\RB18_INTERNAL_VHDL(bram_size=18...]
Compiling architecture ramb18e1_v of entity unisim.RAMB18E1 [\RAMB18E1(doa_reg=1,dob_reg=1,re...]
Compiling architecture structure of entity xil_defaultlib.RAM_blk_mem_gen_prim_wrapper_HD16 [ram_blk_mem_gen_prim_wrapper_hd1...]
Compiling architecture structure of entity xil_defaultlib.RAM_blk_mem_gen_prim_width_HD15 [ram_blk_mem_gen_prim_width_hd15_...]
Compiling architecture structure of entity xil_defaultlib.RAM_blk_mem_gen_generic_cstr_HD14 [ram_blk_mem_gen_generic_cstr_hd1...]
Compiling architecture structure of entity xil_defaultlib.RAM_blk_mem_gen_top_HD13 [ram_blk_mem_gen_top_hd13_default]
Compiling architecture structure of entity xil_defaultlib.RAM_blk_mem_gen_v8_4_1_synth_HD12 [ram_blk_mem_gen_v8_4_1_synth_hd1...]
Compiling architecture structure of entity xil_defaultlib.RAM_blk_mem_gen_v8_4_1_HD11 [ram_blk_mem_gen_v8_4_1_hd11_defa...]
Compiling architecture structure of entity xil_defaultlib.RAM_HD10 [ram_hd10_default]
Compiling architecture structure of entity xil_defaultlib.\RAM_WRAPPER__xdcDup__2\ [\RAM_WRAPPER__xdcDup__2_default\]
Compiling architecture lut2_v of entity unisim.LUT2 [\LUT2(init="1110")(0,3)\]
Compiling architecture lut1_v of entity unisim.LUT1 [\LUT1(init="0001")(0,3)\]
Compiling architecture lut4_v of entity unisim.LUT4 [\LUT4(init="1111111011101110")(0...]
Compiling architecture lut6_v of entity unisim.LUT6 [\LUT6(init="01111111111111111111...]
Compiling architecture lut6_v of entity unisim.LUT6 [\LUT6(init="11111111111111111111...]
Compiling architecture lut6_v of entity unisim.LUT6 [\LUT6(init="10000000000000000000...]
Compiling architecture lut4_v of entity unisim.LUT4 [\LUT4(init="1111111111111110")(0...]
Compiling architecture lut2_v of entity unisim.LUT2 [\LUT2(init="0110")(0,3)\]
Compiling architecture lut3_v of entity unisim.LUT3 [\LUT3(init="01111000")(0,7)\]
Compiling architecture lut4_v of entity unisim.LUT4 [\LUT4(init="0111111110000000")(0...]
Compiling architecture lut5_v of entity unisim.LUT5 [\LUT5(init="01111111111111111000...]
Compiling architecture fdre_v of entity unisim.FDRE [fdre_default]
Compiling architecture lut3_v of entity unisim.LUT3 [\LUT3(init="01101010")(0,7)\]
Compiling architecture lut3_v of entity unisim.LUT3 [\LUT3(init="01101100")(0,7)\]
Compiling architecture carry4_v of entity unisim.CARRY4 [carry4_default]
Compiling architecture lut5_v of entity unisim.LUT5 [\LUT5(init="00101001010000000100...]
Compiling architecture lut4_v of entity unisim.LUT4 [\LUT4(init="0110100100000000")(0...]
Compiling architecture lut6_v of entity unisim.LUT6 [\LUT6(init="10010000000010010000...]
Compiling architecture lut6_v of entity unisim.LUT6 [\LUT6(init="00000000010000011000...]
Compiling architecture lut4_v of entity unisim.LUT4 [\LUT4(init="1000000000000000")(0...]
Compiling architecture lut6_v of entity unisim.LUT6 [\LUT6(init="00101010100101010100...]
Compiling architecture structure of entity xil_defaultlib.\max_counter__2\ [\max_counter__2_default\]
Compiling architecture lut3_v of entity unisim.LUT3 [\LUT3(init="11111000")(0,7)\]
Compiling architecture lut3_v of entity unisim.LUT3 [\LUT3(init="00000100")(0,7)\]
Compiling architecture structure of entity xil_defaultlib.\ram_control__2\ [\ram_control__2_default\]
Compiling architecture structure of entity xil_defaultlib.\latch__3\ [\latch__3_default\]
Compiling architecture lut3_v of entity unisim.LUT3 [\LUT3(init="10111000")(0,7)\]
Compiling architecture structure of entity xil_defaultlib.safe_latch [safe_latch_default]
Compiling architecture structure of entity xil_defaultlib.\delay__1\ [\delay__1_default\]
Compiling architecture structure of entity xil_defaultlib.\latch__2\ [\latch__2_default\]
Compiling architecture structure of entity xil_defaultlib.RAM_blk_mem_gen_prim_wrapper [ram_blk_mem_gen_prim_wrapper_def...]
Compiling architecture structure of entity xil_defaultlib.RAM_blk_mem_gen_prim_width [ram_blk_mem_gen_prim_width_defau...]
Compiling architecture structure of entity xil_defaultlib.RAM_blk_mem_gen_generic_cstr [ram_blk_mem_gen_generic_cstr_def...]
Compiling architecture structure of entity xil_defaultlib.RAM_blk_mem_gen_top [ram_blk_mem_gen_top_default]
Compiling architecture structure of entity xil_defaultlib.RAM_blk_mem_gen_v8_4_1_synth [ram_blk_mem_gen_v8_4_1_synth_def...]
Compiling architecture structure of entity xil_defaultlib.RAM_blk_mem_gen_v8_4_1 [ram_blk_mem_gen_v8_4_1_default]
Compiling architecture structure of entity xil_defaultlib.RAM [ram_default]
Compiling architecture structure of entity xil_defaultlib.RAM_WRAPPER [ram_wrapper_default]
Compiling architecture lut4_v of entity unisim.LUT4 [\LUT4(init="1111111111010000")(0...]
Compiling architecture lut3_v of entity unisim.LUT3 [\LUT3(init="10101110")(0,7)\]
Compiling architecture structure of entity xil_defaultlib.xfft_0_axi_wrapper_input_fifo [xfft_0_axi_wrapper_input_fifo_de...]
Compiling architecture lut2_v of entity unisim.LUT2 [\LUT2(init="0010")(0,3)\]
Compiling architecture lut4_v of entity unisim.LUT4 [\LUT4(init="1000111110001000")(0...]
Compiling architecture lut3_v of entity unisim.LUT3 [\LUT3(init="11001000")(0,7)\]
Compiling architecture fdre_v of entity unisim.FDRE [\FDRE(init='1')\]
Compiling architecture lut4_v of entity unisim.LUT4 [\LUT4(init="0100111101000100")(0...]
Compiling architecture lut4_v of entity unisim.LUT4 [\LUT4(init="1000100011111000")(0...]
Compiling architecture lut5_v of entity unisim.LUT5 [\LUT5(init="11111111111111110000...]
Compiling architecture lut4_v of entity unisim.LUT4 [\LUT4(init="0111010100000000")(0...]
Compiling architecture lut4_v of entity unisim.LUT4 [\LUT4(init="1110111011001110")(0...]
Compiling architecture lut3_v of entity unisim.LUT3 [\LUT3(init="00101111")(0,7)\]
Compiling architecture structure of entity xil_defaultlib.\xfft_0_axi_wrapper_input_fifo__parameterized0\ [\xfft_0_axi_wrapper_input_fifo__...]
Compiling architecture structure of entity xil_defaultlib.xfft_0_axi_wrapper_output_fifo [xfft_0_axi_wrapper_output_fifo_d...]
Compiling architecture lut6_v of entity unisim.LUT6 [\LUT6(init="10001000000010001000...]
Compiling architecture lut2_v of entity unisim.LUT2 [\LUT2(init="1011")(0,3)\]
Compiling architecture structure of entity xil_defaultlib.xfft_0_axi_wrapper [xfft_0_axi_wrapper_default]
Compiling architecture lut5_v of entity unisim.LUT5 [\LUT5(init="00000000000000001111...]
Compiling architecture lut5_v of entity unisim.LUT5 [\LUT5(init="11111000100010001000...]
Compiling architecture structure of entity xil_defaultlib.xfft_0_reg_rs_rtl [xfft_0_reg_rs_rtl_default]
Compiling architecture lut5_v of entity unisim.LUT5 [\LUT5(init="01000100010001000100...]
Compiling architecture lut6_v of entity unisim.LUT6 [\LUT6(init="00000000000000000000...]
Compiling architecture structure of entity xil_defaultlib.xfft_0_reg_rs_rtl_44 [xfft_0_reg_rs_rtl_44_default]
Compiling architecture structure of entity xil_defaultlib.\xfft_0_c_addsub_v12_0_12_lut6_legacy__parameterized1\ [\xfft_0_c_addsub_v12_0_12_lut6_l...]
Compiling architecture structure of entity xil_defaultlib.\xfft_0_c_addsub_v12_0_12_fabric_legacy__parameterized1\ [\xfft_0_c_addsub_v12_0_12_fabric...]
Compiling architecture structure of entity xil_defaultlib.\xfft_0_c_addsub_v12_0_12_legacy__parameterized1\ [\xfft_0_c_addsub_v12_0_12_legacy...]
Compiling architecture structure of entity xil_defaultlib.\xfft_0_c_addsub_v12_0_12_viv__parameterized0\ [\xfft_0_c_addsub_v12_0_12_viv__p...]
Compiling architecture lut4_v of entity unisim.LUT4 [\LUT4(init="1111111100001000")(0...]
Compiling architecture lut4_v of entity unisim.LUT4 [\LUT4(init="0000000011110111")(0...]
Compiling architecture lut2_v of entity unisim.LUT2 [\LUT2(init="1000")(0,3)\]
