Copyright 1986-2021 Xilinx, Inc. All Rights Reserved.
------------------------------------------------------------------------------------------------------------------
| Tool Version : Vivado v.2021.2 (lin64) Build 3367213 Tue Oct 19 02:47:39 MDT 2021
| Date         : Sun May 15 20:48:48 2022
| Host         : mshrimp running 64-bit Arch Linux
| Command      : report_drc -file PCFG_TOP_drc_routed.rpt -pb PCFG_TOP_drc_routed.pb -rpx PCFG_TOP_drc_routed.rpx
| Design       : PCFG_TOP
| Device       : xc7s75fgga676-1
| Speed File   : -1
| Design State : Fully Routed
------------------------------------------------------------------------------------------------------------------

Report DRC

Table of Contents
-----------------
1. REPORT SUMMARY
2. REPORT DETAILS

1. REPORT SUMMARY
-----------------
            Netlist: netlist
          Floorplan: design_1
      Design limits: <entire design considered>
           Ruledeck: default
             Max violations: <unlimited>
             Violations found: 5
+-------------+----------+-------------------------------------------------------------+------------+
| Rule        | Severity | Description                                                 | Violations |
+-------------+----------+-------------------------------------------------------------+------------+
| CFGBVS-1    | Warning  | Missing CFGBVS and CONFIG_VOLTAGE Design Properties         | 1          |
| PDRC-153    | Warning  | Gated clock check                                           | 2          |
| PLHOLDVIO-2 | Warning  | Non-Optimal connections which could lead to hold violations | 2          |
+-------------+----------+-------------------------------------------------------------+------------+

2. REPORT DETAILS
-----------------
CFGBVS-1#1 Warning
Missing CFGBVS and CONFIG_VOLTAGE Design Properties  
Neither the CFGBVS nor CONFIG_VOLTAGE voltage property is set in the current_design.  Configuration bank voltage select (CFGBVS) must be set to VCCO or GND, and CONFIG_VOLTAGE must be set to the correct configuration voltage, in order to determine the I/O voltage support for the pins in bank 0.  It is suggested to specify these either using the 'Edit Device Properties' function in the GUI or directly in the XDC file using the following syntax:

 set_property CFGBVS value1 [current_design]
 #where value1 is either VCCO or GND

 set_property CONFIG_VOLTAGE value2 [current_design]
 #where value2 is the voltage provided to configuration bank 0

Refer to the device configuration user guide for more information.
Related violations: <none>

PDRC-153#1 Warning
Gated clock check  
Net clk_gen/CNT0/m_debug_header_OBUF[0] is a gated clock net sourced by a combinational pin clk_gen/CNT0/m_adc_clk_OBUF_inst_i_1/O, cell clk_gen/CNT0/m_adc_clk_OBUF_inst_i_1. This is not good design practice and will likely impact performance. For SLICE registers, for example, use the CE pin to control the loading of data.
Related violations: <none>

PDRC-153#2 Warning
Gated clock check  
Net clk_gen/CNT0/s_wr is a gated clock net sourced by a combinational pin clk_gen/CNT0/s_REG[15]_i_2/O, cell clk_gen/CNT0/s_REG[15]_i_2. This is not good design practice and will likely impact performance. For SLICE registers, for example, use the CE pin to control the loading of data.
Related violations: <none>

PLHOLDVIO-2#1 Warning
Non-Optimal connections which could lead to hold violations  
A LUT clk_gen/CNT0/m_adc_clk_OBUF_inst_i_1 is driving clock pin of 29 cells. This could lead to large hold time violations. Involved cells are:
ADRAM/RAM1/U0/inst_blk_mem_gen/gnbram.gnativebmg.native_blk_mem_gen/valid.cstr/ramloop[0].ram.r/prim_noinit.ram/DEVICE_7SERIES.NO_BMM_INFO.SDP.SIMPLE_PRIM18.ram,
ADRAM_CTRL/counter/max_reg[0], ADRAM_CTRL/counter/max_reg[10],
ADRAM_CTRL/counter/max_reg[1], ADRAM_CTRL/counter/max_reg[2],
ADRAM_CTRL/counter/max_reg[3], ADRAM_CTRL/counter/max_reg[4],
ADRAM_CTRL/counter/max_reg[5], ADRAM_CTRL/counter/max_reg[6],
ADRAM_CTRL/counter/max_reg[7], ADRAM_CTRL/counter/max_reg[8],
ADRAM_CTRL/counter/max_reg[9], AD_LATCH/latched_input_reg[0],
AD_LATCH/latched_input_reg[1], AD_LATCH/latched_input_reg[2]
 (the first 15 of 29 listed)
Related violations: <none>

PLHOLDVIO-2#2 Warning
Non-Optimal connections which could lead to hold violations  
A LUT clk_gen/CNT0/s_REG[15]_i_2 is driving clock pin of 20 cells. This could lead to large hold time violations. Involved cells are:
clk_gen/CNT0/s_REG_reg[0], clk_gen/CNT0/s_REG_reg[10],
clk_gen/CNT0/s_REG_reg[11], clk_gen/CNT0/s_REG_reg[12],
clk_gen/CNT0/s_REG_reg[13], clk_gen/CNT0/s_REG_reg[14],
clk_gen/CNT0/s_REG_reg[15], clk_gen/CNT0/s_REG_reg[1],
clk_gen/CNT0/s_REG_reg[2], clk_gen/CNT0/s_REG_reg[3],
clk_gen/CNT0/s_REG_reg[4], clk_gen/CNT0/s_REG_reg[5],
clk_gen/CNT0/s_REG_reg[6], clk_gen/CNT0/s_REG_reg[7],
clk_gen/CNT0/s_REG_reg[8] (the first 15 of 20 listed)
Related violations: <none>


