INFO: [VRFC 10-163] Analyzing VHDL file "/home/mshrimp/gitclones/EEE3163/Verilog/EEE3163/EEE3163.ip_user_files/ip/cordic_0/sim/cordic_0.vhd" into library xil_defaultlib
INFO: [VRFC 10-3107] analyzing entity 'cordic_0'
INFO: [VRFC 10-163] Analyzing VHDL file "/home/mshrimp/gitclones/EEE3163/Verilog/EEE3163/EEE3163.ip_user_files/ip/mult_gen_0/sim/mult_gen_0.vhd" into library xil_defaultlib
INFO: [VRFC 10-3107] analyzing entity 'mult_gen_0'
INFO: [VRFC 10-163] Analyzing VHDL file "/home/mshrimp/gitclones/EEE3163/Verilog/EEE3163/EEE3163.ip_user_files/ip/xfft_0/sim/xfft_0.vhd" into library xil_defaultlib
INFO: [VRFC 10-3107] analyzing entity 'xfft_0'
INFO: [VRFC 10-163] Analyzing VHDL file "/home/mshrimp/gitclones/EEE3163/Verilog/EEE3163/EEE3163.ip_user_files/ip/RAM/RAM_sim_netlist.vhdl" into library xil_defaultlib
INFO: [VRFC 10-3107] analyzing entity 'RAM_blk_mem_gen_prim_wrapper'
INFO: [VRFC 10-3107] analyzing entity 'RAM_blk_mem_gen_prim_width'
INFO: [VRFC 10-3107] analyzing entity 'RAM_blk_mem_gen_generic_cstr'
INFO: [VRFC 10-3107] analyzing entity 'RAM_blk_mem_gen_top'
INFO: [VRFC 10-3107] analyzing entity 'RAM_blk_mem_gen_v8_4_5_synth'
INFO: [VRFC 10-3107] analyzing entity 'RAM_blk_mem_gen_v8_4_5'
INFO: [VRFC 10-3107] analyzing entity 'RAM'
INFO: [VRFC 10-163] Analyzing VHDL file "/home/mshrimp/gitclones/EEE3163/Verilog/EEE3163/EEE3163.srcs/sources_1/imports/src/Option_mode.vhd" into library xil_defaultlib
INFO: [VRFC 10-3107] analyzing entity 'Option_mode'
WARNING: [VRFC 10-3093] actual for formal port 's_axis_config_tvalid' is neither a static name nor a globally static expression [/home/mshrimp/gitclones/EEE3163/Verilog/EEE3163/EEE3163.srcs/sources_1/imports/src/Option_mode.vhd:79]
WARNING: [VRFC 10-3093] actual for formal port 's_axis_data_tdata' is neither a static name nor a globally static expression [/home/mshrimp/gitclones/EEE3163/Verilog/EEE3163/EEE3163.srcs/sources_1/imports/src/Option_mode.vhd:81]
INFO: [VRFC 10-163] Analyzing VHDL file "/home/mshrimp/gitclones/EEE3163/Verilog/EEE3163/EEE3163.srcs/sources_1/new/address_decoder.vhd" into library xil_defaultlib
INFO: [VRFC 10-3107] analyzing entity 'address_decoder'
INFO: [VRFC 10-163] Analyzing VHDL file "/home/mshrimp/gitclones/EEE3163/Verilog/EEE3163/EEE3163.srcs/sources_1/new/signal_controller.vhd" into library xil_defaultlib
INFO: [VRFC 10-3107] analyzing entity 'signal_controller'
INFO: [VRFC 10-163] Analyzing VHDL file "/home/mshrimp/gitclones/EEE3163/Verilog/EEE3163/EEE3163.srcs/sources_1/imports/src/pcfg_top.vhd" into library xil_defaultlib
INFO: [VRFC 10-3107] analyzing entity 'PCFG_TOP'
WARNING: [VRFC 10-3093] actual for formal port 'm_reset' is neither a static name nor a globally static expression [/home/mshrimp/gitclones/EEE3163/Verilog/EEE3163/EEE3163.srcs/sources_1/imports/src/pcfg_top.vhd:208]
WARNING: [VRFC 10-3093] actual for formal port 'm_cs_b' is neither a static name nor a globally static expression [/home/mshrimp/gitclones/EEE3163/Verilog/EEE3163/EEE3163.srcs/sources_1/imports/src/pcfg_top.vhd:214]
WARNING: [VRFC 10-3093] actual for formal port 'm_wr_b' is neither a static name nor a globally static expression [/home/mshrimp/gitclones/EEE3163/Verilog/EEE3163/EEE3163.srcs/sources_1/imports/src/pcfg_top.vhd:215]
WARNING: [VRFC 10-3093] actual for formal port 'input' is neither a static name nor a globally static expression [/home/mshrimp/gitclones/EEE3163/Verilog/EEE3163/EEE3163.srcs/sources_1/imports/src/pcfg_top.vhd:232]
WARNING: [VRFC 10-3093] actual for formal port 'reset' is neither a static name nor a globally static expression [/home/mshrimp/gitclones/EEE3163/Verilog/EEE3163/EEE3163.srcs/sources_1/imports/src/pcfg_top.vhd:314]
WARNING: [VRFC 10-3093] actual for formal port 'm_reset' is neither a static name nor a globally static expression [/home/mshrimp/gitclones/EEE3163/Verilog/EEE3163/EEE3163.srcs/sources_1/imports/src/pcfg_top.vhd:446]
WARNING: [VRFC 10-3093] actual for formal port 'm_xin_valid' is neither a static name nor a globally static expression [/home/mshrimp/gitclones/EEE3163/Verilog/EEE3163/EEE3163.srcs/sources_1/imports/src/pcfg_top.vhd:450]
