
*** Running vivado
    with args -log mult_gen_0.vds -m64 -product Vivado -mode batch -messageDb vivado.pb -notrace -source mult_gen_0.tcl


****** Vivado v2018.2 (64-bit)
  **** SW Build 2258646 on Thu Jun 14 20:03:12 MDT 2018
  **** IP Build 2256618 on Thu Jun 14 22:10:49 MDT 2018
    ** Copyright 1986-2018 Xilinx, Inc. All Rights Reserved.

source mult_gen_0.tcl -notrace
Command: synth_design -top mult_gen_0 -part xc7s75fgga676-2 -mode out_of_context
Starting synth_design
Attempting to get a license for feature 'Synthesis' and/or device 'xc7s75'
INFO: [Common 17-349] Got license for feature 'Synthesis' and/or device 'xc7s75'
INFO: Launching helper process for spawning children vivado processes
INFO: Helper process launched with PID 1300 
---------------------------------------------------------------------------------
Starting RTL Elaboration : Time (s): cpu = 00:00:04 ; elapsed = 00:00:05 . Memory (MB): peak = 382.484 ; gain = 100.129
---------------------------------------------------------------------------------
INFO: [Synth 8-638] synthesizing module 'mult_gen_0' [d:/vivado_homework/project_8/project_8.srcs/sources_1/ip/mult_gen_0/synth/mult_gen_0.vhd:69]
WARNING: [Synth 8-5640] Port 'zero_detect' is missing in component declaration [d:/vivado_homework/project_8/project_8.srcs/sources_1/ip/mult_gen_0/synth/mult_gen_0.vhd:72]
WARNING: [Synth 8-5640] Port 'pcasc' is missing in component declaration [d:/vivado_homework/project_8/project_8.srcs/sources_1/ip/mult_gen_0/synth/mult_gen_0.vhd:72]
	Parameter C_VERBOSITY bound to: 0 - type: integer 
	Parameter C_MODEL_TYPE bound to: 0 - type: integer 
	Parameter C_OPTIMIZE_GOAL bound to: 1 - type: integer 
	Parameter C_XDEVICEFAMILY bound to: spartan7 - type: string 
	Parameter C_HAS_CE bound to: 1 - type: integer 
	Parameter C_HAS_SCLR bound to: 0 - type: integer 
	Parameter C_LATENCY bound to: 1 - type: integer 
	Parameter C_A_WIDTH bound to: 18 - type: integer 
	Parameter C_A_TYPE bound to: 0 - type: integer 
	Parameter C_B_WIDTH bound to: 18 - type: integer 
	Parameter C_B_TYPE bound to: 0 - type: integer 
	Parameter C_OUT_HIGH bound to: 35 - type: integer 
	Parameter C_OUT_LOW bound to: 0 - type: integer 
	Parameter C_MULT_TYPE bound to: 1 - type: integer 
	Parameter C_CE_OVERRIDES_SCLR bound to: 0 - type: integer 
	Parameter C_CCM_IMP bound to: 0 - type: integer 
	Parameter C_B_VALUE bound to: 10000001 - type: string 
	Parameter C_HAS_ZERO_DETECT bound to: 0 - type: integer 
	Parameter C_ROUND_OUTPUT bound to: 0 - type: integer 
	Parameter C_ROUND_PT bound to: 0 - type: integer 
INFO: [Synth 8-3491] module 'mult_gen_v12_0_14' declared at 'd:/vivado_homework/project_8/project_8.srcs/sources_1/ip/mult_gen_0/hdl/mult_gen_v12_0_vh_rfs.vhd:21013' bound to instance 'U0' of component 'mult_gen_v12_0_14' [d:/vivado_homework/project_8/project_8.srcs/sources_1/ip/mult_gen_0/synth/mult_gen_0.vhd:123]
WARNING: [Synth 8-5974] attribute "use_dsp48" has been deprecated, please use "use_dsp" instead 
INFO: [Synth 8-256] done synthesizing module 'mult_gen_0' (6#1) [d:/vivado_homework/project_8/project_8.srcs/sources_1/ip/mult_gen_0/synth/mult_gen_0.vhd:69]
WARNING: [Synth 8-3331] design delay_line has unconnected port CLK
WARNING: [Synth 8-3331] design delay_line has unconnected port CE
WARNING: [Synth 8-3331] design delay_line has unconnected port SCLR
WARNING: [Synth 8-3331] design dsp has unconnected port C_PORT[47]
WARNING: [Synth 8-3331] design dsp has unconnected port C_PORT[46]
WARNING: [Synth 8-3331] design dsp has unconnected port C_PORT[45]
WARNING: [Synth 8-3331] design dsp has unconnected port C_PORT[44]
WARNING: [Synth 8-3331] design dsp has unconnected port C_PORT[43]
WARNING: [Synth 8-3331] design dsp has unconnected port C_PORT[42]
WARNING: [Synth 8-3331] design dsp has unconnected port C_PORT[41]
WARNING: [Synth 8-3331] design dsp has unconnected port C_PORT[40]
WARNING: [Synth 8-3331] design dsp has unconnected port C_PORT[39]
WARNING: [Synth 8-3331] design dsp has unconnected port C_PORT[38]
WARNING: [Synth 8-3331] design dsp has unconnected port C_PORT[37]
WARNING: [Synth 8-3331] design dsp has unconnected port C_PORT[36]
WARNING: [Synth 8-3331] design dsp has unconnected port C_PORT[35]
WARNING: [Synth 8-3331] design dsp has unconnected port C_PORT[34]
WARNING: [Synth 8-3331] design dsp has unconnected port C_PORT[33]
WARNING: [Synth 8-3331] design dsp has unconnected port C_PORT[32]
WARNING: [Synth 8-3331] design dsp has unconnected port C_PORT[31]
WARNING: [Synth 8-3331] design dsp has unconnected port C_PORT[30]
WARNING: [Synth 8-3331] design dsp has unconnected port C_PORT[29]
WARNING: [Synth 8-3331] design dsp has unconnected port C_PORT[28]
WARNING: [Synth 8-3331] design dsp has unconnected port C_PORT[27]
WARNING: [Synth 8-3331] design dsp has unconnected port C_PORT[26]
WARNING: [Synth 8-3331] design dsp has unconnected port C_PORT[25]
WARNING: [Synth 8-3331] design dsp has unconnected port C_PORT[24]
WARNING: [Synth 8-3331] design dsp has unconnected port C_PORT[23]
WARNING: [Synth 8-3331] design dsp has unconnected port C_PORT[22]
WARNING: [Synth 8-3331] design dsp has unconnected port C_PORT[21]
WARNING: [Synth 8-3331] design dsp has unconnected port C_PORT[20]
WARNING: [Synth 8-3331] design dsp has unconnected port C_PORT[19]
WARNING: [Synth 8-3331] design dsp has unconnected port C_PORT[18]
WARNING: [Synth 8-3331] design dsp has unconnected port C_PORT[17]
WARNING: [Synth 8-3331] design dsp has unconnected port C_PORT[16]
WARNING: [Synth 8-3331] design dsp has unconnected port C_PORT[15]
WARNING: [Synth 8-3331] design dsp has unconnected port C_PORT[14]
WARNING: [Synth 8-3331] design dsp has unconnected port C_PORT[13]
WARNING: [Synth 8-3331] design dsp has unconnected port C_PORT[12]
WARNING: [Synth 8-3331] design dsp has unconnected port C_PORT[11]
WARNING: [Synth 8-3331] design dsp has unconnected port C_PORT[10]
WARNING: [Synth 8-3331] design dsp has unconnected port C_PORT[9]
WARNING: [Synth 8-3331] design dsp has unconnected port C_PORT[8]
WARNING: [Synth 8-3331] design dsp has unconnected port C_PORT[7]
WARNING: [Synth 8-3331] design dsp has unconnected port C_PORT[6]
WARNING: [Synth 8-3331] design dsp has unconnected port C_PORT[5]
WARNING: [Synth 8-3331] design dsp has unconnected port C_PORT[4]
WARNING: [Synth 8-3331] design dsp has unconnected port C_PORT[3]
WARNING: [Synth 8-3331] design dsp has unconnected port C_PORT[2]
WARNING: [Synth 8-3331] design dsp has unconnected port C_PORT[1]
WARNING: [Synth 8-3331] design dsp has unconnected port C_PORT[0]
WARNING: [Synth 8-3331] design dsp has unconnected port D_PORT[24]
WARNING: [Synth 8-3331] design dsp has unconnected port D_PORT[23]
WARNING: [Synth 8-3331] design dsp has unconnected port D_PORT[22]
WARNING: [Synth 8-3331] design dsp has unconnected port D_PORT[21]
WARNING: [Synth 8-3331] design dsp has unconnected port D_PORT[20]
WARNING: [Synth 8-3331] design dsp has unconnected port D_PORT[19]
WARNING: [Synth 8-3331] design dsp has unconnected port D_PORT[18]
WARNING: [Synth 8-3331] design dsp has unconnected port D_PORT[17]
WARNING: [Synth 8-3331] design dsp has unconnected port D_PORT[16]
WARNING: [Synth 8-3331] design dsp has unconnected port D_PORT[15]
WARNING: [Synth 8-3331] design dsp has unconnected port D_PORT[14]
WARNING: [Synth 8-3331] design dsp has unconnected port D_PORT[13]
WARNING: [Synth 8-3331] design dsp has unconnected port D_PORT[12]
WARNING: [Synth 8-3331] design dsp has unconnected port D_PORT[11]
WARNING: [Synth 8-3331] design dsp has unconnected port D_PORT[10]
WARNING: [Synth 8-3331] design dsp has unconnected port D_PORT[9]
WARNING: [Synth 8-3331] design dsp has unconnected port D_PORT[8]
WARNING: [Synth 8-3331] design dsp has unconnected port D_PORT[7]
WARNING: [Synth 8-3331] design dsp has unconnected port D_PORT[6]
WARNING: [Synth 8-3331] design dsp has unconnected port D_PORT[5]
WARNING: [Synth 8-3331] design dsp has unconnected port D_PORT[4]
WARNING: [Synth 8-3331] design dsp has unconnected port D_PORT[3]
WARNING: [Synth 8-3331] design dsp has unconnected port D_PORT[2]
WARNING: [Synth 8-3331] design dsp has unconnected port D_PORT[1]
WARNING: [Synth 8-3331] design dsp has unconnected port D_PORT[0]
WARNING: [Synth 8-3331] design dsp has unconnected port SUBTRACT
WARNING: [Synth 8-3331] design dsp has unconnected port CARRY_IN
WARNING: [Synth 8-3331] design dsp has unconnected port PCASC_IN[47]
WARNING: [Synth 8-3331] design dsp has unconnected port PCASC_IN[46]
WARNING: [Synth 8-3331] design dsp has unconnected port PCASC_IN[45]
WARNING: [Synth 8-3331] design dsp has unconnected port PCASC_IN[44]
WARNING: [Synth 8-3331] design dsp has unconnected port PCASC_IN[43]
WARNING: [Synth 8-3331] design dsp has unconnected port PCASC_IN[42]
WARNING: [Synth 8-3331] design dsp has unconnected port PCASC_IN[41]
WARNING: [Synth 8-3331] design dsp has unconnected port PCASC_IN[40]
WARNING: [Synth 8-3331] design dsp has unconnected port PCASC_IN[39]
WARNING: [Synth 8-3331] design dsp has unconnected port PCASC_IN[38]
WARNING: [Synth 8-3331] design dsp has unconnected port PCASC_IN[37]
WARNING: [Synth 8-3331] design dsp has unconnected port PCASC_IN[36]
WARNING: [Synth 8-3331] design dsp has unconnected port PCASC_IN[35]
WARNING: [Synth 8-3331] design dsp has unconnected port PCASC_IN[34]
WARNING: [Synth 8-3331] design dsp has unconnected port PCASC_IN[33]
WARNING: [Synth 8-3331] design dsp has unconnected port PCASC_IN[32]
WARNING: [Synth 8-3331] design dsp has unconnected port PCASC_IN[31]
WARNING: [Synth 8-3331] design dsp has unconnected port PCASC_IN[30]
WARNING: [Synth 8-3331] design dsp has unconnected port PCASC_IN[29]
WARNING: [Synth 8-3331] design dsp has unconnected port PCASC_IN[28]
WARNING: [Synth 8-3331] design dsp has unconnected port PCASC_IN[27]
WARNING: [Synth 8-3331] design dsp has unconnected port PCASC_IN[26]
INFO: [Common 17-14] Message 'Synth 8-3331' appears 100 times and further instances of the messages will be disabled. Use the Tcl command set_msg_config to change the current settings.
---------------------------------------------------------------------------------
Finished RTL Elaboration : Time (s): cpu = 00:00:07 ; elapsed = 00:00:08 . Memory (MB): peak = 460.215 ; gain = 177.859
---------------------------------------------------------------------------------

Report Check Netlist: 
+------+------------------+-------+---------+-------+------------------+
|      |Item              |Errors |Warnings |Status |Description       |
+------+------------------+-------+---------+-------+------------------+
|1     |multi_driven_nets |      0|        0|Passed |Multi driven nets |
+------+------------------+-------+---------+-------+------------------+
---------------------------------------------------------------------------------
Start Handling Custom Attributes
---------------------------------------------------------------------------------
---------------------------------------------------------------------------------
Finished Handling Custom Attributes : Time (s): cpu = 00:00:07 ; elapsed = 00:00:08 . Memory (MB): peak = 460.215 ; gain = 177.859
---------------------------------------------------------------------------------
---------------------------------------------------------------------------------
Finished RTL Optimization Phase 1 : Time (s): cpu = 00:00:07 ; elapsed = 00:00:08 . Memory (MB): peak = 460.215 ; gain = 177.859
---------------------------------------------------------------------------------
INFO: [Device 21-403] Loading part xc7s75fgga676-2
INFO: [Project 1-570] Preparing netlist for logic optimization

Processing XDC Constraints
Initializing timing engine
Parsing XDC File [d:/vivado_homework/project_8/project_8.srcs/sources_1/ip/mult_gen_0/mult_gen_0_ooc.xdc] for cell 'U0'
Finished Parsing XDC File [d:/vivado_homework/project_8/project_8.srcs/sources_1/ip/mult_gen_0/mult_gen_0_ooc.xdc] for cell 'U0'
Parsing XDC File [D:/vivado_homework/project_8/project_8.runs/mult_gen_0_synth_1/dont_touch.xdc]
Finished Parsing XDC File [D:/vivado_homework/project_8/project_8.runs/mult_gen_0_synth_1/dont_touch.xdc]
Completed Processing XDC Constraints

INFO: [Project 1-111] Unisim Transformation Summary:
No Unisim elements were transformed.

Constraint Validation Runtime : Time (s): cpu = 00:00:00 ; elapsed = 00:00:00.016 . Memory (MB): peak = 746.281 ; gain = 1.562
---------------------------------------------------------------------------------
Finished Constraint Validation : Time (s): cpu = 00:00:15 ; elapsed = 00:00:18 . Memory (MB): peak = 746.281 ; gain = 463.926
---------------------------------------------------------------------------------
---------------------------------------------------------------------------------
Start Loading Part and Timing Information
---------------------------------------------------------------------------------
Loading part: xc7s75fgga676-2
---------------------------------------------------------------------------------
Finished Loading Part and Timing Information : Time (s): cpu = 00:00:15 ; elapsed = 00:00:18 . Memory (MB): peak = 746.281 ; gain = 463.926
---------------------------------------------------------------------------------
---------------------------------------------------------------------------------
Start Applying 'set_property' XDC Constraints
---------------------------------------------------------------------------------
Applied set_property DONT_TOUCH = true for U0. (constraint file  D:/vivado_homework/project_8/project_8.runs/mult_gen_0_synth_1/dont_touch.xdc, line 9).
---------------------------------------------------------------------------------
Finished applying 'set_property' XDC Constraints : Time (s): cpu = 00:00:15 ; elapsed = 00:00:18 . Memory (MB): peak = 746.281 ; gain = 463.926
---------------------------------------------------------------------------------
---------------------------------------------------------------------------------
Finished RTL Optimization Phase 2 : Time (s): cpu = 00:00:15 ; elapsed = 00:00:18 . Memory (MB): peak = 746.281 ; gain = 463.926
---------------------------------------------------------------------------------

Report RTL Partitions: 
+-+--------------+------------+----------+
| |RTL Partition |Replication |Instances |
+-+--------------+------------+----------+
+-+--------------+------------+----------+
---------------------------------------------------------------------------------
Start RTL Component Statistics 
---------------------------------------------------------------------------------
---------------------------------------------------------------------------------
Finished RTL Component Statistics 
---------------------------------------------------------------------------------
---------------------------------------------------------------------------------
Start RTL Hierarchical Component Statistics 
---------------------------------------------------------------------------------
---------------------------------------------------------------------------------
Finished RTL Hierarchical Component Statistics
---------------------------------------------------------------------------------
---------------------------------------------------------------------------------
Start Part Resource Summary
---------------------------------------------------------------------------------
Part Resources:
DSPs: 140 (col length:80)
BRAMs: 180 (col length: RAMB18 80 RAMB36 40)
---------------------------------------------------------------------------------
Finished Part Resource Summary
---------------------------------------------------------------------------------
---------------------------------------------------------------------------------
Start Cross Boundary and Area Optimization
---------------------------------------------------------------------------------
Warning: Parallel synthesis criteria is not met 
---------------------------------------------------------------------------------
Finished Cross Boundary and Area Optimization : Time (s): cpu = 00:00:16 ; elapsed = 00:00:19 . Memory (MB): peak = 746.281 ; gain = 463.926
---------------------------------------------------------------------------------

Report RTL Partitions: 
+-+--------------+------------+----------+
| |RTL Partition |Replication |Instances |
+-+--------------+------------+----------+
+-+--------------+------------+----------+
---------------------------------------------------------------------------------
Start Applying XDC Timing Constraints
---------------------------------------------------------------------------------
---------------------------------------------------------------------------------
Finished Applying XDC Timing Constraints : Time (s): cpu = 00:00:29 ; elapsed = 00:00:33 . Memory (MB): peak = 803.738 ; gain = 521.383
---------------------------------------------------------------------------------
---------------------------------------------------------------------------------
Start Timing Optimization
---------------------------------------------------------------------------------
---------------------------------------------------------------------------------
Finished Timing Optimization : Time (s): cpu = 00:00:29 ; elapsed = 00:00:33 . Memory (MB): peak = 804.105 ; gain = 521.750
---------------------------------------------------------------------------------

Report RTL Partitions: 
+-+--------------+------------+----------+
| |RTL Partition |Replication |Instances |
+-+--------------+------------+----------+
+-+--------------+------------+----------+
---------------------------------------------------------------------------------
Start Technology Mapping
---------------------------------------------------------------------------------
---------------------------------------------------------------------------------
Finished Technology Mapping : Time (s): cpu = 00:00:29 ; elapsed = 00:00:33 . Memory (MB): peak = 808.129 ; gain = 525.773
---------------------------------------------------------------------------------

Report RTL Partitions: 
+-+--------------+------------+----------+
| |RTL Partition |Replication |Instances |
+-+--------------+------------+----------+
+-+--------------+------------+----------+
---------------------------------------------------------------------------------
Start IO Insertion
---------------------------------------------------------------------------------
---------------------------------------------------------------------------------
Start Flattening Before IO Insertion
---------------------------------------------------------------------------------
---------------------------------------------------------------------------------
Finished Flattening Before IO Insertion
---------------------------------------------------------------------------------
---------------------------------------------------------------------------------
Start Final Netlist Cleanup
---------------------------------------------------------------------------------
---------------------------------------------------------------------------------
Finished Final Netlist Cleanup
---------------------------------------------------------------------------------
---------------------------------------------------------------------------------
Finished IO Insertion : Time (s): cpu = 00:00:30 ; elapsed = 00:00:34 . Memory (MB): peak = 809.734 ; gain = 527.379
---------------------------------------------------------------------------------

Report Check Netlist: 
+------+------------------+-------+---------+-------+------------------+
|      |Item              |Errors |Warnings |Status |Description       |
+------+------------------+-------+---------+-------+------------------+
|1     |multi_driven_nets |      0|        0|Passed |Multi driven nets |
+------+------------------+-------+---------+-------+------------------+
---------------------------------------------------------------------------------
Start Renaming Generated Instances
---------------------------------------------------------------------------------
---------------------------------------------------------------------------------
Finished Renaming Generated Instances : Time (s): cpu = 00:00:30 ; elapsed = 00:00:34 . Memory (MB): peak = 809.734 ; gain = 527.379
---------------------------------------------------------------------------------

Report RTL Partitions: 
+-+--------------+------------+----------+
| |RTL Partition |Replication |Instances |
+-+--------------+------------+----------+
+-+--------------+------------+----------+
---------------------------------------------------------------------------------
Start Rebuilding User Hierarchy
---------------------------------------------------------------------------------
---------------------------------------------------------------------------------
Finished Rebuilding User Hierarchy : Time (s): cpu = 00:00:30 ; elapsed = 00:00:34 . Memory (MB): peak = 809.734 ; gain = 527.379
---------------------------------------------------------------------------------
---------------------------------------------------------------------------------
Start Renaming Generated Ports
---------------------------------------------------------------------------------
---------------------------------------------------------------------------------
Finished Renaming Generated Ports : Time (s): cpu = 00:00:30 ; elapsed = 00:00:34 . Memory (MB): peak = 809.734 ; gain = 527.379
---------------------------------------------------------------------------------
---------------------------------------------------------------------------------
Start Handling Custom Attributes
---------------------------------------------------------------------------------
---------------------------------------------------------------------------------
Finished Handling Custom Attributes : Time (s): cpu = 00:00:30 ; elapsed = 00:00:34 . Memory (MB): peak = 809.734 ; gain = 527.379
---------------------------------------------------------------------------------
---------------------------------------------------------------------------------
Start Renaming Generated Nets
---------------------------------------------------------------------------------
---------------------------------------------------------------------------------
Finished Renaming Generated Nets : Time (s): cpu = 00:00:30 ; elapsed = 00:00:34 . Memory (MB): peak = 809.734 ; gain = 527.379
---------------------------------------------------------------------------------
---------------------------------------------------------------------------------
Start Writing Synthesis Report
---------------------------------------------------------------------------------

Report BlackBoxes: 
+-+--------------+----------+
| |BlackBox name |Instances |
+-+--------------+----------+
+-+--------------+----------+

Report Cell Usage: 
+------+----------+------+
|      |Cell      |Count |
+------+----------+------+
|1     |DSP48E1_1 |     1|
+------+----------+------+
---------------------------------------------------------------------------------
Finished Writing Synthesis Report : Time (s): cpu = 00:00:30 ; elapsed = 00:00:34 . Memory (MB): peak = 809.734 ; gain = 527.379
---------------------------------------------------------------------------------
Synthesis finished with 0 errors, 0 critical warnings and 1 warnings.
Synthesis Optimization Runtime : Time (s): cpu = 00:00:17 ; elapsed = 00:00:27 . Memory (MB): peak = 809.766 ; gain = 241.344
Synthesis Optimization Complete : Time (s): cpu = 00:00:30 ; elapsed = 00:00:34 . Memory (MB): peak = 809.766 ; gain = 527.410
INFO: [Project 1-571] Translating synthesized netlist
INFO: [Netlist 29-17] Analyzing 1 Unisim elements for replacement
INFO: [Netlist 29-28] Unisim Transformation completed in 0 CPU seconds
INFO: [Project 1-570] Preparing netlist for logic optimization
INFO: [Opt 31-138] Pushed 0 inverter(s) to 0 load pin(s).
INFO: [Project 1-111] Unisim Transformation Summary:
No Unisim elements were transformed.

INFO: [Common 17-83] Releasing license: Synthesis
15 Infos, 103 Warnings, 0 Critical Warnings and 0 Errors encountered.
synth_design completed successfully
synth_design: Time (s): cpu = 00:00:32 ; elapsed = 00:00:36 . Memory (MB): peak = 809.766 ; gain = 537.293
WARNING: [Constraints 18-5210] No constraint will be written out.
INFO: [Common 17-1381] The checkpoint 'D:/vivado_homework/project_8/project_8.runs/mult_gen_0_synth_1/mult_gen_0.dcp' has been generated.
INFO: [Coretcl 2-1482] Added synthesis output to IP cache for IP d:/vivado_homework/project_8/project_8.srcs/sources_1/ip/mult_gen_0/mult_gen_0.xci
INFO: [Coretcl 2-1174] Renamed 3 cell refs.
WARNING: [Constraints 18-5210] No constraint will be written out.
INFO: [Common 17-1381] The checkpoint 'D:/vivado_homework/project_8/project_8.runs/mult_gen_0_synth_1/mult_gen_0.dcp' has been generated.
INFO: [runtcl-4] Executing : report_utilization -file mult_gen_0_utilization_synth.rpt -pb mult_gen_0_utilization_synth.pb
report_utilization: Time (s): cpu = 00:00:00 ; elapsed = 00:00:00.052 . Memory (MB): peak = 809.766 ; gain = 0.000
INFO: [Common 17-206] Exiting Vivado at Fri May 13 22:40:04 2022...

*** Running vivado
    with args -log mult_gen_0.vds -m64 -product Vivado -mode batch -messageDb vivado.pb -notrace -source mult_gen_0.tcl


****** Vivado v2021.2 (64-bit)
  **** SW Build 3367213 on Tue Oct 19 02:47:39 MDT 2021
  **** IP Build 3369179 on Thu Oct 21 08:25:16 MDT 2021
    ** Copyright 1986-2021 Xilinx, Inc. All Rights Reserved.

source mult_gen_0.tcl -notrace
Command: synth_design -top mult_gen_0 -part xc7s75fgga676-1 -mode out_of_context
Starting synth_design
Attempting to get a license for feature 'Synthesis' and/or device 'xc7s75'
INFO: [Common 17-349] Got license for feature 'Synthesis' and/or device 'xc7s75'
INFO: [Device 21-403] Loading part xc7s75fgga676-1
INFO: [Synth 8-7079] Multithreading enabled for synth_design using a maximum of 4 processes.
INFO: [Synth 8-7078] Launching helper process for spawning children vivado processes
INFO: [Synth 8-7075] Helper process launched with PID 121884
---------------------------------------------------------------------------------
Starting RTL Elaboration : Time (s): cpu = 00:00:03 ; elapsed = 00:00:05 . Memory (MB): peak = 2601.754 ; gain = 0.000 ; free physical = 99 ; free virtual = 1498
---------------------------------------------------------------------------------
INFO: [Synth 8-638] synthesizing module 'mult_gen_0' [/home/mshrimp/gitclones/EEE3163/Verilog/EEE3163/EEE3163.srcs/sources_1/ip/mult_gen_0/synth/mult_gen_0.vhd:69]
WARNING: [Synth 8-5640] Port 'zero_detect' is missing in component declaration [/home/mshrimp/gitclones/EEE3163/Verilog/EEE3163/EEE3163.srcs/sources_1/ip/mult_gen_0/synth/mult_gen_0.vhd:72]
WARNING: [Synth 8-5640] Port 'pcasc' is missing in component declaration [/home/mshrimp/gitclones/EEE3163/Verilog/EEE3163/EEE3163.srcs/sources_1/ip/mult_gen_0/synth/mult_gen_0.vhd:72]
	Parameter C_VERBOSITY bound to: 0 - type: integer 
	Parameter C_MODEL_TYPE bound to: 0 - type: integer 
	Parameter C_OPTIMIZE_GOAL bound to: 1 - type: integer 
	Parameter C_XDEVICEFAMILY bound to: spartan7 - type: string 
	Parameter C_HAS_CE bound to: 1 - type: integer 
	Parameter C_HAS_SCLR bound to: 0 - type: integer 
	Parameter C_LATENCY bound to: 1 - type: integer 
	Parameter C_A_WIDTH bound to: 18 - type: integer 
	Parameter C_A_TYPE bound to: 0 - type: integer 
	Parameter C_B_WIDTH bound to: 18 - type: integer 
	Parameter C_B_TYPE bound to: 0 - type: integer 
	Parameter C_OUT_HIGH bound to: 35 - type: integer 
	Parameter C_OUT_LOW bound to: 0 - type: integer 
	Parameter C_MULT_TYPE bound to: 1 - type: integer 
	Parameter C_CE_OVERRIDES_SCLR bound to: 0 - type: integer 
	Parameter C_CCM_IMP bound to: 0 - type: integer 
	Parameter C_B_VALUE bound to: 10000001 - type: string 
	Parameter C_HAS_ZERO_DETECT bound to: 0 - type: integer 
	Parameter C_ROUND_OUTPUT bound to: 0 - type: integer 
	Parameter C_ROUND_PT bound to: 0 - type: integer 
INFO: [Synth 8-3491] module 'mult_gen_v12_0_17' declared at '/home/mshrimp/gitclones/EEE3163/Verilog/EEE3163/EEE3163.srcs/sources_1/ip/mult_gen_0/hdl/mult_gen_v12_0_vh_rfs.vhd:21010' bound to instance 'U0' of component 'mult_gen_v12_0_17' [/home/mshrimp/gitclones/EEE3163/Verilog/EEE3163/EEE3163.srcs/sources_1/ip/mult_gen_0/synth/mult_gen_0.vhd:123]
WARNING: [Synth 8-5974] attribute "use_dsp48" has been deprecated, please use "use_dsp" instead 
INFO: [Synth 8-256] done synthesizing module 'mult_gen_0' (6#1) [/home/mshrimp/gitclones/EEE3163/Verilog/EEE3163/EEE3163.srcs/sources_1/ip/mult_gen_0/synth/mult_gen_0.vhd:69]
WARNING: [Synth 8-7129] Port CLK in module delay_line is either unconnected or has no load
WARNING: [Synth 8-7129] Port CE in module delay_line is either unconnected or has no load
WARNING: [Synth 8-7129] Port SCLR in module delay_line is either unconnected or has no load
WARNING: [Synth 8-7129] Port C_PORT[47] in module dsp is either unconnected or has no load
WARNING: [Synth 8-7129] Port C_PORT[46] in module dsp is either unconnected or has no load
WARNING: [Synth 8-7129] Port C_PORT[45] in module dsp is either unconnected or has no load
WARNING: [Synth 8-7129] Port C_PORT[44] in module dsp is either unconnected or has no load
WARNING: [Synth 8-7129] Port C_PORT[43] in module dsp is either unconnected or has no load
WARNING: [Synth 8-7129] Port C_PORT[42] in module dsp is either unconnected or has no load
WARNING: [Synth 8-7129] Port C_PORT[41] in module dsp is either unconnected or has no load
WARNING: [Synth 8-7129] Port C_PORT[40] in module dsp is either unconnected or has no load
WARNING: [Synth 8-7129] Port C_PORT[39] in module dsp is either unconnected or has no load
WARNING: [Synth 8-7129] Port C_PORT[38] in module dsp is either unconnected or has no load
WARNING: [Synth 8-7129] Port C_PORT[37] in module dsp is either unconnected or has no load
WARNING: [Synth 8-7129] Port C_PORT[36] in module dsp is either unconnected or has no load
WARNING: [Synth 8-7129] Port C_PORT[35] in module dsp is either unconnected or has no load
WARNING: [Synth 8-7129] Port C_PORT[34] in module dsp is either unconnected or has no load
WARNING: [Synth 8-7129] Port C_PORT[33] in module dsp is either unconnected or has no load
WARNING: [Synth 8-7129] Port C_PORT[32] in module dsp is either unconnected or has no load
WARNING: [Synth 8-7129] Port C_PORT[31] in module dsp is either unconnected or has no load
WARNING: [Synth 8-7129] Port C_PORT[30] in module dsp is either unconnected or has no load
WARNING: [Synth 8-7129] Port C_PORT[29] in module dsp is either unconnected or has no load
WARNING: [Synth 8-7129] Port C_PORT[28] in module dsp is either unconnected or has no load
WARNING: [Synth 8-7129] Port C_PORT[27] in module dsp is either unconnected or has no load
WARNING: [Synth 8-7129] Port C_PORT[26] in module dsp is either unconnected or has no load
WARNING: [Synth 8-7129] Port C_PORT[25] in module dsp is either unconnected or has no load
WARNING: [Synth 8-7129] Port C_PORT[24] in module dsp is either unconnected or has no load
WARNING: [Synth 8-7129] Port C_PORT[23] in module dsp is either unconnected or has no load
WARNING: [Synth 8-7129] Port C_PORT[22] in module dsp is either unconnected or has no load
WARNING: [Synth 8-7129] Port C_PORT[21] in module dsp is either unconnected or has no load
WARNING: [Synth 8-7129] Port C_PORT[20] in module dsp is either unconnected or has no load
WARNING: [Synth 8-7129] Port C_PORT[19] in module dsp is either unconnected or has no load
WARNING: [Synth 8-7129] Port C_PORT[18] in module dsp is either unconnected or has no load
WARNING: [Synth 8-7129] Port C_PORT[17] in module dsp is either unconnected or has no load
WARNING: [Synth 8-7129] Port C_PORT[16] in module dsp is either unconnected or has no load
WARNING: [Synth 8-7129] Port C_PORT[15] in module dsp is either unconnected or has no load
WARNING: [Synth 8-7129] Port C_PORT[14] in module dsp is either unconnected or has no load
WARNING: [Synth 8-7129] Port C_PORT[13] in module dsp is either unconnected or has no load
WARNING: [Synth 8-7129] Port C_PORT[12] in module dsp is either unconnected or has no load
WARNING: [Synth 8-7129] Port C_PORT[11] in module dsp is either unconnected or has no load
WARNING: [Synth 8-7129] Port C_PORT[10] in module dsp is either unconnected or has no load
WARNING: [Synth 8-7129] Port C_PORT[9] in module dsp is either unconnected or has no load
WARNING: [Synth 8-7129] Port C_PORT[8] in module dsp is either unconnected or has no load
WARNING: [Synth 8-7129] Port C_PORT[7] in module dsp is either unconnected or has no load
WARNING: [Synth 8-7129] Port C_PORT[6] in module dsp is either unconnected or has no load
WARNING: [Synth 8-7129] Port C_PORT[5] in module dsp is either unconnected or has no load
WARNING: [Synth 8-7129] Port C_PORT[4] in module dsp is either unconnected or has no load
WARNING: [Synth 8-7129] Port C_PORT[3] in module dsp is either unconnected or has no load
WARNING: [Synth 8-7129] Port C_PORT[2] in module dsp is either unconnected or has no load
WARNING: [Synth 8-7129] Port C_PORT[1] in module dsp is either unconnected or has no load
WARNING: [Synth 8-7129] Port C_PORT[0] in module dsp is either unconnected or has no load
WARNING: [Synth 8-7129] Port D_PORT[24] in module dsp is either unconnected or has no load
WARNING: [Synth 8-7129] Port D_PORT[23] in module dsp is either unconnected or has no load
WARNING: [Synth 8-7129] Port D_PORT[22] in module dsp is either unconnected or has no load
WARNING: [Synth 8-7129] Port D_PORT[21] in module dsp is either unconnected or has no load
WARNING: [Synth 8-7129] Port D_PORT[20] in module dsp is either unconnected or has no load
WARNING: [Synth 8-7129] Port D_PORT[19] in module dsp is either unconnected or has no load
WARNING: [Synth 8-7129] Port D_PORT[18] in module dsp is either unconnected or has no load
WARNING: [Synth 8-7129] Port D_PORT[17] in module dsp is either unconnected or has no load
WARNING: [Synth 8-7129] Port D_PORT[16] in module dsp is either unconnected or has no load
WARNING: [Synth 8-7129] Port D_PORT[15] in module dsp is either unconnected or has no load
WARNING: [Synth 8-7129] Port D_PORT[14] in module dsp is either unconnected or has no load
WARNING: [Synth 8-7129] Port D_PORT[13] in module dsp is either unconnected or has no load
WARNING: [Synth 8-7129] Port D_PORT[12] in module dsp is either unconnected or has no load
WARNING: [Synth 8-7129] Port D_PORT[11] in module dsp is either unconnected or has no load
WARNING: [Synth 8-7129] Port D_PORT[10] in module dsp is either unconnected or has no load
WARNING: [Synth 8-7129] Port D_PORT[9] in module dsp is either unconnected or has no load
WARNING: [Synth 8-7129] Port D_PORT[8] in module dsp is either unconnected or has no load
WARNING: [Synth 8-7129] Port D_PORT[7] in module dsp is either unconnected or has no load
WARNING: [Synth 8-7129] Port D_PORT[6] in module dsp is either unconnected or has no load
WARNING: [Synth 8-7129] Port D_PORT[5] in module dsp is either unconnected or has no load
WARNING: [Synth 8-7129] Port D_PORT[4] in module dsp is either unconnected or has no load
WARNING: [Synth 8-7129] Port D_PORT[3] in module dsp is either unconnected or has no load
WARNING: [Synth 8-7129] Port D_PORT[2] in module dsp is either unconnected or has no load
WARNING: [Synth 8-7129] Port D_PORT[1] in module dsp is either unconnected or has no load
WARNING: [Synth 8-7129] Port D_PORT[0] in module dsp is either unconnected or has no load
WARNING: [Synth 8-7129] Port SUBTRACT in module dsp is either unconnected or has no load
WARNING: [Synth 8-7129] Port CARRY_IN in module dsp is either unconnected or has no load
WARNING: [Synth 8-7129] Port PCASC_IN[47] in module dsp is either unconnected or has no load
WARNING: [Synth 8-7129] Port PCASC_IN[46] in module dsp is either unconnected or has no load
WARNING: [Synth 8-7129] Port PCASC_IN[45] in module dsp is either unconnected or has no load
WARNING: [Synth 8-7129] Port PCASC_IN[44] in module dsp is either unconnected or has no load
WARNING: [Synth 8-7129] Port PCASC_IN[43] in module dsp is either unconnected or has no load
WARNING: [Synth 8-7129] Port PCASC_IN[42] in module dsp is either unconnected or has no load
WARNING: [Synth 8-7129] Port PCASC_IN[41] in module dsp is either unconnected or has no load
WARNING: [Synth 8-7129] Port PCASC_IN[40] in module dsp is either unconnected or has no load
WARNING: [Synth 8-7129] Port PCASC_IN[39] in module dsp is either unconnected or has no load
WARNING: [Synth 8-7129] Port PCASC_IN[38] in module dsp is either unconnected or has no load
WARNING: [Synth 8-7129] Port PCASC_IN[37] in module dsp is either unconnected or has no load
WARNING: [Synth 8-7129] Port PCASC_IN[36] in module dsp is either unconnected or has no load
WARNING: [Synth 8-7129] Port PCASC_IN[35] in module dsp is either unconnected or has no load
WARNING: [Synth 8-7129] Port PCASC_IN[34] in module dsp is either unconnected or has no load
WARNING: [Synth 8-7129] Port PCASC_IN[33] in module dsp is either unconnected or has no load
WARNING: [Synth 8-7129] Port PCASC_IN[32] in module dsp is either unconnected or has no load
WARNING: [Synth 8-7129] Port PCASC_IN[31] in module dsp is either unconnected or has no load
WARNING: [Synth 8-7129] Port PCASC_IN[30] in module dsp is either unconnected or has no load
WARNING: [Synth 8-7129] Port PCASC_IN[29] in module dsp is either unconnected or has no load
WARNING: [Synth 8-7129] Port PCASC_IN[28] in module dsp is either unconnected or has no load
WARNING: [Synth 8-7129] Port PCASC_IN[27] in module dsp is either unconnected or has no load
WARNING: [Synth 8-7129] Port PCASC_IN[26] in module dsp is either unconnected or has no load
INFO: [Common 17-14] Message 'Synth 8-7129' appears 100 times and further instances of the messages will be disabled. Use the Tcl command set_msg_config to change the current settings.
---------------------------------------------------------------------------------
Finished RTL Elaboration : Time (s): cpu = 00:00:04 ; elapsed = 00:00:19 . Memory (MB): peak = 2601.754 ; gain = 0.000 ; free physical = 151 ; free virtual = 4549
---------------------------------------------------------------------------------
---------------------------------------------------------------------------------
Start Handling Custom Attributes
---------------------------------------------------------------------------------
---------------------------------------------------------------------------------
Finished Handling Custom Attributes : Time (s): cpu = 00:00:05 ; elapsed = 00:00:20 . Memory (MB): peak = 2601.754 ; gain = 0.000 ; free physical = 129 ; free virtual = 4460
---------------------------------------------------------------------------------
---------------------------------------------------------------------------------
Finished RTL Optimization Phase 1 : Time (s): cpu = 00:00:05 ; elapsed = 00:00:20 . Memory (MB): peak = 2601.754 ; gain = 0.000 ; free physical = 129 ; free virtual = 4460
---------------------------------------------------------------------------------
Netlist sorting complete. Time (s): cpu = 00:00:00 ; elapsed = 00:00:00.01 . Memory (MB): peak = 2601.754 ; gain = 0.000 ; free physical = 120 ; free virtual = 4422
INFO: [Project 1-570] Preparing netlist for logic optimization

Processing XDC Constraints
Initializing timing engine
Parsing XDC File [/home/mshrimp/gitclones/EEE3163/Verilog/EEE3163/EEE3163.srcs/sources_1/ip/mult_gen_0/mult_gen_0_ooc.xdc] for cell 'U0'
Finished Parsing XDC File [/home/mshrimp/gitclones/EEE3163/Verilog/EEE3163/EEE3163.srcs/sources_1/ip/mult_gen_0/mult_gen_0_ooc.xdc] for cell 'U0'
Parsing XDC File [/home/mshrimp/gitclones/EEE3163/Verilog/EEE3163/EEE3163.runs/mult_gen_0_synth_1/dont_touch.xdc]
Finished Parsing XDC File [/home/mshrimp/gitclones/EEE3163/Verilog/EEE3163/EEE3163.runs/mult_gen_0_synth_1/dont_touch.xdc]
Completed Processing XDC Constraints

Netlist sorting complete. Time (s): cpu = 00:00:00 ; elapsed = 00:00:00 . Memory (MB): peak = 2665.637 ; gain = 0.000 ; free physical = 2861 ; free virtual = 6513
INFO: [Project 1-111] Unisim Transformation Summary:
No Unisim elements were transformed.

Constraint Validation Runtime : Time (s): cpu = 00:00:00.01 ; elapsed = 00:00:00.07 . Memory (MB): peak = 2665.637 ; gain = 0.000 ; free physical = 2850 ; free virtual = 6505
---------------------------------------------------------------------------------
Finished Constraint Validation : Time (s): cpu = 00:00:09 ; elapsed = 00:00:25 . Memory (MB): peak = 2665.637 ; gain = 63.883 ; free physical = 2745 ; free virtual = 6408
---------------------------------------------------------------------------------
---------------------------------------------------------------------------------
Start Loading Part and Timing Information
---------------------------------------------------------------------------------
Loading part: xc7s75fgga676-1
---------------------------------------------------------------------------------
Finished Loading Part and Timing Information : Time (s): cpu = 00:00:09 ; elapsed = 00:00:25 . Memory (MB): peak = 2665.637 ; gain = 63.883 ; free physical = 2754 ; free virtual = 6417
---------------------------------------------------------------------------------
---------------------------------------------------------------------------------
Start Applying 'set_property' XDC Constraints
---------------------------------------------------------------------------------
Applied set_property KEEP_HIERARCHY = SOFT for U0. (constraint file  /home/mshrimp/gitclones/EEE3163/Verilog/EEE3163/EEE3163.runs/mult_gen_0_synth_1/dont_touch.xdc, line 9).
---------------------------------------------------------------------------------
Finished applying 'set_property' XDC Constraints : Time (s): cpu = 00:00:09 ; elapsed = 00:00:25 . Memory (MB): peak = 2665.637 ; gain = 63.883 ; free physical = 2773 ; free virtual = 6436
---------------------------------------------------------------------------------
---------------------------------------------------------------------------------
Finished RTL Optimization Phase 2 : Time (s): cpu = 00:00:09 ; elapsed = 00:00:25 . Memory (MB): peak = 2665.637 ; gain = 63.883 ; free physical = 2793 ; free virtual = 6457
---------------------------------------------------------------------------------
---------------------------------------------------------------------------------
Start RTL Component Statistics 
---------------------------------------------------------------------------------
---------------------------------------------------------------------------------
Finished RTL Component Statistics 
---------------------------------------------------------------------------------
---------------------------------------------------------------------------------
Start Part Resource Summary
---------------------------------------------------------------------------------
Part Resources:
DSPs: 140 (col length:80)
BRAMs: 180 (col length: RAMB18 80 RAMB36 40)
---------------------------------------------------------------------------------
Finished Part Resource Summary
---------------------------------------------------------------------------------
---------------------------------------------------------------------------------
Start Cross Boundary and Area Optimization
---------------------------------------------------------------------------------
WARNING: [Synth 8-7080] Parallel synthesis criteria is not met
---------------------------------------------------------------------------------
Finished Cross Boundary and Area Optimization : Time (s): cpu = 00:00:09 ; elapsed = 00:00:26 . Memory (MB): peak = 2665.637 ; gain = 63.883 ; free physical = 2725 ; free virtual = 6401
---------------------------------------------------------------------------------
---------------------------------------------------------------------------------
Start Applying XDC Timing Constraints
---------------------------------------------------------------------------------
---------------------------------------------------------------------------------
Finished Applying XDC Timing Constraints : Time (s): cpu = 00:00:13 ; elapsed = 00:00:31 . Memory (MB): peak = 2665.637 ; gain = 63.883 ; free physical = 2623 ; free virtual = 6468
---------------------------------------------------------------------------------
---------------------------------------------------------------------------------
Start Timing Optimization
---------------------------------------------------------------------------------
---------------------------------------------------------------------------------
Finished Timing Optimization : Time (s): cpu = 00:00:13 ; elapsed = 00:00:31 . Memory (MB): peak = 2665.637 ; gain = 63.883 ; free physical = 2614 ; free virtual = 6459
---------------------------------------------------------------------------------
---------------------------------------------------------------------------------
Start Technology Mapping
---------------------------------------------------------------------------------
---------------------------------------------------------------------------------
Finished Technology Mapping : Time (s): cpu = 00:00:13 ; elapsed = 00:00:31 . Memory (MB): peak = 2665.637 ; gain = 63.883 ; free physical = 2606 ; free virtual = 6452
---------------------------------------------------------------------------------
---------------------------------------------------------------------------------
Start IO Insertion
---------------------------------------------------------------------------------
---------------------------------------------------------------------------------
Start Flattening Before IO Insertion
---------------------------------------------------------------------------------
---------------------------------------------------------------------------------
Finished Flattening Before IO Insertion
---------------------------------------------------------------------------------
---------------------------------------------------------------------------------
Start Final Netlist Cleanup
---------------------------------------------------------------------------------
---------------------------------------------------------------------------------
Finished Final Netlist Cleanup
---------------------------------------------------------------------------------
---------------------------------------------------------------------------------
Finished IO Insertion : Time (s): cpu = 00:00:16 ; elapsed = 00:00:33 . Memory (MB): peak = 2665.637 ; gain = 63.883 ; free physical = 2457 ; free virtual = 6323
---------------------------------------------------------------------------------
---------------------------------------------------------------------------------
Start Renaming Generated Instances
---------------------------------------------------------------------------------
---------------------------------------------------------------------------------
Finished Renaming Generated Instances : Time (s): cpu = 00:00:16 ; elapsed = 00:00:33 . Memory (MB): peak = 2665.637 ; gain = 63.883 ; free physical = 2457 ; free virtual = 6323
---------------------------------------------------------------------------------
---------------------------------------------------------------------------------
Start Rebuilding User Hierarchy
---------------------------------------------------------------------------------
---------------------------------------------------------------------------------
Finished Rebuilding User Hierarchy : Time (s): cpu = 00:00:16 ; elapsed = 00:00:33 . Memory (MB): peak = 2665.637 ; gain = 63.883 ; free physical = 2457 ; free virtual = 6323
---------------------------------------------------------------------------------
---------------------------------------------------------------------------------
Start Renaming Generated Ports
---------------------------------------------------------------------------------
---------------------------------------------------------------------------------
Finished Renaming Generated Ports : Time (s): cpu = 00:00:16 ; elapsed = 00:00:33 . Memory (MB): peak = 2665.637 ; gain = 63.883 ; free physical = 2457 ; free virtual = 6323
---------------------------------------------------------------------------------
---------------------------------------------------------------------------------
Start Handling Custom Attributes
---------------------------------------------------------------------------------
---------------------------------------------------------------------------------
Finished Handling Custom Attributes : Time (s): cpu = 00:00:16 ; elapsed = 00:00:33 . Memory (MB): peak = 2665.637 ; gain = 63.883 ; free physical = 2457 ; free virtual = 6323
---------------------------------------------------------------------------------
---------------------------------------------------------------------------------
Start Renaming Generated Nets
---------------------------------------------------------------------------------
---------------------------------------------------------------------------------
Finished Renaming Generated Nets : Time (s): cpu = 00:00:16 ; elapsed = 00:00:33 . Memory (MB): peak = 2665.637 ; gain = 63.883 ; free physical = 2457 ; free virtual = 6323
---------------------------------------------------------------------------------
---------------------------------------------------------------------------------
Start Writing Synthesis Report
---------------------------------------------------------------------------------

Report BlackBoxes: 
+-+--------------+----------+
| |BlackBox name |Instances |
+-+--------------+----------+
+-+--------------+----------+

Report Cell Usage: 
+------+--------+------+
|      |Cell    |Count |
+------+--------+------+
|1     |DSP48E1 |     1|
+------+--------+------+
---------------------------------------------------------------------------------
Finished Writing Synthesis Report : Time (s): cpu = 00:00:16 ; elapsed = 00:00:33 . Memory (MB): peak = 2665.637 ; gain = 63.883 ; free physical = 2457 ; free virtual = 6323
---------------------------------------------------------------------------------
Synthesis finished with 0 errors, 0 critical warnings and 2 warnings.
Synthesis Optimization Runtime : Time (s): cpu = 00:00:14 ; elapsed = 00:00:31 . Memory (MB): peak = 2665.637 ; gain = 0.000 ; free physical = 2505 ; free virtual = 6383
Synthesis Optimization Complete : Time (s): cpu = 00:00:16 ; elapsed = 00:00:34 . Memory (MB): peak = 2665.637 ; gain = 63.883 ; free physical = 2504 ; free virtual = 6382
INFO: [Project 1-571] Translating synthesized netlist
Netlist sorting complete. Time (s): cpu = 00:00:00 ; elapsed = 00:00:00 . Memory (MB): peak = 2665.637 ; gain = 0.000 ; free physical = 2477 ; free virtual = 6364
INFO: [Netlist 29-17] Analyzing 1 Unisim elements for replacement
INFO: [Netlist 29-28] Unisim Transformation completed in 0 CPU seconds
INFO: [Project 1-570] Preparing netlist for logic optimization
INFO: [Opt 31-138] Pushed 0 inverter(s) to 0 load pin(s).
Netlist sorting complete. Time (s): cpu = 00:00:00 ; elapsed = 00:00:00 . Memory (MB): peak = 2665.637 ; gain = 0.000 ; free physical = 2504 ; free virtual = 6492
INFO: [Project 1-111] Unisim Transformation Summary:
No Unisim elements were transformed.

Synth Design complete, checksum: dd751b53
INFO: [Common 17-83] Releasing license: Synthesis
18 Infos, 104 Warnings, 0 Critical Warnings and 0 Errors encountered.
synth_design completed successfully
synth_design: Time (s): cpu = 00:00:22 ; elapsed = 00:00:36 . Memory (MB): peak = 2665.637 ; gain = 64.031 ; free physical = 2701 ; free virtual = 6695
INFO: [Common 17-1381] The checkpoint '/home/mshrimp/gitclones/EEE3163/Verilog/EEE3163/EEE3163.runs/mult_gen_0_synth_1/mult_gen_0.dcp' has been generated.
INFO: [Coretcl 2-1648] Added synthesis output to IP cache for IP mult_gen_0, cache-ID = a5fb632b751aa7d6
INFO: [Coretcl 2-1174] Renamed 3 cell refs.
INFO: [Common 17-1381] The checkpoint '/home/mshrimp/gitclones/EEE3163/Verilog/EEE3163/EEE3163.runs/mult_gen_0_synth_1/mult_gen_0.dcp' has been generated.
INFO: [runtcl-4] Executing : report_utilization -file mult_gen_0_utilization_synth.rpt -pb mult_gen_0_utilization_synth.pb
INFO: [Common 17-206] Exiting Vivado at Sat May 14 03:25:37 2022...
