Vivado Simulator 2018.2
Copyright 1986-1999, 2001-2018 Xilinx, Inc. All Rights Reserved.
Running: D:/Vivado/Vivado/2018.2/bin/unwrapped/win64.o/xelab.exe -wto bfbfd768946b4f0cb0aa6ad564e786fa --incr --debug typical --relax --mt 2 --maxdelay -L xil_defaultlib -L simprims_ver -L secureip --snapshot tb_pcfg_time_impl -transport_int_delays -pulse_r 0 -pulse_int_r 0 -pulse_e 0 -pulse_int_e 0 xil_defaultlib.tb_pcfg xil_defaultlib.glbl -log elaborate.log 
Using 2 slave threads.
Starting static elaboration
Completed static elaboration
Starting simulation data flow analysis
Completed simulation data flow analysis
INFO: [XSIM 43-3451] SDF backannotation process started with SDF file "tb_pcfg_time_impl.sdf", for root module "tb_pcfg/uut".
INFO: [XSIM 43-3452] SDF backannotation was successful for SDF file "tb_pcfg_time_impl.sdf", for root module "tb_pcfg/uut".
Time Resolution for simulation is 1ps
Compiling package std.standard
Compiling package std.textio
Compiling package ieee.std_logic_1164
Compiling package ieee.std_logic_arith
Compiling package ieee.std_logic_unsigned
Compiling package ieee.numeric_std
Compiling package ieee.std_logic_textio
Compiling package std.env
Compiling package vl.vl_types
Compiling module xil_defaultlib.glbl
Compiling module simprims_ver.RB18_INTERNAL_VLOG(DOA_REG=1,DOB...
Compiling module simprims_ver.RAMB18E1(DOA_REG=1,DOB_REG=1,REA...
Compiling module xil_defaultlib.RAM_blk_mem_gen_prim_wrapper_HD1...
Compiling module xil_defaultlib.RAM_blk_mem_gen_prim_width_HD15
Compiling module xil_defaultlib.RAM_blk_mem_gen_generic_cstr_HD1...
Compiling module xil_defaultlib.RAM_blk_mem_gen_top_HD13
Compiling module xil_defaultlib.RAM_blk_mem_gen_v8_4_1_synth_HD1...
Compiling module xil_defaultlib.RAM_blk_mem_gen_v8_4_1_HD11
Compiling module xil_defaultlib.RAM_HD10
Compiling module xil_defaultlib.RAM_WRAPPER__xdcDup__2
Compiling module simprims_ver.x_lut2_mux4
Compiling module simprims_ver.LUT2
Compiling module simprims_ver.x_lut1_mux2
Compiling module simprims_ver.LUT1
Compiling module simprims_ver.LUT4
Compiling module simprims_ver.LUT6
Compiling module simprims_ver.x_lut3_mux8
Compiling module simprims_ver.LUT3
Compiling module simprims_ver.LUT5
Compiling module simprims_ver.FDRE_default
Compiling module simprims_ver.CARRY4
Compiling module xil_defaultlib.max_counter__2
Compiling module xil_defaultlib.ram_control__2
Compiling module xil_defaultlib.latch__3
Compiling module xil_defaultlib.safe_latch
Compiling module xil_defaultlib.delay__1
Compiling module xil_defaultlib.latch__2
Compiling module xil_defaultlib.RAM_blk_mem_gen_prim_wrapper
Compiling module xil_defaultlib.RAM_blk_mem_gen_prim_width
Compiling module xil_defaultlib.RAM_blk_mem_gen_generic_cstr
Compiling module xil_defaultlib.RAM_blk_mem_gen_top
Compiling module xil_defaultlib.RAM_blk_mem_gen_v8_4_1_synth
Compiling module xil_defaultlib.RAM_blk_mem_gen_v8_4_1
Compiling module xil_defaultlib.RAM
Compiling module xil_defaultlib.RAM_WRAPPER
Compiling module xil_defaultlib.xfft_0_axi_wrapper_input_fifo
Compiling module simprims_ver.FDRE(INIT=1'b1)
Compiling module xil_defaultlib.xfft_0_axi_wrapper_input_fifo__p...
Compiling module xil_defaultlib.xfft_0_axi_wrapper_output_fifo
Compiling module xil_defaultlib.xfft_0_axi_wrapper
Compiling module xil_defaultlib.xfft_0_reg_rs_rtl
Compiling module xil_defaultlib.xfft_0_reg_rs_rtl_44
Compiling module xil_defaultlib.xfft_0_c_addsub_v12_0_12_lut6_le...
Compiling module xil_defaultlib.xfft_0_c_addsub_v12_0_12_fabric_...
Compiling module xil_defaultlib.xfft_0_c_addsub_v12_0_12_legacy_...
Compiling module xil_defaultlib.xfft_0_c_addsub_v12_0_12_viv__pa...
Compiling module xil_defaultlib.xfft_0_equ_rtl__parameterized0
Compiling module xil_defaultlib.xfft_0_cnt_tc_rtl__parameterized...
Compiling module xil_defaultlib.xfft_0_reg_rs_rtl_45
Compiling module xil_defaultlib.xfft_0_c_addsub_v12_0_12_lut6_le...
Compiling module xil_defaultlib.xfft_0_c_addsub_v12_0_12_fabric_...
Compiling module xil_defaultlib.xfft_0_c_addsub_v12_0_12_legacy_...
Compiling module xil_defaultlib.xfft_0_c_addsub_v12_0_12_viv__pa...
Compiling module xil_defaultlib.xfft_0_equ_rtl__parameterized1
Compiling module xil_defaultlib.xfft_0_cnt_tc_rtl__parameterized...
Compiling module xil_defaultlib.xfft_0_c_addsub_v12_0_12_lut6_le...
Compiling module xil_defaultlib.xfft_0_c_addsub_v12_0_12_fabric_...
Compiling module xil_defaultlib.xfft_0_c_addsub_v12_0_12_legacy
Compiling module xil_defaultlib.xfft_0_c_addsub_v12_0_12_viv
Compiling module xil_defaultlib.xfft_0_equ_rtl
Compiling module xil_defaultlib.xfft_0_cnt_tc_rtl
Compiling module xil_defaultlib.xfft_0_c_addsub_v12_0_12_lut6_le...
Compiling module xil_defaultlib.xfft_0_c_addsub_v12_0_12_fabric_...
Compiling module xil_defaultlib.xfft_0_c_addsub_v12_0_12_legacy_...
Compiling module xil_defaultlib.xfft_0_c_addsub_v12_0_12_viv__pa...
Compiling module xil_defaultlib.xfft_0_equ_rtl__parameterized2_4...
Compiling module xil_defaultlib.xfft_0_cnt_tc_rtl__parameterized...
Compiling module xil_defaultlib.xfft_0_c_addsub_v12_0_12_lut6_le...
Compiling module xil_defaultlib.xfft_0_c_addsub_v12_0_12_fabric_...
Compiling module xil_defaultlib.xfft_0_c_addsub_v12_0_12_legacy_...
Compiling module xil_defaultlib.xfft_0_c_addsub_v12_0_12_viv__pa...
Compiling module xil_defaultlib.xfft_0_equ_rtl__parameterized2
Compiling module xil_defaultlib.xfft_0_cnt_tc_rtl__parameterized...
Compiling module xil_defaultlib.xfft_0_flow_control_c
Compiling module simprims_ver.SRL16E_default
Compiling module xil_defaultlib.xfft_0_c_shift_ram_v12_0_12_lega...
Compiling module xil_defaultlib.xfft_0_c_shift_ram_v12_0_12_viv_...
Compiling module xil_defaultlib.xfft_0_shift_ram
Compiling module xil_defaultlib.xfft_0_c_reg_fd_v12_0_5_viv
Compiling module xil_defaultlib.xfft_0_c_shift_ram_v12_0_12_lega...
Compiling module xil_defaultlib.xfft_0_c_shift_ram_v12_0_12_viv_...
Compiling module xil_defaultlib.xfft_0_shift_ram__parameterized1...
Compiling module xil_defaultlib.xfft_0_c_shift_ram_v12_0_12_lega...
Compiling module xil_defaultlib.xfft_0_c_shift_ram_v12_0_12_viv_...
Compiling module xil_defaultlib.xfft_0_shift_ram__parameterized4
Compiling module xil_defaultlib.xfft_0_c_shift_ram_v12_0_12_lega...
Compiling module xil_defaultlib.xfft_0_c_shift_ram_v12_0_12_viv_...
Compiling module xil_defaultlib.xfft_0_shift_ram__parameterized4...
Compiling module xil_defaultlib.xfft_0_shift_ram__parameterized0
Compiling module xil_defaultlib.xfft_0_c_shift_ram_v12_0_12_lega...
Compiling module xil_defaultlib.xfft_0_c_shift_ram_v12_0_12_viv
Compiling module xil_defaultlib.xfft_0_shift_ram_22
Compiling module xil_defaultlib.xfft_0_c_shift_ram_v12_0_12_lega...
Compiling module xil_defaultlib.xfft_0_c_shift_ram_v12_0_12_viv_...
Compiling module xil_defaultlib.xfft_0_shift_ram__parameterized7
Compiling module xil_defaultlib.xfft_0_c_shift_ram_v12_0_12_lega...
Compiling module xil_defaultlib.xfft_0_c_shift_ram_v12_0_12_viv_...
Compiling module xil_defaultlib.xfft_0_shift_ram__parameterized7...
Compiling module xil_defaultlib.xfft_0_shift_ram__parameterized3
Compiling module xil_defaultlib.xfft_0_shift_ram__parameterized6
Compiling module xil_defaultlib.xfft_0_shift_ram__parameterized5
Compiling module xil_defaultlib.xfft_0_c_shift_ram_v12_0_12_lega...
Compiling module xil_defaultlib.xfft_0_c_shift_ram_v12_0_12_viv_...
Compiling module xil_defaultlib.xfft_0_shift_ram__parameterized2
Compiling module xil_defaultlib.xfft_0_shift_ram__parameterized1
Compiling module xil_defaultlib.xfft_0_shift_ram__parameterized1...
Compiling module xil_defaultlib.xfft_0_xor_bit_gate_43
Compiling module simprims_ver.MUXF7
Compiling module simprims_ver.MUXF8
Compiling module xil_defaultlib.xfft_0_mux_bus16
Compiling module xil_defaultlib.xfft_0_r2_in_addr
Compiling module xil_defaultlib.xfft_0_shift_ram__parameterized9
Compiling module xil_defaultlib.xfft_0_xor_bit_gate
Compiling module xil_defaultlib.xfft_0_mux_bus4
Compiling module xil_defaultlib.xfft_0_mux_bus4_28
Compiling module xil_defaultlib.xfft_0_mux_bus4_29
Compiling module xil_defaultlib.xfft_0_mux_bus4_30
Compiling module xil_defaultlib.xfft_0_mux_bus4_31
Compiling module xil_defaultlib.xfft_0_mux_bus4_32
Compiling module xil_defaultlib.xfft_0_mux_bus4_33
Compiling module xil_defaultlib.xfft_0_mux_bus4_34
Compiling module xil_defaultlib.xfft_0_mux_bus4_35
Compiling module xil_defaultlib.xfft_0_mux_bus4_36
Compiling module xil_defaultlib.xfft_0_mux_bus4_37
Compiling module xil_defaultlib.xfft_0_mux_bus4_38
Compiling module xil_defaultlib.xfft_0_mux_bus4_39
Compiling module xil_defaultlib.xfft_0_mux_bus4_40
Compiling module xil_defaultlib.xfft_0_mux_bus4_41
Compiling module xil_defaultlib.xfft_0_mux_bus4_42
Compiling module xil_defaultlib.xfft_0_xor_bit_gate__parameteriz...
Compiling module xil_defaultlib.xfft_0_r2_rw_addr
Compiling module xil_defaultlib.xfft_0_xfft_v9_1_0_mux_bus2
Compiling module xil_defaultlib.xfft_0_xfft_v9_1_0_mux_bus2_25
Compiling module xil_defaultlib.xfft_0_mux_bus16__parameterized0
Compiling module xil_defaultlib.xfft_0_r2_tw_addr
Compiling module simprims_ver.RB18_INTERNAL_VLOG(DOA_REG=1,DOB...
Compiling module simprims_ver.RAMB18E1(DOA_REG=1,DOB_REG=1,INI...
Compiling module xil_defaultlib.xfft_0_twgen_half_sincos
Compiling module xil_defaultlib.xfft_0_twiddle_gen
Compiling module xil_defaultlib.xfft_0_xfft_v9_1_0_mux_bus2_26
Compiling module xil_defaultlib.xfft_0_xfft_v9_1_0_mux_bus2_27
Compiling module xil_defaultlib.xfft_0_r2_control
Compiling module simprims_ver.RB18_INTERNAL_VLOG(DOA_REG=1,DOB...
Compiling module simprims_ver.RAMB18E1(DOA_REG=1,DOB_REG=1,RAM...
Compiling module xil_defaultlib.xfft_0_dpm__1
Compiling module xil_defaultlib.xfft_0_dpm
Compiling module xil_defaultlib.xfft_0_xfft_v9_1_0_mux_bus2__par...
Compiling module xil_defaultlib.xfft_0_xfft_v9_1_0_mux_bus2__par...
Compiling module xil_defaultlib.xfft_0_xfft_v9_1_0_mux_bus2__par...
Compiling module xil_defaultlib.xfft_0_xfft_v9_1_0_mux_bus2__par...
Compiling module xil_defaultlib.xfft_0_shift_ram__parameterized1...
Compiling module xil_defaultlib.xfft_0_xfft_v9_1_0_mux_bus2__par...
Compiling module xil_defaultlib.xfft_0_xfft_v9_1_0_mux_bus2__par...
Compiling module xil_defaultlib.xfft_0_c_reg_fd_v12_0_5_viv__par...
Compiling module xil_defaultlib.xfft_0_c_addsub_v12_0_12_lut6_le...
Compiling module xil_defaultlib.xfft_0_c_addsub_v12_0_12_fabric_...
Compiling module xil_defaultlib.xfft_0_c_addsub_v12_0_12_legacy_...
Compiling module xil_defaultlib.xfft_0_c_addsub_v12_0_12_viv__pa...
Compiling module xil_defaultlib.xfft_0_adder
Compiling module xil_defaultlib.xfft_0_c_reg_fd_v12_0_5_viv__par...
Compiling module xil_defaultlib.xfft_0_c_addsub_v12_0_12_lut6_le...
Compiling module xil_defaultlib.xfft_0_c_addsub_v12_0_12_fabric_...
Compiling module xil_defaultlib.xfft_0_c_addsub_v12_0_12_legacy_...
Compiling module xil_defaultlib.xfft_0_c_addsub_v12_0_12_viv__pa...
Compiling module xil_defaultlib.xfft_0_adder_10
Compiling module xil_defaultlib.xfft_0_c_reg_fd_v12_0_5_viv__par...
Compiling module xil_defaultlib.xfft_0_c_addsub_v12_0_12_lut6_le...
Compiling module xil_defaultlib.xfft_0_c_addsub_v12_0_12_fabric_...
Compiling module xil_defaultlib.xfft_0_c_addsub_v12_0_12_legacy_...
Compiling module xil_defaultlib.xfft_0_c_addsub_v12_0_12_viv__pa...
Compiling module xil_defaultlib.xfft_0_subtracter
Compiling module xil_defaultlib.xfft_0_c_reg_fd_v12_0_5_viv__par...
Compiling module xil_defaultlib.xfft_0_c_addsub_v12_0_12_lut6_le...
Compiling module xil_defaultlib.xfft_0_c_addsub_v12_0_12_fabric_...
Compiling module xil_defaultlib.xfft_0_c_addsub_v12_0_12_legacy_...
Compiling module xil_defaultlib.xfft_0_c_addsub_v12_0_12_viv__pa...
Compiling module xil_defaultlib.xfft_0_subtracter_11
Compiling module xil_defaultlib.xfft_0_butterfly
Compiling module xil_defaultlib.xfft_0_cmpy_v6_0_15_delay_line__...
Compiling module simprims_ver.DSP48E1(ACASCREG=2,ALUMODEREG=0,...
Compiling module xil_defaultlib.xfft_0_mult_gen_v12_0_14_delay_l...
Compiling module xil_defaultlib.xfft_0_mult_gen_v12_0_14_delay_l...
Compiling module xil_defaultlib.xfft_0_dsp
Compiling module xil_defaultlib.xfft_0_cmpy_3_dsp48_mult
Compiling module simprims_ver.DSP48E1(ALUMODEREG=0,BCASCREG=2,...
Compiling module xil_defaultlib.xfft_0_dsp__parameterized0
Compiling module xil_defaultlib.xfft_0_cmpy_3_dsp48_mult__parame...
Compiling module xil_defaultlib.xfft_0_mult_gen_v12_0_14_delay_l...
Compiling module xil_defaultlib.xfft_0_dsp__parameterized1
Compiling module xil_defaultlib.xfft_0_cmpy_3_dsp48_mult__parame...
Compiling module xil_defaultlib.xfft_0_input_negation
Compiling module xil_defaultlib.xfft_0_cmpy_3_dsp48
Compiling module xil_defaultlib.xfft_0_cmpy_v6_0_15_synth
Compiling module xil_defaultlib.xfft_0_cmpy
Compiling module xil_defaultlib.xfft_0_shift_ram__parameterized1...
Compiling module xil_defaultlib.xfft_0_shift_ram__parameterized1...
Compiling module xil_defaultlib.xfft_0_r2_pe
Compiling module xil_defaultlib.xfft_0_mux_bus4__parameterized0
Compiling module xil_defaultlib.xfft_0_mux_bus4__parameterized0_...
Compiling module xil_defaultlib.xfft_0_mux_bus4__parameterized0_...
Compiling module xil_defaultlib.xfft_0_mux_bus4__parameterized0_...
Compiling module xil_defaultlib.xfft_0_r2_datapath
Compiling module xil_defaultlib.xfft_0_xfft_v9_1_0_c
Compiling module xil_defaultlib.xfft_0_xfft_v9_1_0_core
Compiling module xil_defaultlib.xfft_0_xfft_v9_1_0_viv
Compiling module xil_defaultlib.xfft_0_xfft_v9_1_0
Compiling module xil_defaultlib.xfft_0
Compiling module simprims_ver.DSP48E1(ACASCREG=0,ALUMODEREG=0,...
Compiling module xil_defaultlib.mult_gen_0_dsp
Compiling module xil_defaultlib.mult_gen_0_mult_gen_v12_0_14_viv
Compiling module xil_defaultlib.mult_gen_0_mult_gen_v12_0_14
Compiling module xil_defaultlib.mult_gen_0
Compiling module xil_defaultlib.mult_gen_0_dsp_HD21
Compiling module xil_defaultlib.mult_gen_0_mult_gen_v12_0_14_viv...
Compiling module xil_defaultlib.mult_gen_0_mult_gen_v12_0_14_HD1...
Compiling module xil_defaultlib.mult_gen_0_HD18
Compiling module xil_defaultlib.delay__3
Compiling module xil_defaultlib.cordic_0_xbip_pipe_v3_0_5_viv
Compiling module xil_defaultlib.cordic_0_delay__parameterized5_8
Compiling module xil_defaultlib.cordic_0_delay__parameterized7
Compiling module xil_defaultlib.cordic_0_delay__parameterized9
Compiling module xil_defaultlib.cordic_0_c_addsub_v12_0_12_lut6_...
Compiling module xil_defaultlib.cordic_0_c_addsub_v12_0_12_fabri...
Compiling module xil_defaultlib.cordic_0_c_addsub_v12_0_12_legac...
Compiling module xil_defaultlib.cordic_0_c_addsub_v12_0_12_viv__...
Compiling module xil_defaultlib.cordic_0_addsub__parameterized1
Compiling module xil_defaultlib.cordic_0_cordic_sqrt_mod__parame...
Compiling module xil_defaultlib.cordic_0_delay__parameterized5
Compiling module xil_defaultlib.cordic_0_c_addsub_v12_0_12_lut6_...
Compiling module xil_defaultlib.cordic_0_c_addsub_v12_0_12_fabri...
Compiling module xil_defaultlib.cordic_0_c_addsub_v12_0_12_legac...
Compiling module xil_defaultlib.cordic_0_c_addsub_v12_0_12_viv
Compiling module xil_defaultlib.cordic_0_addsub
Compiling module xil_defaultlib.cordic_0_cordic_sqrt_mod
Compiling module xil_defaultlib.cordic_0_delay__parameterized21_...
Compiling module xil_defaultlib.cordic_0_c_addsub_v12_0_12_lut6_...
Compiling module xil_defaultlib.cordic_0_c_addsub_v12_0_12_fabri...
Compiling module xil_defaultlib.cordic_0_c_addsub_v12_0_12_legac...
Compiling module xil_defaultlib.cordic_0_c_addsub_v12_0_12_viv__...
Compiling module xil_defaultlib.cordic_0_addsub__parameterized5
Compiling module xil_defaultlib.cordic_0_cordic_sqrt_mod__parame...
Compiling module xil_defaultlib.cordic_0_delay__parameterized15_...
Compiling module xil_defaultlib.cordic_0_delay__parameterized11
Compiling module xil_defaultlib.cordic_0_delay__parameterized13
Compiling module xil_defaultlib.cordic_0_c_addsub_v12_0_12_lut6_...
Compiling module xil_defaultlib.cordic_0_c_addsub_v12_0_12_fabri...
Compiling module xil_defaultlib.cordic_0_c_addsub_v12_0_12_legac...
Compiling module xil_defaultlib.cordic_0_c_addsub_v12_0_12_viv__...
Compiling module xil_defaultlib.cordic_0_addsub__parameterized3
Compiling module xil_defaultlib.cordic_0_cordic_sqrt_mod__parame...
Compiling module xil_defaultlib.cordic_0_delay__parameterized21
Compiling module xil_defaultlib.cordic_0_delay__parameterized27
Compiling module xil_defaultlib.cordic_0_c_addsub_v12_0_12_lut6_...
Compiling module xil_defaultlib.cordic_0_c_addsub_v12_0_12_fabri...
Compiling module xil_defaultlib.cordic_0_c_addsub_v12_0_12_legac...
Compiling module xil_defaultlib.cordic_0_c_addsub_v12_0_12_viv__...
Compiling module xil_defaultlib.cordic_0_addsub__parameterized9
Compiling module xil_defaultlib.cordic_0_cordic_sqrt_mod__parame...
Compiling module xil_defaultlib.cordic_0_delay__parameterized15
Compiling module xil_defaultlib.cordic_0_c_addsub_v12_0_12_lut6_...
Compiling module xil_defaultlib.cordic_0_c_addsub_v12_0_12_fabri...
Compiling module xil_defaultlib.cordic_0_c_addsub_v12_0_12_legac...
Compiling module xil_defaultlib.cordic_0_c_addsub_v12_0_12_viv__...
Compiling module xil_defaultlib.cordic_0_addsub__parameterized7
Compiling module xil_defaultlib.cordic_0_cordic_sqrt_mod__parame...
Compiling module xil_defaultlib.cordic_0_delay__parameterized35_...
Compiling module xil_defaultlib.cordic_0_delay__parameterized31
Compiling module xil_defaultlib.cordic_0_delay__parameterized33
Compiling module xil_defaultlib.cordic_0_c_addsub_v12_0_12_lut6_...
Compiling module xil_defaultlib.cordic_0_c_addsub_v12_0_12_fabri...
Compiling module xil_defaultlib.cordic_0_c_addsub_v12_0_12_legac...
Compiling module xil_defaultlib.cordic_0_c_addsub_v12_0_12_viv__...
Compiling module xil_defaultlib.cordic_0_addsub__parameterized11
Compiling module xil_defaultlib.cordic_0_cordic_sqrt_mod__parame...
Compiling module xil_defaultlib.cordic_0_delay__parameterized47
Compiling module xil_defaultlib.cordic_0_cordic_sqrt_mod__parame...
Compiling module xil_defaultlib.cordic_0_delay__parameterized35
Compiling module xil_defaultlib.cordic_0_c_addsub_v12_0_12_lut6_...
Compiling module xil_defaultlib.cordic_0_c_addsub_v12_0_12_fabri...
Compiling module xil_defaultlib.cordic_0_c_addsub_v12_0_12_legac...
Compiling module xil_defaultlib.cordic_0_c_addsub_v12_0_12_viv__...
Compiling module xil_defaultlib.cordic_0_addsub__parameterized15
Compiling module xil_defaultlib.cordic_0_cordic_sqrt_mod__parame...
Compiling module xil_defaultlib.cordic_0_delay__parameterized55_...
Compiling module xil_defaultlib.cordic_0_delay__parameterized51
Compiling module xil_defaultlib.cordic_0_delay__parameterized53
Compiling module xil_defaultlib.cordic_0_c_addsub_v12_0_12_lut6_...
Compiling module xil_defaultlib.cordic_0_c_addsub_v12_0_12_fabri...
Compiling module xil_defaultlib.cordic_0_c_addsub_v12_0_12_legac...
Compiling module xil_defaultlib.cordic_0_c_addsub_v12_0_12_viv__...
Compiling module xil_defaultlib.cordic_0_addsub__parameterized19
Compiling module xil_defaultlib.cordic_0_cordic_sqrt_mod__parame...
Compiling module xil_defaultlib.cordic_0_delay__parameterized67
Compiling module xil_defaultlib.cordic_0_cordic_sqrt_mod__parame...
Compiling module xil_defaultlib.cordic_0_delay__parameterized55
Compiling module xil_defaultlib.cordic_0_c_addsub_v12_0_12_lut6_...
Compiling module xil_defaultlib.cordic_0_c_addsub_v12_0_12_fabri...
Compiling module xil_defaultlib.cordic_0_c_addsub_v12_0_12_legac...
Compiling module xil_defaultlib.cordic_0_c_addsub_v12_0_12_viv__...
Compiling module xil_defaultlib.cordic_0_addsub__parameterized23
Compiling module xil_defaultlib.cordic_0_cordic_sqrt_mod__parame...
Compiling module xil_defaultlib.cordic_0_delay__parameterized71
Compiling module xil_defaultlib.cordic_0_delay__parameterized73
Compiling module xil_defaultlib.cordic_0_c_addsub_v12_0_12_lut6_...
Compiling module xil_defaultlib.cordic_0_c_addsub_v12_0_12_fabri...
Compiling module xil_defaultlib.cordic_0_c_addsub_v12_0_12_legac...
Compiling module xil_defaultlib.cordic_0_c_addsub_v12_0_12_viv__...
Compiling module xil_defaultlib.cordic_0_addsub__parameterized27
Compiling module xil_defaultlib.cordic_0_cordic_sqrt_mod__parame...
Compiling module xil_defaultlib.cordic_0_delay__parameterized83
Compiling module xil_defaultlib.cordic_0_delay__parameterized83_...
Compiling module xil_defaultlib.cordic_0_cordic_sqrt_mod__parame...
Compiling module xil_defaultlib.cordic_0_delay_bit__parameterize...
Compiling module xil_defaultlib.cordic_0_cordic_sqrt
Compiling module xil_defaultlib.cordic_0_cordic_v6_0_14_synth
Compiling module xil_defaultlib.cordic_0_cordic_v6_0_14_viv
Compiling module xil_defaultlib.cordic_0_cordic_v6_0_14
Compiling module xil_defaultlib.cordic_0
Compiling module xil_defaultlib.delay
Compiling module xil_defaultlib.latch
Compiling module xil_defaultlib.Option_mode
Compiling module xil_defaultlib.max_counter
Compiling module xil_defaultlib.ram_control
Compiling module xil_defaultlib.delay__2
Compiling module xil_defaultlib.latch__1
Compiling module xil_defaultlib.mux__2
Compiling module xil_defaultlib.mux
Compiling module xil_defaultlib.RAM_blk_mem_gen_prim_wrapper_HD9
Compiling module xil_defaultlib.RAM_blk_mem_gen_prim_width_HD8
Compiling module xil_defaultlib.RAM_blk_mem_gen_generic_cstr_HD7
Compiling module xil_defaultlib.RAM_blk_mem_gen_top_HD6
Compiling module xil_defaultlib.RAM_blk_mem_gen_v8_4_1_synth_HD5
Compiling module xil_defaultlib.RAM_blk_mem_gen_v8_4_1_HD4
Compiling module xil_defaultlib.RAM_HD3
Compiling module xil_defaultlib.RAM_WRAPPER__xdcDup__1
Compiling module xil_defaultlib.max_counter__1
Compiling module xil_defaultlib.ram_control__1
Compiling module xil_defaultlib.mux__1
Compiling module xil_defaultlib.tristatebuffer
Compiling module xil_defaultlib.address_decoder
Compiling module simprims_ver.FDCE(IS_C_INVERTED=1'b1)
Compiling module simprims_ver.FDPE(IS_C_INVERTED=1'b1)
Compiling module simprims_ver.FDRE(IS_C_INVERTED=1'b1)
Compiling module simprims_ver.FDSE(IS_C_INVERTED=1'b1)
Compiling module simprims_ver.FDCE_default
Compiling module simprims_ver.FDPE_default
Compiling module xil_defaultlib.TW_8254_CNT__1
Compiling module simprims_ver.FDSE_default
Compiling module xil_defaultlib.TOP_8254
Compiling module simprims_ver.OBUF
Compiling module simprims_ver.IBUF
Compiling module simprims_ver.OBUFT
Compiling module xil_defaultlib.IOBUF_UNIQ_BASE_
Compiling module xil_defaultlib.IOBUF_HD8
Compiling module xil_defaultlib.IOBUF_HD9
Compiling module xil_defaultlib.IOBUF_HD10
Compiling module xil_defaultlib.IOBUF_HD11
Compiling module xil_defaultlib.IOBUF_HD12
Compiling module xil_defaultlib.IOBUF_HD13
Compiling module xil_defaultlib.IOBUF_HD14
Compiling module simprims_ver.BUFG
Compiling module xil_defaultlib.ad_count_ctrl
Compiling module simprims_ver.FDSE(INIT=1'b0)
Compiling module xil_defaultlib.latch__4
Compiling module xil_defaultlib.signal_controller
Compiling module xil_defaultlib.PCFG_TOP
Compiling architecture behavior of entity xil_defaultlib.tb_pcfg
Built simulation snapshot tb_pcfg_time_impl
