Copyright 1986-2018 Xilinx, Inc. All Rights Reserved.
----------------------------------------------------------------------------------------------------------------------------------------------
| Tool Version     : Vivado v.2018.2 (win64) Build 2258646 Thu Jun 14 20:03:12 MDT 2018
| Date             : Wed May 25 22:50:07 2022
| Host             : DESKTOP-19UI20G running 64-bit major release  (build 9200)
| Command          : report_power -file PCFG_TOP_power_routed.rpt -pb PCFG_TOP_power_summary_routed.pb -rpx PCFG_TOP_power_routed.rpx
| Design           : PCFG_TOP
| Device           : xc7s75fgga676-2
| Design State     : routed
| Grade            : commercial
| Process          : typical
| Characterization : Production
----------------------------------------------------------------------------------------------------------------------------------------------

Power Report

Table of Contents
-----------------
1. Summary
1.1 On-Chip Components
1.2 Power Supply Summary
1.3 Confidence Level
2. Settings
2.1 Environment
2.2 Clock Constraints
3. Detailed Reports
3.1 By Hierarchy

1. Summary
----------

+--------------------------+----------------------------------+
| Total On-Chip Power (W)  | 29.275 (Junction temp exceeded!) |
| Design Power Budget (W)  | Unspecified*                     |
| Power Budget Margin (W)  | NA                               |
| Dynamic (W)              | 28.892                           |
| Device Static (W)        | 0.384                            |
| Effective TJA (C/W)      | 2.4                              |
| Max Ambient (C)          | 13.6                             |
| Junction Temperature (C) | 96.4                             |
| Confidence Level         | Low                              |
| Setting File             | ---                              |
| Simulation Activity File | ---                              |
| Design Nets Matched      | NA                               |
+--------------------------+----------------------------------+
* Specify Design Power Budget using, set_operating_conditions -design_power_budget <value in Watts>


1.1 On-Chip Components
----------------------

+-------------------------+-----------+----------+-----------+-----------------+
| On-Chip                 | Power (W) | Used     | Available | Utilization (%) |
+-------------------------+-----------+----------+-----------+-----------------+
| Slice Logic             |     7.317 |     3001 |       --- |             --- |
|   LUT as Logic          |     5.213 |      875 |     48000 |            1.82 |
|   Register              |     0.783 |     1240 |     96000 |            1.29 |
|   LUT as Shift Register |     0.768 |       88 |     17600 |            0.50 |
|   CARRY4                |     0.541 |      107 |     16000 |            0.67 |
|   BUFG                  |     0.006 |        1 |        32 |            3.13 |
|   F7/F8 Muxes           |     0.005 |       39 |     64000 |            0.06 |
|   Others                |     0.000 |      407 |       --- |             --- |
| Signals                 |    10.121 |     2014 |       --- |             --- |
| Block RAM               |     0.411 |        3 |        90 |            3.33 |
| DSPs                    |     5.843 |        5 |       140 |            3.57 |
| I/O                     |     5.199 |       73 |       400 |           18.25 |
| Static Power            |     0.384 |          |           |                 |
| Total                   |    29.275 |          |           |                 |
+-------------------------+-----------+----------+-----------+-----------------+


1.2 Power Supply Summary
------------------------

+-----------+-------------+-----------+-------------+------------+
| Source    | Voltage (V) | Total (A) | Dynamic (A) | Static (A) |
+-----------+-------------+-----------+-------------+------------+
| Vccint    |       1.000 |    23.983 |      23.762 |      0.220 |
| Vccaux    |       1.800 |     0.236 |       0.181 |      0.055 |
| Vcco33    |       3.300 |     1.454 |       1.450 |      0.004 |
| Vcco25    |       2.500 |     0.000 |       0.000 |      0.000 |
| Vcco18    |       1.800 |     0.000 |       0.000 |      0.000 |
| Vcco15    |       1.500 |     0.000 |       0.000 |      0.000 |
| Vcco135   |       1.350 |     0.000 |       0.000 |      0.000 |
| Vcco12    |       1.200 |     0.000 |       0.000 |      0.000 |
| Vccaux_io |       1.800 |     0.000 |       0.000 |      0.000 |
| Vccbram   |       1.000 |     0.034 |       0.018 |      0.016 |
| Vccadc    |       1.800 |     0.020 |       0.000 |      0.020 |
+-----------+-------------+-----------+-------------+------------+


1.3 Confidence Level
--------------------

+-----------------------------+------------+--------------------------------------------------------+--------------------------------------------------------------------------------------------------------------------+
| User Input Data             | Confidence | Details                                                | Action                                                                                                             |
+-----------------------------+------------+--------------------------------------------------------+--------------------------------------------------------------------------------------------------------------------+
| Design implementation state | High       | Design is routed                                       |                                                                                                                    |
| Clock nodes activity        | Low        | User specified less than 75% of clocks                 | Provide missing clock activity with a constraint file, simulation results or by editing the "By Clock Domain" view |
| I/O nodes activity          | Low        | More than 75% of inputs are missing user specification | Provide missing input activity with simulation results or by editing the "By Resource Type -> I/Os" view           |
| Internal nodes activity     | Medium     | User specified less than 25% of internal nodes         | Provide missing internal nodes activity with simulation results or by editing the "By Resource Type" views         |
| Device models               | High       | Device models are Production                           |                                                                                                                    |
|                             |            |                                                        |                                                                                                                    |
| Overall confidence level    | Low        |                                                        |                                                                                                                    |
+-----------------------------+------------+--------------------------------------------------------+--------------------------------------------------------------------------------------------------------------------+


2. Settings
-----------

2.1 Environment
---------------

+-----------------------+--------------------------+
| Ambient Temp (C)      | 25.0                     |
| ThetaJA (C/W)         | 2.4                      |
| Airflow (LFM)         | 250                      |
| Heat Sink             | medium (Medium Profile)  |
| ThetaSA (C/W)         | 2.8                      |
| Board Selection       | medium (10"x10")         |
| # of Board Layers     | 12to15 (12 to 15 Layers) |
| Board Temperature (C) | 25.0                     |
+-----------------------+--------------------------+


2.2 Clock Constraints
---------------------

+-------+--------+-----------------+
| Clock | Domain | Constraint (ns) |
+-------+--------+-----------------+


3. Detailed Reports
-------------------

3.1 By Hierarchy
----------------

+--------------------------------------------------------------------------------------------+-----------+
| Name                                                                                       | Power (W) |
+--------------------------------------------------------------------------------------------+-----------+
| PCFG_TOP                                                                                   |    28.892 |
|   ADDR_LATCH                                                                               |     0.027 |
|   ADRAM                                                                                    |     0.001 |
|     RAM1                                                                                   |     0.001 |
|       U0                                                                                   |     0.001 |
|         inst_blk_mem_gen                                                                   |     0.001 |
|           gnbram.gnativebmg.native_blk_mem_gen                                             |     0.001 |
|             valid.cstr                                                                     |     0.001 |
|               ramloop[0].ram.r                                                             |     0.001 |
|                 prim_noinit.ram                                                            |     0.001 |
|   ADRAM_CTRL                                                                               |     0.019 |
|     counter                                                                                |     0.018 |
|   AD_LATCH                                                                                 |     0.050 |
|   DA_LATCH                                                                                 |     0.000 |
|   IN_LATCH                                                                                 |    <0.001 |
|   OPTIONRAM                                                                                |     0.024 |
|     RAM1                                                                                   |     0.024 |
|       U0                                                                                   |     0.024 |
|         inst_blk_mem_gen                                                                   |     0.024 |
|           gnbram.gnativebmg.native_blk_mem_gen                                             |     0.024 |
|             valid.cstr                                                                     |     0.024 |
|               ramloop[0].ram.r                                                             |     0.024 |
|                 prim_noinit.ram                                                            |     0.024 |
|   OPTMODE_CTRL                                                                             |    22.319 |
|     FFT                                                                                    |    14.127 |
|       U0                                                                                   |    14.127 |
|         i_synth                                                                            |    14.127 |
|           axi_wrapper                                                                      |     0.184 |
|             config_channel_fifo                                                            |     0.003 |
|             data_in_channel_fifo                                                           |    <0.001 |
|             data_out_channel                                                               |     0.180 |
|           xfft_inst                                                                        |    13.943 |
|             non_floating_point.arch_c.xfft_inst                                            |    13.943 |
|               control                                                                      |     1.152 |
|                 cntrl                                                                      |     0.165 |
|                   has_unloading.unloading_state                                            |     0.002 |
|                   loading_state                                                            |     0.002 |
|                   pe_cnt                                                                   |     0.013 |
|                     cnt_async                                                              |     0.004 |
|                       i_baseblox.i_baseblox_addsub                                         |     0.004 |
|                         no_pipelining.the_addsub                                           |     0.004 |
|                           i_lut6.i_lut6_addsub                                             |     0.004 |
|                     threshold                                                              |     0.002 |
|                   processing_state                                                         |    <0.001 |
|                   rank_0_cnt                                                               |     0.006 |
|                     cnt_async                                                              |     0.003 |
|                       i_baseblox.i_baseblox_addsub                                         |     0.003 |
|                         no_pipelining.the_addsub                                           |     0.003 |
|                           i_lut6.i_lut6_addsub                                             |     0.003 |
|                     threshold                                                              |    <0.001 |
|                   rn_0_cnt                                                                 |     0.024 |
|                     cnt_async                                                              |     0.005 |
|                       i_baseblox.i_baseblox_addsub                                         |     0.005 |
|                         no_pipelining.the_addsub                                           |     0.005 |
|                           i_lut6.i_lut6_addsub                                             |     0.005 |
|                     threshold                                                              |     0.002 |
|                   same_input_output_order.inon.no_cyclic_prefix.xk_index_counter           |     0.036 |
|                     cnt_async                                                              |     0.006 |
|                       i_baseblox.i_baseblox_addsub                                         |     0.006 |
|                         no_pipelining.the_addsub                                           |     0.006 |
|                           i_lut6.i_lut6_addsub                                             |     0.006 |
|                     threshold                                                              |     0.004 |
|                   same_input_output_order.inon.xn_index_counter                            |     0.065 |
|                     cnt_async                                                              |     0.006 |
|                       i_baseblox.i_baseblox_addsub                                         |     0.006 |
|                         no_pipelining.the_addsub                                           |     0.006 |
|                           i_lut6.i_lut6_addsub                                             |     0.006 |
|                     threshold                                                              |     0.006 |
|                 delay_line2_for_rfd                                                        |     0.004 |
|                   no_sclr_lut.real_shift_ram.use_baseblock.not_use_hlutnm_srls.i_shift_ram |     0.004 |
|                     i_bb_inst                                                              |     0.004 |
|                 delay_line_for_dv3                                                         |    <0.001 |
|                   no_sclr_lut.real_shift_ram.use_baseblock.not_use_hlutnm_srls.i_shift_ram |    <0.001 |
|                     i_bb_inst                                                              |    <0.001 |
|                       gen_output_regs.output_regs                                          |    <0.001 |
|                 delay_line_for_i_sw_control_0                                              |     0.027 |
|                   no_sclr_lut.real_shift_ram.use_baseblock.not_use_hlutnm_srls.i_shift_ram |     0.027 |
|                     i_bb_inst                                                              |     0.027 |
|                 delay_line_for_i_sw_control_1                                              |     0.028 |
|                   no_sclr_lut.real_shift_ram.use_baseblock.not_use_hlutnm_srls.i_shift_ram |     0.028 |
|                     i_bb_inst                                                              |     0.028 |
|                 delay_line_for_inp_add                                                     |     0.027 |
|                 delay_line_for_ld_start                                                    |    <0.001 |
|                   no_sclr_lut.real_shift_ram.use_baseblock.not_use_hlutnm_srls.i_shift_ram |    <0.001 |
|                     i_bb_inst                                                              |    <0.001 |
|                 delay_line_for_o_sw_control0                                               |     0.029 |
|                   no_sclr_lut.real_shift_ram.use_baseblock.not_use_hlutnm_srls.i_shift_ram |     0.029 |
|                     i_bb_inst                                                              |     0.029 |
|                 delay_line_for_o_sw_control1                                               |     0.029 |
|                   no_sclr_lut.real_shift_ram.use_baseblock.not_use_hlutnm_srls.i_shift_ram |     0.029 |
|                     i_bb_inst                                                              |     0.029 |
|                 delay_line_for_rd_addr_mux_control                                         |    <0.001 |
|                 delay_line_for_twiddle_rank                                                |     0.003 |
|                 delay_line_for_twiddle_rn                                                  |     0.011 |
|                 delay_line_for_we_process                                                  |    <0.001 |
|                   no_sclr_lut.real_shift_ram.use_baseblock.not_use_hlutnm_srls.i_shift_ram |    <0.001 |
|                     i_bb_inst                                                              |    <0.001 |
|                 delay_line_for_wr_addr_0                                                   |     0.015 |
|                 delay_line_for_wr_addr_1                                                   |     0.016 |
|                 io_address_gen                                                             |     0.083 |
|                   mem1_we                                                                  |     0.031 |
|                   with_addr_mux.addr_mux                                                   |     0.040 |
|                 out_mux_control_delay                                                      |     0.060 |
|                 out_mux_sel                                                                |     0.019 |
|                 processing_address_generator                                               |     0.073 |
|                   addr0_gen[0].a0.addr0_index                                              |     0.002 |
|                   addr0_gen[1].a0.addr0_index                                              |     0.003 |
|                   addr0_gen[2].a0.addr0_index                                              |     0.003 |
|                   addr0_gen[3].a0.addr0_index                                              |     0.003 |
|                   addr0_gen[4].a0.addr0_index                                              |     0.002 |
|                   addr0_gen[5].a0.addr0_index                                              |     0.003 |
|                   addr0_gen[6].a0.addr0_index                                              |     0.004 |
|                   addr0_gen[7].a0.addr0_index                                              |     0.003 |
|                   addr1_gen[0].a1.addr1_index                                              |     0.003 |
|                   addr1_gen[1].a1.addr1_index                                              |     0.003 |
|                   addr1_gen[2].a1.addr1_index                                              |     0.003 |
|                   addr1_gen[3].a1.addr1_index                                              |     0.003 |
|                   addr1_gen[4].a1.addr1_index                                              |     0.003 |
|                   addr1_gen[5].a1.addr1_index                                              |     0.003 |
|                   addr1_gen[6].a1.addr1_index                                              |     0.003 |
|                   addr1_gen[7].a1.addr1_index                                              |     0.004 |
|                   xor_rn                                                                   |     0.017 |
|                 read_addr_mux0                                                             |     0.021 |
|                 read_addr_mux1                                                             |     0.020 |
|                 twiddle_address_generator                                                  |     0.011 |
|                   n512.mux9                                                                |     0.011 |
|                 twiddle_generator                                                          |     0.405 |
|                   tw0.twgen0                                                               |     0.405 |
|                 write_addr_mux0                                                            |     0.035 |
|                 write_addr_mux1                                                            |     0.034 |
|               single_channel.datapath                                                      |    12.791 |
|                 blkmem_gen.use_bram_only.dpm0                                              |     0.701 |
|                 blkmem_gen.use_bram_only.dpm1                                              |     0.732 |
|                 i_switch_im0                                                               |     0.306 |
|                 i_switch_im1                                                               |     0.340 |
|                 i_switch_re0                                                               |     0.327 |
|                 i_switch_re1                                                               |     0.321 |
|                 input_delay_re                                                             |     0.000 |
|                 output_selector_im                                                         |     0.374 |
|                 output_selector_re                                                         |     0.353 |
|                 pe                                                                         |     8.644 |
|                   btrfly                                                                   |     1.375 |
|                     logic_butterfly.add_i                                                  |     0.331 |
|                       adder                                                                |     0.331 |
|                         i_baseblox.i_baseblox_addsub                                       |     0.331 |
|                           no_pipelining.the_addsub                                         |     0.331 |
|                             i_lut6.i_lut6_addsub                                           |     0.331 |
|                               i_q.i_simple.qreg                                            |     0.128 |
|                     logic_butterfly.add_r                                                  |     0.355 |
|                       adder                                                                |     0.355 |
|                         i_baseblox.i_baseblox_addsub                                       |     0.355 |
|                           no_pipelining.the_addsub                                         |     0.355 |
|                             i_lut6.i_lut6_addsub                                           |     0.355 |
|                               i_q.i_simple.qreg                                            |     0.150 |
|                     logic_butterfly.sub_i                                                  |     0.347 |
|                       subtracter                                                           |     0.347 |
|                         i_baseblox.i_baseblox_addsub                                       |     0.347 |
|                           no_pipelining.the_addsub                                         |     0.347 |
|                             i_lut6.i_lut6_addsub                                           |     0.347 |
|                               i_q.i_simple.qreg                                            |     0.130 |
|                     logic_butterfly.sub_r                                                  |     0.342 |
|                       subtracter                                                           |     0.342 |
|                         i_baseblox.i_baseblox_addsub                                       |     0.342 |
|                           no_pipelining.the_addsub                                         |     0.342 |
|                             i_lut6.i_lut6_addsub                                           |     0.342 |
|                               i_q.i_simple.qreg                                            |     0.137 |
|                   cmplx_mult                                                               |     6.135 |
|                     i_cmpy                                                                 |     6.135 |
|                       three_mult_structure.use_dsp.i_dsp48                                 |     6.135 |
|                         dsp_preadder_1.reg_mult1_preadd_d                                  |     0.265 |
|                         mult1_preadder_d_plus_a.mult1                                      |     1.887 |
|                           mult                                                             |     1.887 |
|                             use_prim.iAdelx[0].iAdely[0].use_delay_line.Adelay             |     0.201 |
|                             use_prim.iBdelx[0].iBdely[0].need_delay_line.Bdelay            |     0.298 |
|                         mult2_preadder_d_plus_a.mult2                                      |     1.527 |
|                           mult                                                             |     1.527 |
|                         mult3_preadder_d_minus_a.mult3                                     |     1.703 |
|                           mult                                                             |     1.703 |
|                             use_prim.iBdelx[0].iBdely[0].need_delay_line.Bdelay            |     0.299 |
|                         optionally_negate_inputs                                           |     0.753 |
|                   pipeline_balancer_im                                                     |     0.353 |
|                   pipeline_balancer_re                                                     |     0.347 |
|                 write_data_mux_im0                                                         |     0.177 |
|                 write_data_mux_im1                                                         |     0.183 |
|                 write_data_mux_re0                                                         |     0.158 |
|                 write_data_mux_re1                                                         |     0.175 |
|     MULT_IMAG                                                                              |     1.250 |
|       U0                                                                                   |     1.250 |
|         i_mult                                                                             |     1.250 |
|           gDSP.gDSP_only.iDSP                                                              |     1.250 |
|     MULT_REAL                                                                              |     1.371 |
|       U0                                                                                   |     1.371 |
|         i_mult                                                                             |     1.371 |
|           gDSP.gDSP_only.iDSP                                                              |     1.371 |
|     OUT_EN_DELAY                                                                           |    <0.001 |
|     SQRT                                                                                   |     5.048 |
|       U0                                                                                   |     5.048 |
|         i_synth                                                                            |     5.048 |
|           i_nd_to_rdy                                                                      |    <0.001 |
|           i_synth                                                                          |     5.047 |
|             gen_sqrt.square_root                                                           |     5.047 |
|               gen_iterations[11].gen_post_mid.gen_rem                                      |     0.708 |
|                 gen_data_int                                                               |     0.057 |
|                 gen_inv_sqrt_out                                                           |     0.105 |
|                 gen_rem.gen_rem_out                                                        |     0.142 |
|                 gen_rem_inc                                                                |     0.244 |
|                   inst                                                                     |     0.244 |
|                     i_baseblox.i_baseblox_addsub                                           |     0.244 |
|                       no_pipelining.the_addsub                                             |     0.244 |
|                         i_lut6.i_lut6_addsub                                               |     0.244 |
|               gen_iterations[11].gen_pre_mid.gen_rem                                       |     0.510 |
|                 gen_data_int                                                               |     0.063 |
|                 gen_rem_inc                                                                |     0.231 |
|                   inst                                                                     |     0.231 |
|                     i_baseblox.i_baseblox_addsub                                           |     0.231 |
|                       no_pipelining.the_addsub                                             |     0.231 |
|                         i_lut6.i_lut6_addsub                                               |     0.231 |
|               gen_iterations[12].gen_post_mid.gen_rem                                      |     0.564 |
|                 gen_data_int                                                               |     0.060 |
|                 gen_rem_inc                                                                |     0.238 |
|                   inst                                                                     |     0.238 |
|                     i_baseblox.i_baseblox_addsub                                           |     0.238 |
|                       no_pipelining.the_addsub                                             |     0.238 |
|                         i_lut6.i_lut6_addsub                                               |     0.238 |
|               gen_iterations[12].gen_pre_mid.gen_rem                                       |     0.639 |
|                 gen_data_int                                                               |     0.056 |
|                 gen_inv_sqrt_out                                                           |     0.108 |
|                 gen_rem.gen_rem_out                                                        |     0.141 |
|                 gen_rem_inc                                                                |     0.204 |
|                   inst                                                                     |     0.204 |
|                     i_baseblox.i_baseblox_addsub                                           |     0.204 |
|                       no_pipelining.the_addsub                                             |     0.204 |
|                         i_lut6.i_lut6_addsub                                               |     0.204 |
|               gen_iterations[13].gen_post_mid.gen_rem                                      |     0.270 |
|                 gen_data_int                                                               |     0.047 |
|                 gen_inv_sqrt_out                                                           |     0.055 |
|                 gen_rem_inc                                                                |     0.167 |
|                   inst                                                                     |     0.167 |
|                     i_baseblox.i_baseblox_addsub                                           |     0.167 |
|                       no_pipelining.the_addsub                                             |     0.167 |
|                         i_lut6.i_lut6_addsub                                               |     0.167 |
|               gen_iterations[13].gen_pre_mid.gen_rem                                       |     0.405 |
|                 gen_data_int                                                               |     0.068 |
|                 gen_rem_inc                                                                |     0.156 |
|                   inst                                                                     |     0.156 |
|                     i_baseblox.i_baseblox_addsub                                           |     0.156 |
|                       no_pipelining.the_addsub                                             |     0.156 |
|                         i_lut6.i_lut6_addsub                                               |     0.156 |
|               gen_iterations[14].gen_pre_mid.gen_rem                                       |     0.480 |
|                 gen_data_int                                                               |     0.038 |
|                 gen_inv_sqrt_out                                                           |     0.075 |
|                 gen_rem.gen_rem_out                                                        |     0.109 |
|                 gen_rem_inc                                                                |     0.155 |
|                   inst                                                                     |     0.155 |
|                     i_baseblox.i_baseblox_addsub                                           |     0.155 |
|                       no_pipelining.the_addsub                                             |     0.155 |
|                         i_lut6.i_lut6_addsub                                               |     0.155 |
|               gen_iterations[15].gen_post_mid.gen_rem                                      |     0.074 |
|                 gen_inv_sqrt_out                                                           |     0.074 |
|               gen_iterations[15].gen_pre_mid.gen_rem                                       |     0.328 |
|                 gen_data_int                                                               |     0.041 |
|                 gen_rem_inc                                                                |     0.144 |
|                   inst                                                                     |     0.144 |
|                     i_baseblox.i_baseblox_addsub                                           |     0.144 |
|                       no_pipelining.the_addsub                                             |     0.144 |
|                         i_lut6.i_lut6_addsub                                               |     0.144 |
|               gen_iterations[16].gen_pre_mid.gen_rem                                       |     0.343 |
|                 gen_data_int                                                               |     0.025 |
|                 gen_inv_sqrt_out                                                           |     0.050 |
|                 gen_rem.gen_rem_out                                                        |     0.082 |
|                 gen_rem_inc                                                                |     0.111 |
|                   inst                                                                     |     0.111 |
|                     i_baseblox.i_baseblox_addsub                                           |     0.111 |
|                       no_pipelining.the_addsub                                             |     0.111 |
|                         i_lut6.i_lut6_addsub                                               |     0.111 |
|               gen_iterations[17].gen_post_mid.gen_rem                                      |     0.062 |
|                 gen_inv_sqrt_out                                                           |     0.062 |
|               gen_iterations[17].gen_pre_mid.gen_rem                                       |     0.274 |
|                 gen_data_int                                                               |     0.039 |
|                 gen_rem_inc                                                                |     0.119 |
|                   inst                                                                     |     0.119 |
|                     i_baseblox.i_baseblox_addsub                                           |     0.119 |
|                       no_pipelining.the_addsub                                             |     0.119 |
|                         i_lut6.i_lut6_addsub                                               |     0.119 |
|               gen_iterations[18].gen_pre_mid.gen_rem                                       |     0.185 |
|                 gen_inv_sqrt_out                                                           |     0.032 |
|                 gen_rem.gen_rem_out                                                        |     0.044 |
|                 gen_rem_inc                                                                |     0.063 |
|                   inst                                                                     |     0.063 |
|                     i_baseblox.i_baseblox_addsub                                           |     0.063 |
|                       no_pipelining.the_addsub                                             |     0.063 |
|                         i_lut6.i_lut6_addsub                                               |     0.063 |
|               gen_iterations[19].gen_last.gen_no_round.gen_sqrt_tmp                        |     0.055 |
|               gen_iterations[19].gen_last.gen_rem                                          |     0.042 |
|                 gen_inv_sqrt_out                                                           |     0.042 |
|               gen_rdy_int                                                                  |     0.000 |
|     SQRT_DELAY                                                                             |    <0.001 |
|     SQRT_LATCH                                                                             |     0.065 |
|   OPTRAM_CTRL                                                                              |     0.053 |
|     counter                                                                                |     0.053 |
|   OPTRAM_DELAY                                                                             |    <0.001 |
|   OUT_LATCH                                                                                |     0.000 |
|   OUT_mux_1                                                                                |    <0.001 |
|   OUT_mux_2                                                                                |    <0.001 |
|   PCRAM                                                                                    |    <0.001 |
|     RAM1                                                                                   |    <0.001 |
|       U0                                                                                   |    <0.001 |
|         inst_blk_mem_gen                                                                   |    <0.001 |
|           gnbram.gnativebmg.native_blk_mem_gen                                             |    <0.001 |
|             valid.cstr                                                                     |    <0.001 |
|               ramloop[0].ram.r                                                             |    <0.001 |
|                 prim_noinit.ram                                                            |    <0.001 |
|   PCRAM_CTRL                                                                               |     0.008 |
|     counter                                                                                |     0.007 |
|   PC_LATCH                                                                                 |     0.031 |
|   PC_MUX                                                                                   |    <0.001 |
|   TRIBUF                                                                                   |     0.000 |
|   addr_decode                                                                              |     0.032 |
|   clk_gen                                                                                  |     0.722 |
|     CNT0                                                                                   |     0.664 |
|   m_data_IOBUF[0]_inst                                                                     |    <0.001 |
|   m_data_IOBUF[1]_inst                                                                     |    <0.001 |
|   m_data_IOBUF[2]_inst                                                                     |    <0.001 |
|   m_data_IOBUF[3]_inst                                                                     |    <0.001 |
|   m_data_IOBUF[4]_inst                                                                     |    <0.001 |
|   m_data_IOBUF[5]_inst                                                                     |    <0.001 |
|   m_data_IOBUF[6]_inst                                                                     |    <0.001 |
|   m_data_IOBUF[7]_inst                                                                     |    <0.001 |
|   main_ctrl                                                                                |     0.131 |
|     ad_ctrl                                                                                |     0.068 |
|     len_latch                                                                              |    <0.001 |
+--------------------------------------------------------------------------------------------+-----------+


