Copyright 1986-2018 Xilinx, Inc. All Rights Reserved.
---------------------------------------------------------------------------------------------------------------
| Tool Version : Vivado v.2018.2 (win64) Build 2258646 Thu Jun 14 20:03:12 MDT 2018
| Date         : Thu May 26 13:44:52 2022
| Host         : DESKTOP-19UI20G running 64-bit major release  (build 9200)
| Command      : report_drc -file PCFG_TOP_drc_opted.rpt -pb PCFG_TOP_drc_opted.pb -rpx PCFG_TOP_drc_opted.rpx
| Design       : PCFG_TOP
| Device       : xc7s75fgga676-2
| Speed File   : -2
| Design State : Synthesized
---------------------------------------------------------------------------------------------------------------

Report DRC

Table of Contents
-----------------
1. REPORT SUMMARY
2. REPORT DETAILS

1. REPORT SUMMARY
-----------------
            Netlist: netlist
          Floorplan: design_1
      Design limits: <entire design considered>
           Ruledeck: default
             Max violations: <unlimited>
             Violations found: 6
+-------------+----------+-------------------------------------------------------------+------------+
| Rule        | Severity | Description                                                 | Violations |
+-------------+----------+-------------------------------------------------------------+------------+
| CFGBVS-1    | Warning  | Missing CFGBVS and CONFIG_VOLTAGE Design Properties         | 1          |
| DPIP-1      | Warning  | Input pipelining                                            | 4          |
| PLHOLDVIO-2 | Warning  | Non-Optimal connections which could lead to hold violations | 1          |
+-------------+----------+-------------------------------------------------------------+------------+

2. REPORT DETAILS
-----------------
CFGBVS-1#1 Warning
Missing CFGBVS and CONFIG_VOLTAGE Design Properties  
Neither the CFGBVS nor CONFIG_VOLTAGE voltage property is set in the current_design.  Configuration bank voltage select (CFGBVS) must be set to VCCO or GND, and CONFIG_VOLTAGE must be set to the correct configuration voltage, in order to determine the I/O voltage support for the pins in bank 0.  It is suggested to specify these either using the 'Edit Device Properties' function in the GUI or directly in the XDC file using the following syntax:

 set_property CFGBVS value1 [current_design]
 #where value1 is either VCCO or GND

 set_property CONFIG_VOLTAGE value2 [current_design]
 #where value2 is the voltage provided to configuration bank 0

Refer to the device configuration user guide for more information.
Related violations: <none>

DPIP-1#1 Warning
Input pipelining  
DSP OPTMODE_CTRL/MULT_IMAG/U0/i_mult/gDSP.gDSP_only.iDSP/inferred_dsp.reg_mult.m_reg_reg input OPTMODE_CTRL/MULT_IMAG/U0/i_mult/gDSP.gDSP_only.iDSP/inferred_dsp.reg_mult.m_reg_reg/A[29:0] is not pipelined. Pipelining DSP48 input will improve performance.
Related violations: <none>

DPIP-1#2 Warning
Input pipelining  
DSP OPTMODE_CTRL/MULT_IMAG/U0/i_mult/gDSP.gDSP_only.iDSP/inferred_dsp.reg_mult.m_reg_reg input OPTMODE_CTRL/MULT_IMAG/U0/i_mult/gDSP.gDSP_only.iDSP/inferred_dsp.reg_mult.m_reg_reg/B[17:0] is not pipelined. Pipelining DSP48 input will improve performance.
Related violations: <none>

DPIP-1#3 Warning
Input pipelining  
DSP OPTMODE_CTRL/MULT_REAL/U0/i_mult/gDSP.gDSP_only.iDSP/inferred_dsp.reg_mult.m_reg_reg input OPTMODE_CTRL/MULT_REAL/U0/i_mult/gDSP.gDSP_only.iDSP/inferred_dsp.reg_mult.m_reg_reg/A[29:0] is not pipelined. Pipelining DSP48 input will improve performance.
Related violations: <none>

DPIP-1#4 Warning
Input pipelining  
DSP OPTMODE_CTRL/MULT_REAL/U0/i_mult/gDSP.gDSP_only.iDSP/inferred_dsp.reg_mult.m_reg_reg input OPTMODE_CTRL/MULT_REAL/U0/i_mult/gDSP.gDSP_only.iDSP/inferred_dsp.reg_mult.m_reg_reg/B[17:0] is not pipelined. Pipelining DSP48 input will improve performance.
Related violations: <none>

PLHOLDVIO-2#1 Warning
Non-Optimal connections which could lead to hold violations  
A LUT clk_gen/CNT0_i_2 is driving clock pin of 20 cells. This could lead to large hold time violations. First few involved cells are:
    clk_gen/CNT0/s_REG_reg[0] {FDCE}
    clk_gen/CNT0/s_REG_reg[10] {FDCE}
    clk_gen/CNT0/s_REG_reg[11] {FDCE}
    clk_gen/CNT0/s_REG_reg[12] {FDCE}
    clk_gen/CNT0/s_REG_reg[13] {FDCE}
    clk_gen/CNT0/s_REG_reg[14] {FDCE}
    clk_gen/CNT0/s_REG_reg[15] {FDCE}
    clk_gen/CNT0/s_REG_reg[1] {FDCE}
    clk_gen/CNT0/s_REG_reg[2] {FDPE}

Related violations: <none>


