
*** Running vivado
    with args -log PCFG_TOP.vds -m64 -product Vivado -mode batch -messageDb vivado.pb -notrace -source PCFG_TOP.tcl


****** Vivado v2021.2 (64-bit)
  **** SW Build 3367213 on Tue Oct 19 02:47:39 MDT 2021
  **** IP Build 3369179 on Thu Oct 21 08:25:16 MDT 2021
    ** Copyright 1986-2021 Xilinx, Inc. All Rights Reserved.

source PCFG_TOP.tcl -notrace
Command: synth_design -top PCFG_TOP -part xc7s75fgga676-1
Starting synth_design
Attempting to get a license for feature 'Synthesis' and/or device 'xc7s75'
INFO: [Common 17-349] Got license for feature 'Synthesis' and/or device 'xc7s75'
INFO: [Device 21-403] Loading part xc7s75fgga676-1
INFO: [Synth 8-7079] Multithreading enabled for synth_design using a maximum of 4 processes.
INFO: [Synth 8-7078] Launching helper process for spawning children vivado processes
INFO: [Synth 8-7075] Helper process launched with PID 40017
---------------------------------------------------------------------------------
Starting RTL Elaboration : Time (s): cpu = 00:00:02 ; elapsed = 00:00:03 . Memory (MB): peak = 2585.770 ; gain = 0.000 ; free physical = 126 ; free virtual = 741
---------------------------------------------------------------------------------
WARNING: [Synth 8-1565] actual for formal port m_reset is neither a static name nor a globally static expression [/home/mshrimp/gitclones/EEE3163/Verilog/EEE3163/EEE3163.srcs/sources_1/imports/src/pcfg_top.vhd:131]
WARNING: [Synth 8-1565] actual for formal port m_cs_b is neither a static name nor a globally static expression [/home/mshrimp/gitclones/EEE3163/Verilog/EEE3163/EEE3163.srcs/sources_1/imports/src/pcfg_top.vhd:137]
WARNING: [Synth 8-1565] actual for formal port m_wr_b is neither a static name nor a globally static expression [/home/mshrimp/gitclones/EEE3163/Verilog/EEE3163/EEE3163.srcs/sources_1/imports/src/pcfg_top.vhd:138]
INFO: [Synth 8-638] synthesizing module 'PCFG_TOP' [/home/mshrimp/gitclones/EEE3163/Verilog/EEE3163/EEE3163.srcs/sources_1/imports/src/pcfg_top.vhd:57]
	Parameter IOSTANDARD bound to: LVCMOS_33 - type: string 
INFO: [Synth 8-113] binding component instance 's_clk_g' to cell 'IBUF' [/home/mshrimp/gitclones/EEE3163/Verilog/EEE3163/EEE3163.srcs/sources_1/imports/src/pcfg_top.vhd:120]
INFO: [Synth 8-3491] module 'TOP_8254' declared at '/home/mshrimp/gitclones/EEE3163/Verilog/EEE3163/EEE3163.srcs/sources_1/imports/src/top_8254.vhd:29' bound to instance 'clk_gen' of component 'TOP_8254' [/home/mshrimp/gitclones/EEE3163/Verilog/EEE3163/EEE3163.srcs/sources_1/imports/src/pcfg_top.vhd:126]
INFO: [Synth 8-638] synthesizing module 'TOP_8254' [/home/mshrimp/gitclones/EEE3163/Verilog/EEE3163/EEE3163.srcs/sources_1/imports/src/top_8254.vhd:52]
INFO: [Synth 8-3491] module 'TW_8254_CNT' declared at '/home/mshrimp/gitclones/EEE3163/Verilog/EEE3163/EEE3163.srcs/sources_1/imports/src/tw_8254_cnt.vhd:6' bound to instance 'CNT0' of component 'TW_8254_CNT' [/home/mshrimp/gitclones/EEE3163/Verilog/EEE3163/EEE3163.srcs/sources_1/imports/src/top_8254.vhd:158]
INFO: [Synth 8-638] synthesizing module 'TW_8254_CNT' [/home/mshrimp/gitclones/EEE3163/Verilog/EEE3163/EEE3163.srcs/sources_1/imports/src/tw_8254_cnt.vhd:16]
WARNING: [Synth 8-6014] Unused sequential element s_CNT3_reg was removed.  [/home/mshrimp/gitclones/EEE3163/Verilog/EEE3163/EEE3163.srcs/sources_1/imports/src/tw_8254_cnt.vhd:134]
INFO: [Synth 8-256] done synthesizing module 'TW_8254_CNT' (1#1) [/home/mshrimp/gitclones/EEE3163/Verilog/EEE3163/EEE3163.srcs/sources_1/imports/src/tw_8254_cnt.vhd:16]
INFO: [Synth 8-3491] module 'TW_8254_CNT' declared at '/home/mshrimp/gitclones/EEE3163/Verilog/EEE3163/EEE3163.srcs/sources_1/imports/src/tw_8254_cnt.vhd:6' bound to instance 'CNT1' of component 'TW_8254_CNT' [/home/mshrimp/gitclones/EEE3163/Verilog/EEE3163/EEE3163.srcs/sources_1/imports/src/top_8254.vhd:170]
INFO: [Synth 8-3491] module 'TW_8254_CNT' declared at '/home/mshrimp/gitclones/EEE3163/Verilog/EEE3163/EEE3163.srcs/sources_1/imports/src/tw_8254_cnt.vhd:6' bound to instance 'CNT2' of component 'TW_8254_CNT' [/home/mshrimp/gitclones/EEE3163/Verilog/EEE3163/EEE3163.srcs/sources_1/imports/src/top_8254.vhd:182]
INFO: [Synth 8-256] done synthesizing module 'TOP_8254' (2#1) [/home/mshrimp/gitclones/EEE3163/Verilog/EEE3163/EEE3163.srcs/sources_1/imports/src/top_8254.vhd:52]
INFO: [Synth 8-638] synthesizing module 'address_decoder' [/home/mshrimp/gitclones/EEE3163/Verilog/EEE3163/EEE3163.srcs/sources_1/new/address_decoder.vhd:18]
INFO: [Synth 8-256] done synthesizing module 'address_decoder' (3#1) [/home/mshrimp/gitclones/EEE3163/Verilog/EEE3163/EEE3163.srcs/sources_1/new/address_decoder.vhd:18]
WARNING: [Synth 8-3848] Net m_dac_d in module/entity PCFG_TOP does not have driver. [/home/mshrimp/gitclones/EEE3163/Verilog/EEE3163/EEE3163.srcs/sources_1/imports/src/pcfg_top.vhd:40]
WARNING: [Synth 8-3848] Net m_dac_gain_d in module/entity PCFG_TOP does not have driver. [/home/mshrimp/gitclones/EEE3163/Verilog/EEE3163/EEE3163.srcs/sources_1/imports/src/pcfg_top.vhd:41]
WARNING: [Synth 8-3848] Net m_dac_gain_clk in module/entity PCFG_TOP does not have driver. [/home/mshrimp/gitclones/EEE3163/Verilog/EEE3163/EEE3163.srcs/sources_1/imports/src/pcfg_top.vhd:44]
WARNING: [Synth 8-3848] Net s_debug_header in module/entity PCFG_TOP does not have driver. [/home/mshrimp/gitclones/EEE3163/Verilog/EEE3163/EEE3163.srcs/sources_1/imports/src/pcfg_top.vhd:110]
WARNING: [Synth 8-3848] Net s_debug_led in module/entity PCFG_TOP does not have driver. [/home/mshrimp/gitclones/EEE3163/Verilog/EEE3163/EEE3163.srcs/sources_1/imports/src/pcfg_top.vhd:108]
INFO: [Synth 8-256] done synthesizing module 'PCFG_TOP' (4#1) [/home/mshrimp/gitclones/EEE3163/Verilog/EEE3163/EEE3163.srcs/sources_1/imports/src/pcfg_top.vhd:57]
WARNING: [Synth 8-7129] Port addr_in[8] in module address_decoder is either unconnected or has no load
WARNING: [Synth 8-7129] Port addr_in[7] in module address_decoder is either unconnected or has no load
WARNING: [Synth 8-7129] Port addr_in[6] in module address_decoder is either unconnected or has no load
WARNING: [Synth 8-7129] Port addr_in[5] in module address_decoder is either unconnected or has no load
WARNING: [Synth 8-7129] Port addr_in[4] in module address_decoder is either unconnected or has no load
WARNING: [Synth 8-7129] Port addr_in[3] in module address_decoder is either unconnected or has no load
WARNING: [Synth 8-7129] Port addr_in[2] in module address_decoder is either unconnected or has no load
WARNING: [Synth 8-7129] Port addr_in[1] in module address_decoder is either unconnected or has no load
WARNING: [Synth 8-7129] Port addr_in[0] in module address_decoder is either unconnected or has no load
WARNING: [Synth 8-7129] Port m_dac_d[7] in module PCFG_TOP is either unconnected or has no load
WARNING: [Synth 8-7129] Port m_dac_d[6] in module PCFG_TOP is either unconnected or has no load
WARNING: [Synth 8-7129] Port m_dac_d[5] in module PCFG_TOP is either unconnected or has no load
WARNING: [Synth 8-7129] Port m_dac_d[4] in module PCFG_TOP is either unconnected or has no load
WARNING: [Synth 8-7129] Port m_dac_d[3] in module PCFG_TOP is either unconnected or has no load
WARNING: [Synth 8-7129] Port m_dac_d[2] in module PCFG_TOP is either unconnected or has no load
WARNING: [Synth 8-7129] Port m_dac_d[1] in module PCFG_TOP is either unconnected or has no load
WARNING: [Synth 8-7129] Port m_dac_d[0] in module PCFG_TOP is either unconnected or has no load
WARNING: [Synth 8-7129] Port m_dac_gain_d[7] in module PCFG_TOP is either unconnected or has no load
WARNING: [Synth 8-7129] Port m_dac_gain_d[6] in module PCFG_TOP is either unconnected or has no load
WARNING: [Synth 8-7129] Port m_dac_gain_d[5] in module PCFG_TOP is either unconnected or has no load
WARNING: [Synth 8-7129] Port m_dac_gain_d[4] in module PCFG_TOP is either unconnected or has no load
WARNING: [Synth 8-7129] Port m_dac_gain_d[3] in module PCFG_TOP is either unconnected or has no load
WARNING: [Synth 8-7129] Port m_dac_gain_d[2] in module PCFG_TOP is either unconnected or has no load
WARNING: [Synth 8-7129] Port m_dac_gain_d[1] in module PCFG_TOP is either unconnected or has no load
WARNING: [Synth 8-7129] Port m_dac_gain_d[0] in module PCFG_TOP is either unconnected or has no load
WARNING: [Synth 8-7129] Port m_dac_gain_clk in module PCFG_TOP is either unconnected or has no load
WARNING: [Synth 8-7129] Port m_debug_header[15] in module PCFG_TOP is either unconnected or has no load
WARNING: [Synth 8-7129] Port m_debug_header[14] in module PCFG_TOP is either unconnected or has no load
WARNING: [Synth 8-7129] Port m_debug_header[13] in module PCFG_TOP is either unconnected or has no load
WARNING: [Synth 8-7129] Port m_debug_header[12] in module PCFG_TOP is either unconnected or has no load
WARNING: [Synth 8-7129] Port m_debug_header[11] in module PCFG_TOP is either unconnected or has no load
WARNING: [Synth 8-7129] Port m_debug_header[10] in module PCFG_TOP is either unconnected or has no load
WARNING: [Synth 8-7129] Port m_debug_header[9] in module PCFG_TOP is either unconnected or has no load
WARNING: [Synth 8-7129] Port m_debug_header[8] in module PCFG_TOP is either unconnected or has no load
WARNING: [Synth 8-7129] Port m_debug_header[7] in module PCFG_TOP is either unconnected or has no load
WARNING: [Synth 8-7129] Port m_debug_header[6] in module PCFG_TOP is either unconnected or has no load
WARNING: [Synth 8-7129] Port m_debug_header[5] in module PCFG_TOP is either unconnected or has no load
WARNING: [Synth 8-7129] Port m_debug_header[4] in module PCFG_TOP is either unconnected or has no load
WARNING: [Synth 8-7129] Port m_debug_header[3] in module PCFG_TOP is either unconnected or has no load
WARNING: [Synth 8-7129] Port m_debug_header[2] in module PCFG_TOP is either unconnected or has no load
WARNING: [Synth 8-7129] Port m_debug_led[6] in module PCFG_TOP is either unconnected or has no load
WARNING: [Synth 8-7129] Port m_debug_led[5] in module PCFG_TOP is either unconnected or has no load
WARNING: [Synth 8-7129] Port m_debug_led[4] in module PCFG_TOP is either unconnected or has no load
WARNING: [Synth 8-7129] Port m_debug_led[3] in module PCFG_TOP is either unconnected or has no load
WARNING: [Synth 8-7129] Port m_debug_led[2] in module PCFG_TOP is either unconnected or has no load
WARNING: [Synth 8-7129] Port m_debug_led[1] in module PCFG_TOP is either unconnected or has no load
WARNING: [Synth 8-7129] Port m_debug_led[0] in module PCFG_TOP is either unconnected or has no load
WARNING: [Synth 8-7129] Port m_adc_d[7] in module PCFG_TOP is either unconnected or has no load
WARNING: [Synth 8-7129] Port m_adc_d[6] in module PCFG_TOP is either unconnected or has no load
WARNING: [Synth 8-7129] Port m_adc_d[5] in module PCFG_TOP is either unconnected or has no load
WARNING: [Synth 8-7129] Port m_adc_d[4] in module PCFG_TOP is either unconnected or has no load
WARNING: [Synth 8-7129] Port m_adc_d[3] in module PCFG_TOP is either unconnected or has no load
WARNING: [Synth 8-7129] Port m_adc_d[2] in module PCFG_TOP is either unconnected or has no load
WARNING: [Synth 8-7129] Port m_adc_d[1] in module PCFG_TOP is either unconnected or has no load
WARNING: [Synth 8-7129] Port m_adc_d[0] in module PCFG_TOP is either unconnected or has no load
WARNING: [Synth 8-7129] Port m_address[8] in module PCFG_TOP is either unconnected or has no load
WARNING: [Synth 8-7129] Port m_address[7] in module PCFG_TOP is either unconnected or has no load
WARNING: [Synth 8-7129] Port m_address[6] in module PCFG_TOP is either unconnected or has no load
WARNING: [Synth 8-7129] Port m_address[5] in module PCFG_TOP is either unconnected or has no load
WARNING: [Synth 8-7129] Port m_address[4] in module PCFG_TOP is either unconnected or has no load
WARNING: [Synth 8-7129] Port m_address[3] in module PCFG_TOP is either unconnected or has no load
WARNING: [Synth 8-7129] Port m_address[2] in module PCFG_TOP is either unconnected or has no load
WARNING: [Synth 8-7129] Port m_cmd_data in module PCFG_TOP is either unconnected or has no load
WARNING: [Synth 8-7129] Port m_oe_b in module PCFG_TOP is either unconnected or has no load
WARNING: [Synth 8-7129] Port m_ren in module PCFG_TOP is either unconnected or has no load
WARNING: [Synth 8-7129] Port m_debug_sw[7] in module PCFG_TOP is either unconnected or has no load
WARNING: [Synth 8-7129] Port m_debug_sw[6] in module PCFG_TOP is either unconnected or has no load
WARNING: [Synth 8-7129] Port m_debug_sw[5] in module PCFG_TOP is either unconnected or has no load
WARNING: [Synth 8-7129] Port m_debug_sw[4] in module PCFG_TOP is either unconnected or has no load
WARNING: [Synth 8-7129] Port m_debug_sw[3] in module PCFG_TOP is either unconnected or has no load
WARNING: [Synth 8-7129] Port m_debug_sw[2] in module PCFG_TOP is either unconnected or has no load
WARNING: [Synth 8-7129] Port m_debug_sw[1] in module PCFG_TOP is either unconnected or has no load
WARNING: [Synth 8-7129] Port m_debug_sw[0] in module PCFG_TOP is either unconnected or has no load
---------------------------------------------------------------------------------
Finished RTL Elaboration : Time (s): cpu = 00:00:03 ; elapsed = 00:00:13 . Memory (MB): peak = 2585.770 ; gain = 0.000 ; free physical = 1761 ; free virtual = 4861
---------------------------------------------------------------------------------
---------------------------------------------------------------------------------
Start Handling Custom Attributes
---------------------------------------------------------------------------------
---------------------------------------------------------------------------------
Finished Handling Custom Attributes : Time (s): cpu = 00:00:03 ; elapsed = 00:00:15 . Memory (MB): peak = 2585.770 ; gain = 0.000 ; free physical = 2181 ; free virtual = 5744
---------------------------------------------------------------------------------
---------------------------------------------------------------------------------
Finished RTL Optimization Phase 1 : Time (s): cpu = 00:00:03 ; elapsed = 00:00:15 . Memory (MB): peak = 2585.770 ; gain = 0.000 ; free physical = 2181 ; free virtual = 5744
---------------------------------------------------------------------------------
Netlist sorting complete. Time (s): cpu = 00:00:00.01 ; elapsed = 00:00:00.01 . Memory (MB): peak = 2585.770 ; gain = 0.000 ; free physical = 2128 ; free virtual = 5720
INFO: [Project 1-570] Preparing netlist for logic optimization
WARNING: [Constraints 18-548] Could not create 'IOSTANDARD' constraint because invalid IOSTANDARD value 'LVCMOS_33' specified. The default IOSTANDARD will be used instead. 'IOSTANDARD' is ignored by Vivado but preserved for implementation tool. [/home/mshrimp/gitclones/EEE3163/Verilog/EEE3163/EEE3163.srcs/sources_1/imports/src/pcfg_top.vhd:120]

Processing XDC Constraints
Initializing timing engine
Parsing XDC File [/home/mshrimp/gitclones/EEE3163/Verilog/EEE3163/EEE3163.srcs/constrs_1/imports/src/pcfg2019_constraints.xdc]
CRITICAL WARNING: [Coretcl 2-95] Port 'm_HDMI_CLK' not found. [/home/mshrimp/gitclones/EEE3163/Verilog/EEE3163/EEE3163.srcs/constrs_1/imports/src/pcfg2019_constraints.xdc:1]
CRITICAL WARNING: [Coretcl 2-95] Port 'm_adc_lvds_da' not found. [/home/mshrimp/gitclones/EEE3163/Verilog/EEE3163/EEE3163.srcs/constrs_1/imports/src/pcfg2019_constraints.xdc:2]
CRITICAL WARNING: [Coretcl 2-95] Port 'm_adc_lvds_db' not found. [/home/mshrimp/gitclones/EEE3163/Verilog/EEE3163/EEE3163.srcs/constrs_1/imports/src/pcfg2019_constraints.xdc:3]
CRITICAL WARNING: [Coretcl 2-95] Port 'm_adc_lvds_dco' not found. [/home/mshrimp/gitclones/EEE3163/Verilog/EEE3163/EEE3163.srcs/constrs_1/imports/src/pcfg2019_constraints.xdc:4]
CRITICAL WARNING: [Coretcl 2-95] Port 'm_adc_lvds_fco' not found. [/home/mshrimp/gitclones/EEE3163/Verilog/EEE3163/EEE3163.srcs/constrs_1/imports/src/pcfg2019_constraints.xdc:5]
CRITICAL WARNING: [Coretcl 2-95] Port 'm_ddr3_ck' not found. [/home/mshrimp/gitclones/EEE3163/Verilog/EEE3163/EEE3163.srcs/constrs_1/imports/src/pcfg2019_constraints.xdc:6]
CRITICAL WARNING: [Coretcl 2-95] Port 'm_ddr3_ldqs' not found. [/home/mshrimp/gitclones/EEE3163/Verilog/EEE3163/EEE3163.srcs/constrs_1/imports/src/pcfg2019_constraints.xdc:7]
CRITICAL WARNING: [Coretcl 2-95] Port 'm_ddr3_udqs' not found. [/home/mshrimp/gitclones/EEE3163/Verilog/EEE3163/EEE3163.srcs/constrs_1/imports/src/pcfg2019_constraints.xdc:8]
CRITICAL WARNING: [Coretcl 2-163] Could not find the bus bit index in 'm_hdmi_d[0]'. [/home/mshrimp/gitclones/EEE3163/Verilog/EEE3163/EEE3163.srcs/constrs_1/imports/src/pcfg2019_constraints.xdc:9]
CRITICAL WARNING: [Coretcl 2-163] Could not find the bus bit index in 'm_hdmi_d[1]'. [/home/mshrimp/gitclones/EEE3163/Verilog/EEE3163/EEE3163.srcs/constrs_1/imports/src/pcfg2019_constraints.xdc:10]
CRITICAL WARNING: [Coretcl 2-163] Could not find the bus bit index in 'm_hdmi_d[2]'. [/home/mshrimp/gitclones/EEE3163/Verilog/EEE3163/EEE3163.srcs/constrs_1/imports/src/pcfg2019_constraints.xdc:11]
WARNING: [Vivado 12-584] No ports matched 'm_adc_lvds_da'. [/home/mshrimp/gitclones/EEE3163/Verilog/EEE3163/EEE3163.srcs/constrs_1/imports/src/pcfg2019_constraints.xdc:12]
CRITICAL WARNING: [Common 17-55] 'set_property' expects at least one object. [/home/mshrimp/gitclones/EEE3163/Verilog/EEE3163/EEE3163.srcs/constrs_1/imports/src/pcfg2019_constraints.xdc:12]
Resolution: If [get_<value>] was used to populate the object, check to make sure this command returns at least one valid object.
WARNING: [Vivado 12-584] No ports matched 'm_adc_lvds_da_n'. [/home/mshrimp/gitclones/EEE3163/Verilog/EEE3163/EEE3163.srcs/constrs_1/imports/src/pcfg2019_constraints.xdc:13]
CRITICAL WARNING: [Common 17-55] 'set_property' expects at least one object. [/home/mshrimp/gitclones/EEE3163/Verilog/EEE3163/EEE3163.srcs/constrs_1/imports/src/pcfg2019_constraints.xdc:13]
Resolution: If [get_<value>] was used to populate the object, check to make sure this command returns at least one valid object.
WARNING: [Vivado 12-584] No ports matched 'm_adc_lvds_db'. [/home/mshrimp/gitclones/EEE3163/Verilog/EEE3163/EEE3163.srcs/constrs_1/imports/src/pcfg2019_constraints.xdc:14]
CRITICAL WARNING: [Common 17-55] 'set_property' expects at least one object. [/home/mshrimp/gitclones/EEE3163/Verilog/EEE3163/EEE3163.srcs/constrs_1/imports/src/pcfg2019_constraints.xdc:14]
Resolution: If [get_<value>] was used to populate the object, check to make sure this command returns at least one valid object.
WARNING: [Vivado 12-584] No ports matched 'm_adc_lvds_db_n'. [/home/mshrimp/gitclones/EEE3163/Verilog/EEE3163/EEE3163.srcs/constrs_1/imports/src/pcfg2019_constraints.xdc:15]
CRITICAL WARNING: [Common 17-55] 'set_property' expects at least one object. [/home/mshrimp/gitclones/EEE3163/Verilog/EEE3163/EEE3163.srcs/constrs_1/imports/src/pcfg2019_constraints.xdc:15]
Resolution: If [get_<value>] was used to populate the object, check to make sure this command returns at least one valid object.
WARNING: [Vivado 12-584] No ports matched 'm_adc_lvds_fco'. [/home/mshrimp/gitclones/EEE3163/Verilog/EEE3163/EEE3163.srcs/constrs_1/imports/src/pcfg2019_constraints.xdc:16]
CRITICAL WARNING: [Common 17-55] 'set_property' expects at least one object. [/home/mshrimp/gitclones/EEE3163/Verilog/EEE3163/EEE3163.srcs/constrs_1/imports/src/pcfg2019_constraints.xdc:16]
Resolution: If [get_<value>] was used to populate the object, check to make sure this command returns at least one valid object.
WARNING: [Vivado 12-584] No ports matched 'm_adc_lvds_fco_n'. [/home/mshrimp/gitclones/EEE3163/Verilog/EEE3163/EEE3163.srcs/constrs_1/imports/src/pcfg2019_constraints.xdc:17]
CRITICAL WARNING: [Common 17-55] 'set_property' expects at least one object. [/home/mshrimp/gitclones/EEE3163/Verilog/EEE3163/EEE3163.srcs/constrs_1/imports/src/pcfg2019_constraints.xdc:17]
Resolution: If [get_<value>] was used to populate the object, check to make sure this command returns at least one valid object.
WARNING: [Vivado 12-584] No ports matched 'm_adc_lvds_csb'. [/home/mshrimp/gitclones/EEE3163/Verilog/EEE3163/EEE3163.srcs/constrs_1/imports/src/pcfg2019_constraints.xdc:18]
CRITICAL WARNING: [Common 17-55] 'set_property' expects at least one object. [/home/mshrimp/gitclones/EEE3163/Verilog/EEE3163/EEE3163.srcs/constrs_1/imports/src/pcfg2019_constraints.xdc:18]
Resolution: If [get_<value>] was used to populate the object, check to make sure this command returns at least one valid object.
WARNING: [Vivado 12-584] No ports matched 'm_adc_lvds_sclk'. [/home/mshrimp/gitclones/EEE3163/Verilog/EEE3163/EEE3163.srcs/constrs_1/imports/src/pcfg2019_constraints.xdc:19]
CRITICAL WARNING: [Common 17-55] 'set_property' expects at least one object. [/home/mshrimp/gitclones/EEE3163/Verilog/EEE3163/EEE3163.srcs/constrs_1/imports/src/pcfg2019_constraints.xdc:19]
Resolution: If [get_<value>] was used to populate the object, check to make sure this command returns at least one valid object.
WARNING: [Vivado 12-584] No ports matched 'm_adc_lvds_sdio'. [/home/mshrimp/gitclones/EEE3163/Verilog/EEE3163/EEE3163.srcs/constrs_1/imports/src/pcfg2019_constraints.xdc:20]
CRITICAL WARNING: [Common 17-55] 'set_property' expects at least one object. [/home/mshrimp/gitclones/EEE3163/Verilog/EEE3163/EEE3163.srcs/constrs_1/imports/src/pcfg2019_constraints.xdc:20]
Resolution: If [get_<value>] was used to populate the object, check to make sure this command returns at least one valid object.
WARNING: [Vivado 12-584] No ports matched 'm_adc_lvds_reset'. [/home/mshrimp/gitclones/EEE3163/Verilog/EEE3163/EEE3163.srcs/constrs_1/imports/src/pcfg2019_constraints.xdc:21]
CRITICAL WARNING: [Common 17-55] 'set_property' expects at least one object. [/home/mshrimp/gitclones/EEE3163/Verilog/EEE3163/EEE3163.srcs/constrs_1/imports/src/pcfg2019_constraints.xdc:21]
Resolution: If [get_<value>] was used to populate the object, check to make sure this command returns at least one valid object.
WARNING: [Vivado 12-584] No ports matched 'm_adc_lvds_dco'. [/home/mshrimp/gitclones/EEE3163/Verilog/EEE3163/EEE3163.srcs/constrs_1/imports/src/pcfg2019_constraints.xdc:22]
CRITICAL WARNING: [Common 17-55] 'set_property' expects at least one object. [/home/mshrimp/gitclones/EEE3163/Verilog/EEE3163/EEE3163.srcs/constrs_1/imports/src/pcfg2019_constraints.xdc:22]
Resolution: If [get_<value>] was used to populate the object, check to make sure this command returns at least one valid object.
WARNING: [Vivado 12-584] No ports matched 'm_adc_lvds_dco_n'. [/home/mshrimp/gitclones/EEE3163/Verilog/EEE3163/EEE3163.srcs/constrs_1/imports/src/pcfg2019_constraints.xdc:23]
CRITICAL WARNING: [Common 17-55] 'set_property' expects at least one object. [/home/mshrimp/gitclones/EEE3163/Verilog/EEE3163/EEE3163.srcs/constrs_1/imports/src/pcfg2019_constraints.xdc:23]
Resolution: If [get_<value>] was used to populate the object, check to make sure this command returns at least one valid object.
WARNING: [Vivado 12-584] No ports matched 'm_sram_a[0]'. [/home/mshrimp/gitclones/EEE3163/Verilog/EEE3163/EEE3163.srcs/constrs_1/imports/src/pcfg2019_constraints.xdc:24]
CRITICAL WARNING: [Common 17-55] 'set_property' expects at least one object. [/home/mshrimp/gitclones/EEE3163/Verilog/EEE3163/EEE3163.srcs/constrs_1/imports/src/pcfg2019_constraints.xdc:24]
Resolution: If [get_<value>] was used to populate the object, check to make sure this command returns at least one valid object.
WARNING: [Vivado 12-584] No ports matched 'm_sram_a[1]'. [/home/mshrimp/gitclones/EEE3163/Verilog/EEE3163/EEE3163.srcs/constrs_1/imports/src/pcfg2019_constraints.xdc:25]
CRITICAL WARNING: [Common 17-55] 'set_property' expects at least one object. [/home/mshrimp/gitclones/EEE3163/Verilog/EEE3163/EEE3163.srcs/constrs_1/imports/src/pcfg2019_constraints.xdc:25]
Resolution: If [get_<value>] was used to populate the object, check to make sure this command returns at least one valid object.
WARNING: [Vivado 12-584] No ports matched 'm_sram_a[2]'. [/home/mshrimp/gitclones/EEE3163/Verilog/EEE3163/EEE3163.srcs/constrs_1/imports/src/pcfg2019_constraints.xdc:26]
CRITICAL WARNING: [Common 17-55] 'set_property' expects at least one object. [/home/mshrimp/gitclones/EEE3163/Verilog/EEE3163/EEE3163.srcs/constrs_1/imports/src/pcfg2019_constraints.xdc:26]
Resolution: If [get_<value>] was used to populate the object, check to make sure this command returns at least one valid object.
WARNING: [Vivado 12-584] No ports matched 'm_sram_a[3]'. [/home/mshrimp/gitclones/EEE3163/Verilog/EEE3163/EEE3163.srcs/constrs_1/imports/src/pcfg2019_constraints.xdc:27]
CRITICAL WARNING: [Common 17-55] 'set_property' expects at least one object. [/home/mshrimp/gitclones/EEE3163/Verilog/EEE3163/EEE3163.srcs/constrs_1/imports/src/pcfg2019_constraints.xdc:27]
Resolution: If [get_<value>] was used to populate the object, check to make sure this command returns at least one valid object.
WARNING: [Vivado 12-584] No ports matched 'm_sram_a[4]'. [/home/mshrimp/gitclones/EEE3163/Verilog/EEE3163/EEE3163.srcs/constrs_1/imports/src/pcfg2019_constraints.xdc:28]
CRITICAL WARNING: [Common 17-55] 'set_property' expects at least one object. [/home/mshrimp/gitclones/EEE3163/Verilog/EEE3163/EEE3163.srcs/constrs_1/imports/src/pcfg2019_constraints.xdc:28]
Resolution: If [get_<value>] was used to populate the object, check to make sure this command returns at least one valid object.
WARNING: [Vivado 12-584] No ports matched 'm_sram_a[5]'. [/home/mshrimp/gitclones/EEE3163/Verilog/EEE3163/EEE3163.srcs/constrs_1/imports/src/pcfg2019_constraints.xdc:29]
CRITICAL WARNING: [Common 17-55] 'set_property' expects at least one object. [/home/mshrimp/gitclones/EEE3163/Verilog/EEE3163/EEE3163.srcs/constrs_1/imports/src/pcfg2019_constraints.xdc:29]
Resolution: If [get_<value>] was used to populate the object, check to make sure this command returns at least one valid object.
WARNING: [Vivado 12-584] No ports matched 'm_sram_a[6]'. [/home/mshrimp/gitclones/EEE3163/Verilog/EEE3163/EEE3163.srcs/constrs_1/imports/src/pcfg2019_constraints.xdc:30]
CRITICAL WARNING: [Common 17-55] 'set_property' expects at least one object. [/home/mshrimp/gitclones/EEE3163/Verilog/EEE3163/EEE3163.srcs/constrs_1/imports/src/pcfg2019_constraints.xdc:30]
Resolution: If [get_<value>] was used to populate the object, check to make sure this command returns at least one valid object.
WARNING: [Vivado 12-584] No ports matched 'm_sram_a[7]'. [/home/mshrimp/gitclones/EEE3163/Verilog/EEE3163/EEE3163.srcs/constrs_1/imports/src/pcfg2019_constraints.xdc:31]
CRITICAL WARNING: [Common 17-55] 'set_property' expects at least one object. [/home/mshrimp/gitclones/EEE3163/Verilog/EEE3163/EEE3163.srcs/constrs_1/imports/src/pcfg2019_constraints.xdc:31]
Resolution: If [get_<value>] was used to populate the object, check to make sure this command returns at least one valid object.
WARNING: [Vivado 12-584] No ports matched 'm_sram_a[8]'. [/home/mshrimp/gitclones/EEE3163/Verilog/EEE3163/EEE3163.srcs/constrs_1/imports/src/pcfg2019_constraints.xdc:32]
CRITICAL WARNING: [Common 17-55] 'set_property' expects at least one object. [/home/mshrimp/gitclones/EEE3163/Verilog/EEE3163/EEE3163.srcs/constrs_1/imports/src/pcfg2019_constraints.xdc:32]
Resolution: If [get_<value>] was used to populate the object, check to make sure this command returns at least one valid object.
WARNING: [Vivado 12-584] No ports matched 'm_sram_a[9]'. [/home/mshrimp/gitclones/EEE3163/Verilog/EEE3163/EEE3163.srcs/constrs_1/imports/src/pcfg2019_constraints.xdc:33]
CRITICAL WARNING: [Common 17-55] 'set_property' expects at least one object. [/home/mshrimp/gitclones/EEE3163/Verilog/EEE3163/EEE3163.srcs/constrs_1/imports/src/pcfg2019_constraints.xdc:33]
Resolution: If [get_<value>] was used to populate the object, check to make sure this command returns at least one valid object.
WARNING: [Vivado 12-584] No ports matched 'm_sram_a[10]'. [/home/mshrimp/gitclones/EEE3163/Verilog/EEE3163/EEE3163.srcs/constrs_1/imports/src/pcfg2019_constraints.xdc:34]
CRITICAL WARNING: [Common 17-55] 'set_property' expects at least one object. [/home/mshrimp/gitclones/EEE3163/Verilog/EEE3163/EEE3163.srcs/constrs_1/imports/src/pcfg2019_constraints.xdc:34]
Resolution: If [get_<value>] was used to populate the object, check to make sure this command returns at least one valid object.
WARNING: [Vivado 12-584] No ports matched 'm_sram_a[11]'. [/home/mshrimp/gitclones/EEE3163/Verilog/EEE3163/EEE3163.srcs/constrs_1/imports/src/pcfg2019_constraints.xdc:35]
CRITICAL WARNING: [Common 17-55] 'set_property' expects at least one object. [/home/mshrimp/gitclones/EEE3163/Verilog/EEE3163/EEE3163.srcs/constrs_1/imports/src/pcfg2019_constraints.xdc:35]
Resolution: If [get_<value>] was used to populate the object, check to make sure this command returns at least one valid object.
WARNING: [Vivado 12-584] No ports matched 'm_sram_a[12]'. [/home/mshrimp/gitclones/EEE3163/Verilog/EEE3163/EEE3163.srcs/constrs_1/imports/src/pcfg2019_constraints.xdc:36]
CRITICAL WARNING: [Common 17-55] 'set_property' expects at least one object. [/home/mshrimp/gitclones/EEE3163/Verilog/EEE3163/EEE3163.srcs/constrs_1/imports/src/pcfg2019_constraints.xdc:36]
Resolution: If [get_<value>] was used to populate the object, check to make sure this command returns at least one valid object.
WARNING: [Vivado 12-584] No ports matched 'm_sram_a[13]'. [/home/mshrimp/gitclones/EEE3163/Verilog/EEE3163/EEE3163.srcs/constrs_1/imports/src/pcfg2019_constraints.xdc:37]
CRITICAL WARNING: [Common 17-55] 'set_property' expects at least one object. [/home/mshrimp/gitclones/EEE3163/Verilog/EEE3163/EEE3163.srcs/constrs_1/imports/src/pcfg2019_constraints.xdc:37]
Resolution: If [get_<value>] was used to populate the object, check to make sure this command returns at least one valid object.
WARNING: [Vivado 12-584] No ports matched 'm_sram_a[14]'. [/home/mshrimp/gitclones/EEE3163/Verilog/EEE3163/EEE3163.srcs/constrs_1/imports/src/pcfg2019_constraints.xdc:38]
CRITICAL WARNING: [Common 17-55] 'set_property' expects at least one object. [/home/mshrimp/gitclones/EEE3163/Verilog/EEE3163/EEE3163.srcs/constrs_1/imports/src/pcfg2019_constraints.xdc:38]
Resolution: If [get_<value>] was used to populate the object, check to make sure this command returns at least one valid object.
WARNING: [Vivado 12-584] No ports matched 'm_sram_a[15]'. [/home/mshrimp/gitclones/EEE3163/Verilog/EEE3163/EEE3163.srcs/constrs_1/imports/src/pcfg2019_constraints.xdc:39]
CRITICAL WARNING: [Common 17-55] 'set_property' expects at least one object. [/home/mshrimp/gitclones/EEE3163/Verilog/EEE3163/EEE3163.srcs/constrs_1/imports/src/pcfg2019_constraints.xdc:39]
Resolution: If [get_<value>] was used to populate the object, check to make sure this command returns at least one valid object.
WARNING: [Vivado 12-584] No ports matched 'm_sram_a[16]'. [/home/mshrimp/gitclones/EEE3163/Verilog/EEE3163/EEE3163.srcs/constrs_1/imports/src/pcfg2019_constraints.xdc:40]
CRITICAL WARNING: [Common 17-55] 'set_property' expects at least one object. [/home/mshrimp/gitclones/EEE3163/Verilog/EEE3163/EEE3163.srcs/constrs_1/imports/src/pcfg2019_constraints.xdc:40]
Resolution: If [get_<value>] was used to populate the object, check to make sure this command returns at least one valid object.
WARNING: [Vivado 12-584] No ports matched 'm_sram_a[17]'. [/home/mshrimp/gitclones/EEE3163/Verilog/EEE3163/EEE3163.srcs/constrs_1/imports/src/pcfg2019_constraints.xdc:41]
CRITICAL WARNING: [Common 17-55] 'set_property' expects at least one object. [/home/mshrimp/gitclones/EEE3163/Verilog/EEE3163/EEE3163.srcs/constrs_1/imports/src/pcfg2019_constraints.xdc:41]
Resolution: If [get_<value>] was used to populate the object, check to make sure this command returns at least one valid object.
WARNING: [Vivado 12-584] No ports matched 'm_sram_a[18]'. [/home/mshrimp/gitclones/EEE3163/Verilog/EEE3163/EEE3163.srcs/constrs_1/imports/src/pcfg2019_constraints.xdc:42]
CRITICAL WARNING: [Common 17-55] 'set_property' expects at least one object. [/home/mshrimp/gitclones/EEE3163/Verilog/EEE3163/EEE3163.srcs/constrs_1/imports/src/pcfg2019_constraints.xdc:42]
Resolution: If [get_<value>] was used to populate the object, check to make sure this command returns at least one valid object.
WARNING: [Vivado 12-584] No ports matched 'm_sram_io[0]'. [/home/mshrimp/gitclones/EEE3163/Verilog/EEE3163/EEE3163.srcs/constrs_1/imports/src/pcfg2019_constraints.xdc:43]
CRITICAL WARNING: [Common 17-55] 'set_property' expects at least one object. [/home/mshrimp/gitclones/EEE3163/Verilog/EEE3163/EEE3163.srcs/constrs_1/imports/src/pcfg2019_constraints.xdc:43]
Resolution: If [get_<value>] was used to populate the object, check to make sure this command returns at least one valid object.
WARNING: [Vivado 12-584] No ports matched 'm_sram_io[1]'. [/home/mshrimp/gitclones/EEE3163/Verilog/EEE3163/EEE3163.srcs/constrs_1/imports/src/pcfg2019_constraints.xdc:44]
CRITICAL WARNING: [Common 17-55] 'set_property' expects at least one object. [/home/mshrimp/gitclones/EEE3163/Verilog/EEE3163/EEE3163.srcs/constrs_1/imports/src/pcfg2019_constraints.xdc:44]
Resolution: If [get_<value>] was used to populate the object, check to make sure this command returns at least one valid object.
WARNING: [Vivado 12-584] No ports matched 'm_sram_io[2]'. [/home/mshrimp/gitclones/EEE3163/Verilog/EEE3163/EEE3163.srcs/constrs_1/imports/src/pcfg2019_constraints.xdc:45]
CRITICAL WARNING: [Common 17-55] 'set_property' expects at least one object. [/home/mshrimp/gitclones/EEE3163/Verilog/EEE3163/EEE3163.srcs/constrs_1/imports/src/pcfg2019_constraints.xdc:45]
Resolution: If [get_<value>] was used to populate the object, check to make sure this command returns at least one valid object.
WARNING: [Vivado 12-584] No ports matched 'm_sram_io[3]'. [/home/mshrimp/gitclones/EEE3163/Verilog/EEE3163/EEE3163.srcs/constrs_1/imports/src/pcfg2019_constraints.xdc:46]
CRITICAL WARNING: [Common 17-55] 'set_property' expects at least one object. [/home/mshrimp/gitclones/EEE3163/Verilog/EEE3163/EEE3163.srcs/constrs_1/imports/src/pcfg2019_constraints.xdc:46]
Resolution: If [get_<value>] was used to populate the object, check to make sure this command returns at least one valid object.
WARNING: [Vivado 12-584] No ports matched 'm_sram_io[4]'. [/home/mshrimp/gitclones/EEE3163/Verilog/EEE3163/EEE3163.srcs/constrs_1/imports/src/pcfg2019_constraints.xdc:47]
CRITICAL WARNING: [Common 17-55] 'set_property' expects at least one object. [/home/mshrimp/gitclones/EEE3163/Verilog/EEE3163/EEE3163.srcs/constrs_1/imports/src/pcfg2019_constraints.xdc:47]
Resolution: If [get_<value>] was used to populate the object, check to make sure this command returns at least one valid object.
WARNING: [Vivado 12-584] No ports matched 'm_sram_io[5]'. [/home/mshrimp/gitclones/EEE3163/Verilog/EEE3163/EEE3163.srcs/constrs_1/imports/src/pcfg2019_constraints.xdc:48]
CRITICAL WARNING: [Common 17-55] 'set_property' expects at least one object. [/home/mshrimp/gitclones/EEE3163/Verilog/EEE3163/EEE3163.srcs/constrs_1/imports/src/pcfg2019_constraints.xdc:48]
Resolution: If [get_<value>] was used to populate the object, check to make sure this command returns at least one valid object.
WARNING: [Vivado 12-584] No ports matched 'm_sram_io[6]'. [/home/mshrimp/gitclones/EEE3163/Verilog/EEE3163/EEE3163.srcs/constrs_1/imports/src/pcfg2019_constraints.xdc:49]
CRITICAL WARNING: [Common 17-55] 'set_property' expects at least one object. [/home/mshrimp/gitclones/EEE3163/Verilog/EEE3163/EEE3163.srcs/constrs_1/imports/src/pcfg2019_constraints.xdc:49]
Resolution: If [get_<value>] was used to populate the object, check to make sure this command returns at least one valid object.
WARNING: [Vivado 12-584] No ports matched 'm_sram_io[7]'. [/home/mshrimp/gitclones/EEE3163/Verilog/EEE3163/EEE3163.srcs/constrs_1/imports/src/pcfg2019_constraints.xdc:50]
CRITICAL WARNING: [Common 17-55] 'set_property' expects at least one object. [/home/mshrimp/gitclones/EEE3163/Verilog/EEE3163/EEE3163.srcs/constrs_1/imports/src/pcfg2019_constraints.xdc:50]
Resolution: If [get_<value>] was used to populate the object, check to make sure this command returns at least one valid object.
WARNING: [Vivado 12-584] No ports matched 'm_SRAM_CE_B'. [/home/mshrimp/gitclones/EEE3163/Verilog/EEE3163/EEE3163.srcs/constrs_1/imports/src/pcfg2019_constraints.xdc:51]
CRITICAL WARNING: [Common 17-55] 'set_property' expects at least one object. [/home/mshrimp/gitclones/EEE3163/Verilog/EEE3163/EEE3163.srcs/constrs_1/imports/src/pcfg2019_constraints.xdc:51]
Resolution: If [get_<value>] was used to populate the object, check to make sure this command returns at least one valid object.
WARNING: [Vivado 12-584] No ports matched 'm_SRAM_OE_B'. [/home/mshrimp/gitclones/EEE3163/Verilog/EEE3163/EEE3163.srcs/constrs_1/imports/src/pcfg2019_constraints.xdc:52]
CRITICAL WARNING: [Common 17-55] 'set_property' expects at least one object. [/home/mshrimp/gitclones/EEE3163/Verilog/EEE3163/EEE3163.srcs/constrs_1/imports/src/pcfg2019_constraints.xdc:52]
Resolution: If [get_<value>] was used to populate the object, check to make sure this command returns at least one valid object.
WARNING: [Vivado 12-584] No ports matched 'm_SRAM_WE_B'. [/home/mshrimp/gitclones/EEE3163/Verilog/EEE3163/EEE3163.srcs/constrs_1/imports/src/pcfg2019_constraints.xdc:53]
CRITICAL WARNING: [Common 17-55] 'set_property' expects at least one object. [/home/mshrimp/gitclones/EEE3163/Verilog/EEE3163/EEE3163.srcs/constrs_1/imports/src/pcfg2019_constraints.xdc:53]
Resolution: If [get_<value>] was used to populate the object, check to make sure this command returns at least one valid object.
WARNING: [Vivado 12-584] No ports matched 'm_SPI_S_B'. [/home/mshrimp/gitclones/EEE3163/Verilog/EEE3163/EEE3163.srcs/constrs_1/imports/src/pcfg2019_constraints.xdc:54]
CRITICAL WARNING: [Common 17-55] 'set_property' expects at least one object. [/home/mshrimp/gitclones/EEE3163/Verilog/EEE3163/EEE3163.srcs/constrs_1/imports/src/pcfg2019_constraints.xdc:54]
Resolution: If [get_<value>] was used to populate the object, check to make sure this command returns at least one valid object.
WARNING: [Vivado 12-584] No ports matched 'm_spi_dq[0]'. [/home/mshrimp/gitclones/EEE3163/Verilog/EEE3163/EEE3163.srcs/constrs_1/imports/src/pcfg2019_constraints.xdc:55]
CRITICAL WARNING: [Common 17-55] 'set_property' expects at least one object. [/home/mshrimp/gitclones/EEE3163/Verilog/EEE3163/EEE3163.srcs/constrs_1/imports/src/pcfg2019_constraints.xdc:55]
Resolution: If [get_<value>] was used to populate the object, check to make sure this command returns at least one valid object.
WARNING: [Vivado 12-584] No ports matched 'm_spi_dq[1]'. [/home/mshrimp/gitclones/EEE3163/Verilog/EEE3163/EEE3163.srcs/constrs_1/imports/src/pcfg2019_constraints.xdc:56]
CRITICAL WARNING: [Common 17-55] 'set_property' expects at least one object. [/home/mshrimp/gitclones/EEE3163/Verilog/EEE3163/EEE3163.srcs/constrs_1/imports/src/pcfg2019_constraints.xdc:56]
Resolution: If [get_<value>] was used to populate the object, check to make sure this command returns at least one valid object.
WARNING: [Vivado 12-584] No ports matched 'm_spi_dq[2]'. [/home/mshrimp/gitclones/EEE3163/Verilog/EEE3163/EEE3163.srcs/constrs_1/imports/src/pcfg2019_constraints.xdc:57]
CRITICAL WARNING: [Common 17-55] 'set_property' expects at least one object. [/home/mshrimp/gitclones/EEE3163/Verilog/EEE3163/EEE3163.srcs/constrs_1/imports/src/pcfg2019_constraints.xdc:57]
Resolution: If [get_<value>] was used to populate the object, check to make sure this command returns at least one valid object.
WARNING: [Vivado 12-584] No ports matched 'm_spi_dq[3]'. [/home/mshrimp/gitclones/EEE3163/Verilog/EEE3163/EEE3163.srcs/constrs_1/imports/src/pcfg2019_constraints.xdc:58]
CRITICAL WARNING: [Common 17-55] 'set_property' expects at least one object. [/home/mshrimp/gitclones/EEE3163/Verilog/EEE3163/EEE3163.srcs/constrs_1/imports/src/pcfg2019_constraints.xdc:58]
Resolution: If [get_<value>] was used to populate the object, check to make sure this command returns at least one valid object.
WARNING: [Vivado 12-584] No ports matched 'm_ddr3_dq[0]'. [/home/mshrimp/gitclones/EEE3163/Verilog/EEE3163/EEE3163.srcs/constrs_1/imports/src/pcfg2019_constraints.xdc:59]
CRITICAL WARNING: [Common 17-55] 'set_property' expects at least one object. [/home/mshrimp/gitclones/EEE3163/Verilog/EEE3163/EEE3163.srcs/constrs_1/imports/src/pcfg2019_constraints.xdc:59]
Resolution: If [get_<value>] was used to populate the object, check to make sure this command returns at least one valid object.
WARNING: [Vivado 12-584] No ports matched 'm_ddr3_dq[1]'. [/home/mshrimp/gitclones/EEE3163/Verilog/EEE3163/EEE3163.srcs/constrs_1/imports/src/pcfg2019_constraints.xdc:60]
CRITICAL WARNING: [Common 17-55] 'set_property' expects at least one object. [/home/mshrimp/gitclones/EEE3163/Verilog/EEE3163/EEE3163.srcs/constrs_1/imports/src/pcfg2019_constraints.xdc:60]
Resolution: If [get_<value>] was used to populate the object, check to make sure this command returns at least one valid object.
WARNING: [Vivado 12-584] No ports matched 'm_ddr3_dq[2]'. [/home/mshrimp/gitclones/EEE3163/Verilog/EEE3163/EEE3163.srcs/constrs_1/imports/src/pcfg2019_constraints.xdc:61]
CRITICAL WARNING: [Common 17-55] 'set_property' expects at least one object. [/home/mshrimp/gitclones/EEE3163/Verilog/EEE3163/EEE3163.srcs/constrs_1/imports/src/pcfg2019_constraints.xdc:61]
Resolution: If [get_<value>] was used to populate the object, check to make sure this command returns at least one valid object.
WARNING: [Vivado 12-584] No ports matched 'm_ddr3_dq[3]'. [/home/mshrimp/gitclones/EEE3163/Verilog/EEE3163/EEE3163.srcs/constrs_1/imports/src/pcfg2019_constraints.xdc:62]
CRITICAL WARNING: [Common 17-55] 'set_property' expects at least one object. [/home/mshrimp/gitclones/EEE3163/Verilog/EEE3163/EEE3163.srcs/constrs_1/imports/src/pcfg2019_constraints.xdc:62]
Resolution: If [get_<value>] was used to populate the object, check to make sure this command returns at least one valid object.
WARNING: [Vivado 12-584] No ports matched 'm_ddr3_dq[4]'. [/home/mshrimp/gitclones/EEE3163/Verilog/EEE3163/EEE3163.srcs/constrs_1/imports/src/pcfg2019_constraints.xdc:63]
CRITICAL WARNING: [Common 17-55] 'set_property' expects at least one object. [/home/mshrimp/gitclones/EEE3163/Verilog/EEE3163/EEE3163.srcs/constrs_1/imports/src/pcfg2019_constraints.xdc:63]
Resolution: If [get_<value>] was used to populate the object, check to make sure this command returns at least one valid object.
WARNING: [Vivado 12-584] No ports matched 'm_ddr3_dq[5]'. [/home/mshrimp/gitclones/EEE3163/Verilog/EEE3163/EEE3163.srcs/constrs_1/imports/src/pcfg2019_constraints.xdc:64]
CRITICAL WARNING: [Common 17-55] 'set_property' expects at least one object. [/home/mshrimp/gitclones/EEE3163/Verilog/EEE3163/EEE3163.srcs/constrs_1/imports/src/pcfg2019_constraints.xdc:64]
Resolution: If [get_<value>] was used to populate the object, check to make sure this command returns at least one valid object.
WARNING: [Vivado 12-584] No ports matched 'm_ddr3_dq[6]'. [/home/mshrimp/gitclones/EEE3163/Verilog/EEE3163/EEE3163.srcs/constrs_1/imports/src/pcfg2019_constraints.xdc:65]
CRITICAL WARNING: [Common 17-55] 'set_property' expects at least one object. [/home/mshrimp/gitclones/EEE3163/Verilog/EEE3163/EEE3163.srcs/constrs_1/imports/src/pcfg2019_constraints.xdc:65]
Resolution: If [get_<value>] was used to populate the object, check to make sure this command returns at least one valid object.
WARNING: [Vivado 12-584] No ports matched 'm_ddr3_dq[7]'. [/home/mshrimp/gitclones/EEE3163/Verilog/EEE3163/EEE3163.srcs/constrs_1/imports/src/pcfg2019_constraints.xdc:66]
CRITICAL WARNING: [Common 17-55] 'set_property' expects at least one object. [/home/mshrimp/gitclones/EEE3163/Verilog/EEE3163/EEE3163.srcs/constrs_1/imports/src/pcfg2019_constraints.xdc:66]
Resolution: If [get_<value>] was used to populate the object, check to make sure this command returns at least one valid object.
WARNING: [Vivado 12-584] No ports matched 'm_ddr3_dq[8]'. [/home/mshrimp/gitclones/EEE3163/Verilog/EEE3163/EEE3163.srcs/constrs_1/imports/src/pcfg2019_constraints.xdc:67]
CRITICAL WARNING: [Common 17-55] 'set_property' expects at least one object. [/home/mshrimp/gitclones/EEE3163/Verilog/EEE3163/EEE3163.srcs/constrs_1/imports/src/pcfg2019_constraints.xdc:67]
Resolution: If [get_<value>] was used to populate the object, check to make sure this command returns at least one valid object.
WARNING: [Vivado 12-584] No ports matched 'm_ddr3_dq[9]'. [/home/mshrimp/gitclones/EEE3163/Verilog/EEE3163/EEE3163.srcs/constrs_1/imports/src/pcfg2019_constraints.xdc:68]
CRITICAL WARNING: [Common 17-55] 'set_property' expects at least one object. [/home/mshrimp/gitclones/EEE3163/Verilog/EEE3163/EEE3163.srcs/constrs_1/imports/src/pcfg2019_constraints.xdc:68]
Resolution: If [get_<value>] was used to populate the object, check to make sure this command returns at least one valid object.
WARNING: [Vivado 12-584] No ports matched 'm_ddr3_dq[10]'. [/home/mshrimp/gitclones/EEE3163/Verilog/EEE3163/EEE3163.srcs/constrs_1/imports/src/pcfg2019_constraints.xdc:69]
CRITICAL WARNING: [Common 17-55] 'set_property' expects at least one object. [/home/mshrimp/gitclones/EEE3163/Verilog/EEE3163/EEE3163.srcs/constrs_1/imports/src/pcfg2019_constraints.xdc:69]
Resolution: If [get_<value>] was used to populate the object, check to make sure this command returns at least one valid object.
WARNING: [Vivado 12-584] No ports matched 'm_ddr3_dq[11]'. [/home/mshrimp/gitclones/EEE3163/Verilog/EEE3163/EEE3163.srcs/constrs_1/imports/src/pcfg2019_constraints.xdc:70]
CRITICAL WARNING: [Common 17-55] 'set_property' expects at least one object. [/home/mshrimp/gitclones/EEE3163/Verilog/EEE3163/EEE3163.srcs/constrs_1/imports/src/pcfg2019_constraints.xdc:70]
Resolution: If [get_<value>] was used to populate the object, check to make sure this command returns at least one valid object.
WARNING: [Vivado 12-584] No ports matched 'm_ddr3_dq[12]'. [/home/mshrimp/gitclones/EEE3163/Verilog/EEE3163/EEE3163.srcs/constrs_1/imports/src/pcfg2019_constraints.xdc:71]
CRITICAL WARNING: [Common 17-55] 'set_property' expects at least one object. [/home/mshrimp/gitclones/EEE3163/Verilog/EEE3163/EEE3163.srcs/constrs_1/imports/src/pcfg2019_constraints.xdc:71]
Resolution: If [get_<value>] was used to populate the object, check to make sure this command returns at least one valid object.
WARNING: [Vivado 12-584] No ports matched 'm_ddr3_dq[13]'. [/home/mshrimp/gitclones/EEE3163/Verilog/EEE3163/EEE3163.srcs/constrs_1/imports/src/pcfg2019_constraints.xdc:72]
CRITICAL WARNING: [Common 17-55] 'set_property' expects at least one object. [/home/mshrimp/gitclones/EEE3163/Verilog/EEE3163/EEE3163.srcs/constrs_1/imports/src/pcfg2019_constraints.xdc:72]
Resolution: If [get_<value>] was used to populate the object, check to make sure this command returns at least one valid object.
WARNING: [Vivado 12-584] No ports matched 'm_ddr3_dq[14]'. [/home/mshrimp/gitclones/EEE3163/Verilog/EEE3163/EEE3163.srcs/constrs_1/imports/src/pcfg2019_constraints.xdc:73]
CRITICAL WARNING: [Common 17-55] 'set_property' expects at least one object. [/home/mshrimp/gitclones/EEE3163/Verilog/EEE3163/EEE3163.srcs/constrs_1/imports/src/pcfg2019_constraints.xdc:73]
Resolution: If [get_<value>] was used to populate the object, check to make sure this command returns at least one valid object.
WARNING: [Vivado 12-584] No ports matched 'm_ddr3_dq[15]'. [/home/mshrimp/gitclones/EEE3163/Verilog/EEE3163/EEE3163.srcs/constrs_1/imports/src/pcfg2019_constraints.xdc:74]
CRITICAL WARNING: [Common 17-55] 'set_property' expects at least one object. [/home/mshrimp/gitclones/EEE3163/Verilog/EEE3163/EEE3163.srcs/constrs_1/imports/src/pcfg2019_constraints.xdc:74]
Resolution: If [get_<value>] was used to populate the object, check to make sure this command returns at least one valid object.
WARNING: [Vivado 12-584] No ports matched 'm_ddr3_a[0]'. [/home/mshrimp/gitclones/EEE3163/Verilog/EEE3163/EEE3163.srcs/constrs_1/imports/src/pcfg2019_constraints.xdc:75]
CRITICAL WARNING: [Common 17-55] 'set_property' expects at least one object. [/home/mshrimp/gitclones/EEE3163/Verilog/EEE3163/EEE3163.srcs/constrs_1/imports/src/pcfg2019_constraints.xdc:75]
Resolution: If [get_<value>] was used to populate the object, check to make sure this command returns at least one valid object.
WARNING: [Vivado 12-584] No ports matched 'm_ddr3_a[1]'. [/home/mshrimp/gitclones/EEE3163/Verilog/EEE3163/EEE3163.srcs/constrs_1/imports/src/pcfg2019_constraints.xdc:76]
CRITICAL WARNING: [Common 17-55] 'set_property' expects at least one object. [/home/mshrimp/gitclones/EEE3163/Verilog/EEE3163/EEE3163.srcs/constrs_1/imports/src/pcfg2019_constraints.xdc:76]
Resolution: If [get_<value>] was used to populate the object, check to make sure this command returns at least one valid object.
WARNING: [Vivado 12-584] No ports matched 'm_ddr3_a[2]'. [/home/mshrimp/gitclones/EEE3163/Verilog/EEE3163/EEE3163.srcs/constrs_1/imports/src/pcfg2019_constraints.xdc:77]
CRITICAL WARNING: [Common 17-55] 'set_property' expects at least one object. [/home/mshrimp/gitclones/EEE3163/Verilog/EEE3163/EEE3163.srcs/constrs_1/imports/src/pcfg2019_constraints.xdc:77]
Resolution: If [get_<value>] was used to populate the object, check to make sure this command returns at least one valid object.
WARNING: [Vivado 12-584] No ports matched 'm_ddr3_a[3]'. [/home/mshrimp/gitclones/EEE3163/Verilog/EEE3163/EEE3163.srcs/constrs_1/imports/src/pcfg2019_constraints.xdc:78]
CRITICAL WARNING: [Common 17-55] 'set_property' expects at least one object. [/home/mshrimp/gitclones/EEE3163/Verilog/EEE3163/EEE3163.srcs/constrs_1/imports/src/pcfg2019_constraints.xdc:78]
Resolution: If [get_<value>] was used to populate the object, check to make sure this command returns at least one valid object.
WARNING: [Vivado 12-584] No ports matched 'm_ddr3_a[4]'. [/home/mshrimp/gitclones/EEE3163/Verilog/EEE3163/EEE3163.srcs/constrs_1/imports/src/pcfg2019_constraints.xdc:79]
CRITICAL WARNING: [Common 17-55] 'set_property' expects at least one object. [/home/mshrimp/gitclones/EEE3163/Verilog/EEE3163/EEE3163.srcs/constrs_1/imports/src/pcfg2019_constraints.xdc:79]
Resolution: If [get_<value>] was used to populate the object, check to make sure this command returns at least one valid object.
WARNING: [Vivado 12-584] No ports matched 'm_ddr3_a[5]'. [/home/mshrimp/gitclones/EEE3163/Verilog/EEE3163/EEE3163.srcs/constrs_1/imports/src/pcfg2019_constraints.xdc:80]
CRITICAL WARNING: [Common 17-55] 'set_property' expects at least one object. [/home/mshrimp/gitclones/EEE3163/Verilog/EEE3163/EEE3163.srcs/constrs_1/imports/src/pcfg2019_constraints.xdc:80]
Resolution: If [get_<value>] was used to populate the object, check to make sure this command returns at least one valid object.
WARNING: [Vivado 12-584] No ports matched 'm_ddr3_a[6]'. [/home/mshrimp/gitclones/EEE3163/Verilog/EEE3163/EEE3163.srcs/constrs_1/imports/src/pcfg2019_constraints.xdc:81]
CRITICAL WARNING: [Common 17-55] 'set_property' expects at least one object. [/home/mshrimp/gitclones/EEE3163/Verilog/EEE3163/EEE3163.srcs/constrs_1/imports/src/pcfg2019_constraints.xdc:81]
Resolution: If [get_<value>] was used to populate the object, check to make sure this command returns at least one valid object.
WARNING: [Vivado 12-584] No ports matched 'm_ddr3_a[7]'. [/home/mshrimp/gitclones/EEE3163/Verilog/EEE3163/EEE3163.srcs/constrs_1/imports/src/pcfg2019_constraints.xdc:82]
CRITICAL WARNING: [Common 17-55] 'set_property' expects at least one object. [/home/mshrimp/gitclones/EEE3163/Verilog/EEE3163/EEE3163.srcs/constrs_1/imports/src/pcfg2019_constraints.xdc:82]
Resolution: If [get_<value>] was used to populate the object, check to make sure this command returns at least one valid object.
WARNING: [Vivado 12-584] No ports matched 'm_ddr3_a[8]'. [/home/mshrimp/gitclones/EEE3163/Verilog/EEE3163/EEE3163.srcs/constrs_1/imports/src/pcfg2019_constraints.xdc:83]
CRITICAL WARNING: [Common 17-55] 'set_property' expects at least one object. [/home/mshrimp/gitclones/EEE3163/Verilog/EEE3163/EEE3163.srcs/constrs_1/imports/src/pcfg2019_constraints.xdc:83]
Resolution: If [get_<value>] was used to populate the object, check to make sure this command returns at least one valid object.
WARNING: [Vivado 12-584] No ports matched 'm_ddr3_a[9]'. [/home/mshrimp/gitclones/EEE3163/Verilog/EEE3163/EEE3163.srcs/constrs_1/imports/src/pcfg2019_constraints.xdc:84]
CRITICAL WARNING: [Common 17-55] 'set_property' expects at least one object. [/home/mshrimp/gitclones/EEE3163/Verilog/EEE3163/EEE3163.srcs/constrs_1/imports/src/pcfg2019_constraints.xdc:84]
Resolution: If [get_<value>] was used to populate the object, check to make sure this command returns at least one valid object.
WARNING: [Vivado 12-584] No ports matched 'm_ddr3_a[10]'. [/home/mshrimp/gitclones/EEE3163/Verilog/EEE3163/EEE3163.srcs/constrs_1/imports/src/pcfg2019_constraints.xdc:85]
CRITICAL WARNING: [Common 17-55] 'set_property' expects at least one object. [/home/mshrimp/gitclones/EEE3163/Verilog/EEE3163/EEE3163.srcs/constrs_1/imports/src/pcfg2019_constraints.xdc:85]
Resolution: If [get_<value>] was used to populate the object, check to make sure this command returns at least one valid object.
WARNING: [Vivado 12-584] No ports matched 'm_ddr3_a[11]'. [/home/mshrimp/gitclones/EEE3163/Verilog/EEE3163/EEE3163.srcs/constrs_1/imports/src/pcfg2019_constraints.xdc:86]
CRITICAL WARNING: [Common 17-55] 'set_property' expects at least one object. [/home/mshrimp/gitclones/EEE3163/Verilog/EEE3163/EEE3163.srcs/constrs_1/imports/src/pcfg2019_constraints.xdc:86]
Resolution: If [get_<value>] was used to populate the object, check to make sure this command returns at least one valid object.
WARNING: [Vivado 12-584] No ports matched 'm_ddr3_a[12]'. [/home/mshrimp/gitclones/EEE3163/Verilog/EEE3163/EEE3163.srcs/constrs_1/imports/src/pcfg2019_constraints.xdc:87]
CRITICAL WARNING: [Common 17-55] 'set_property' expects at least one object. [/home/mshrimp/gitclones/EEE3163/Verilog/EEE3163/EEE3163.srcs/constrs_1/imports/src/pcfg2019_constraints.xdc:87]
Resolution: If [get_<value>] was used to populate the object, check to make sure this command returns at least one valid object.
WARNING: [Vivado 12-584] No ports matched 'm_ddr3_a[13]'. [/home/mshrimp/gitclones/EEE3163/Verilog/EEE3163/EEE3163.srcs/constrs_1/imports/src/pcfg2019_constraints.xdc:88]
CRITICAL WARNING: [Common 17-55] 'set_property' expects at least one object. [/home/mshrimp/gitclones/EEE3163/Verilog/EEE3163/EEE3163.srcs/constrs_1/imports/src/pcfg2019_constraints.xdc:88]
Resolution: If [get_<value>] was used to populate the object, check to make sure this command returns at least one valid object.
WARNING: [Vivado 12-584] No ports matched 'm_ddr3_ba[0]'. [/home/mshrimp/gitclones/EEE3163/Verilog/EEE3163/EEE3163.srcs/constrs_1/imports/src/pcfg2019_constraints.xdc:89]
CRITICAL WARNING: [Common 17-55] 'set_property' expects at least one object. [/home/mshrimp/gitclones/EEE3163/Verilog/EEE3163/EEE3163.srcs/constrs_1/imports/src/pcfg2019_constraints.xdc:89]
Resolution: If [get_<value>] was used to populate the object, check to make sure this command returns at least one valid object.
WARNING: [Vivado 12-584] No ports matched 'm_ddr3_ba[1]'. [/home/mshrimp/gitclones/EEE3163/Verilog/EEE3163/EEE3163.srcs/constrs_1/imports/src/pcfg2019_constraints.xdc:90]
CRITICAL WARNING: [Common 17-55] 'set_property' expects at least one object. [/home/mshrimp/gitclones/EEE3163/Verilog/EEE3163/EEE3163.srcs/constrs_1/imports/src/pcfg2019_constraints.xdc:90]
Resolution: If [get_<value>] was used to populate the object, check to make sure this command returns at least one valid object.
WARNING: [Vivado 12-584] No ports matched 'm_ddr3_ba[2]'. [/home/mshrimp/gitclones/EEE3163/Verilog/EEE3163/EEE3163.srcs/constrs_1/imports/src/pcfg2019_constraints.xdc:91]
CRITICAL WARNING: [Common 17-55] 'set_property' expects at least one object. [/home/mshrimp/gitclones/EEE3163/Verilog/EEE3163/EEE3163.srcs/constrs_1/imports/src/pcfg2019_constraints.xdc:91]
Resolution: If [get_<value>] was used to populate the object, check to make sure this command returns at least one valid object.
WARNING: [Vivado 12-584] No ports matched 'm_ddr3_cas_b'. [/home/mshrimp/gitclones/EEE3163/Verilog/EEE3163/EEE3163.srcs/constrs_1/imports/src/pcfg2019_constraints.xdc:92]
CRITICAL WARNING: [Common 17-55] 'set_property' expects at least one object. [/home/mshrimp/gitclones/EEE3163/Verilog/EEE3163/EEE3163.srcs/constrs_1/imports/src/pcfg2019_constraints.xdc:92]
Resolution: If [get_<value>] was used to populate the object, check to make sure this command returns at least one valid object.
WARNING: [Vivado 12-584] No ports matched 'm_ddr3_ras_b'. [/home/mshrimp/gitclones/EEE3163/Verilog/EEE3163/EEE3163.srcs/constrs_1/imports/src/pcfg2019_constraints.xdc:93]
CRITICAL WARNING: [Common 17-55] 'set_property' expects at least one object. [/home/mshrimp/gitclones/EEE3163/Verilog/EEE3163/EEE3163.srcs/constrs_1/imports/src/pcfg2019_constraints.xdc:93]
Resolution: If [get_<value>] was used to populate the object, check to make sure this command returns at least one valid object.
WARNING: [Vivado 12-584] No ports matched 'm_ddr3_cs_b'. [/home/mshrimp/gitclones/EEE3163/Verilog/EEE3163/EEE3163.srcs/constrs_1/imports/src/pcfg2019_constraints.xdc:94]
CRITICAL WARNING: [Common 17-55] 'set_property' expects at least one object. [/home/mshrimp/gitclones/EEE3163/Verilog/EEE3163/EEE3163.srcs/constrs_1/imports/src/pcfg2019_constraints.xdc:94]
Resolution: If [get_<value>] was used to populate the object, check to make sure this command returns at least one valid object.
WARNING: [Vivado 12-584] No ports matched 'm_ddr3_we_b'. [/home/mshrimp/gitclones/EEE3163/Verilog/EEE3163/EEE3163.srcs/constrs_1/imports/src/pcfg2019_constraints.xdc:95]
CRITICAL WARNING: [Common 17-55] 'set_property' expects at least one object. [/home/mshrimp/gitclones/EEE3163/Verilog/EEE3163/EEE3163.srcs/constrs_1/imports/src/pcfg2019_constraints.xdc:95]
Resolution: If [get_<value>] was used to populate the object, check to make sure this command returns at least one valid object.
WARNING: [Vivado 12-584] No ports matched 'm_ddr3_reset_b'. [/home/mshrimp/gitclones/EEE3163/Verilog/EEE3163/EEE3163.srcs/constrs_1/imports/src/pcfg2019_constraints.xdc:96]
CRITICAL WARNING: [Common 17-55] 'set_property' expects at least one object. [/home/mshrimp/gitclones/EEE3163/Verilog/EEE3163/EEE3163.srcs/constrs_1/imports/src/pcfg2019_constraints.xdc:96]
Resolution: If [get_<value>] was used to populate the object, check to make sure this command returns at least one valid object.
WARNING: [Vivado 12-584] No ports matched 'm_ddr3_cke'. [/home/mshrimp/gitclones/EEE3163/Verilog/EEE3163/EEE3163.srcs/constrs_1/imports/src/pcfg2019_constraints.xdc:97]
CRITICAL WARNING: [Common 17-55] 'set_property' expects at least one object. [/home/mshrimp/gitclones/EEE3163/Verilog/EEE3163/EEE3163.srcs/constrs_1/imports/src/pcfg2019_constraints.xdc:97]
Resolution: If [get_<value>] was used to populate the object, check to make sure this command returns at least one valid object.
WARNING: [Vivado 12-584] No ports matched 'm_ddr3_ldm'. [/home/mshrimp/gitclones/EEE3163/Verilog/EEE3163/EEE3163.srcs/constrs_1/imports/src/pcfg2019_constraints.xdc:98]
CRITICAL WARNING: [Common 17-55] 'set_property' expects at least one object. [/home/mshrimp/gitclones/EEE3163/Verilog/EEE3163/EEE3163.srcs/constrs_1/imports/src/pcfg2019_constraints.xdc:98]
Resolution: If [get_<value>] was used to populate the object, check to make sure this command returns at least one valid object.
WARNING: [Vivado 12-584] No ports matched 'm_ddr3_udm'. [/home/mshrimp/gitclones/EEE3163/Verilog/EEE3163/EEE3163.srcs/constrs_1/imports/src/pcfg2019_constraints.xdc:99]
CRITICAL WARNING: [Common 17-55] 'set_property' expects at least one object. [/home/mshrimp/gitclones/EEE3163/Verilog/EEE3163/EEE3163.srcs/constrs_1/imports/src/pcfg2019_constraints.xdc:99]
Resolution: If [get_<value>] was used to populate the object, check to make sure this command returns at least one valid object.
WARNING: [Vivado 12-584] No ports matched 'm_ddr3_odt'. [/home/mshrimp/gitclones/EEE3163/Verilog/EEE3163/EEE3163.srcs/constrs_1/imports/src/pcfg2019_constraints.xdc:100]
CRITICAL WARNING: [Common 17-55] 'set_property' expects at least one object. [/home/mshrimp/gitclones/EEE3163/Verilog/EEE3163/EEE3163.srcs/constrs_1/imports/src/pcfg2019_constraints.xdc:100]
Resolution: If [get_<value>] was used to populate the object, check to make sure this command returns at least one valid object.
WARNING: [Vivado 12-584] No ports matched 'm_adc_pwrdwn'. [/home/mshrimp/gitclones/EEE3163/Verilog/EEE3163/EEE3163.srcs/constrs_1/imports/src/pcfg2019_constraints.xdc:110]
CRITICAL WARNING: [Common 17-55] 'set_property' expects at least one object. [/home/mshrimp/gitclones/EEE3163/Verilog/EEE3163/EEE3163.srcs/constrs_1/imports/src/pcfg2019_constraints.xdc:110]
Resolution: If [get_<value>] was used to populate the object, check to make sure this command returns at least one valid object.
WARNING: [Vivado 12-584] No ports matched 'm_usb_pa[0]'. [/home/mshrimp/gitclones/EEE3163/Verilog/EEE3163/EEE3163.srcs/constrs_1/imports/src/pcfg2019_constraints.xdc:126]
CRITICAL WARNING: [Common 17-55] 'set_property' expects at least one object. [/home/mshrimp/gitclones/EEE3163/Verilog/EEE3163/EEE3163.srcs/constrs_1/imports/src/pcfg2019_constraints.xdc:126]
Resolution: If [get_<value>] was used to populate the object, check to make sure this command returns at least one valid object.
WARNING: [Vivado 12-584] No ports matched 'm_usb_pa[1]'. [/home/mshrimp/gitclones/EEE3163/Verilog/EEE3163/EEE3163.srcs/constrs_1/imports/src/pcfg2019_constraints.xdc:127]
CRITICAL WARNING: [Common 17-55] 'set_property' expects at least one object. [/home/mshrimp/gitclones/EEE3163/Verilog/EEE3163/EEE3163.srcs/constrs_1/imports/src/pcfg2019_constraints.xdc:127]
Resolution: If [get_<value>] was used to populate the object, check to make sure this command returns at least one valid object.
WARNING: [Vivado 12-584] No ports matched 'm_usb_pa[2]'. [/home/mshrimp/gitclones/EEE3163/Verilog/EEE3163/EEE3163.srcs/constrs_1/imports/src/pcfg2019_constraints.xdc:128]
CRITICAL WARNING: [Common 17-55] 'set_property' expects at least one object. [/home/mshrimp/gitclones/EEE3163/Verilog/EEE3163/EEE3163.srcs/constrs_1/imports/src/pcfg2019_constraints.xdc:128]
Resolution: If [get_<value>] was used to populate the object, check to make sure this command returns at least one valid object.
WARNING: [Vivado 12-584] No ports matched 'm_usb_pa[3]'. [/home/mshrimp/gitclones/EEE3163/Verilog/EEE3163/EEE3163.srcs/constrs_1/imports/src/pcfg2019_constraints.xdc:129]
CRITICAL WARNING: [Common 17-55] 'set_property' expects at least one object. [/home/mshrimp/gitclones/EEE3163/Verilog/EEE3163/EEE3163.srcs/constrs_1/imports/src/pcfg2019_constraints.xdc:129]
Resolution: If [get_<value>] was used to populate the object, check to make sure this command returns at least one valid object.
WARNING: [Vivado 12-584] No ports matched 'm_usb_pa[4]'. [/home/mshrimp/gitclones/EEE3163/Verilog/EEE3163/EEE3163.srcs/constrs_1/imports/src/pcfg2019_constraints.xdc:130]
CRITICAL WARNING: [Common 17-55] 'set_property' expects at least one object. [/home/mshrimp/gitclones/EEE3163/Verilog/EEE3163/EEE3163.srcs/constrs_1/imports/src/pcfg2019_constraints.xdc:130]
Resolution: If [get_<value>] was used to populate the object, check to make sure this command returns at least one valid object.
WARNING: [Vivado 12-584] No ports matched 'm_usb_pa[5]'. [/home/mshrimp/gitclones/EEE3163/Verilog/EEE3163/EEE3163.srcs/constrs_1/imports/src/pcfg2019_constraints.xdc:131]
CRITICAL WARNING: [Common 17-55] 'set_property' expects at least one object. [/home/mshrimp/gitclones/EEE3163/Verilog/EEE3163/EEE3163.srcs/constrs_1/imports/src/pcfg2019_constraints.xdc:131]
Resolution: If [get_<value>] was used to populate the object, check to make sure this command returns at least one valid object.
WARNING: [Vivado 12-584] No ports matched 'm_usb_pa[6]'. [/home/mshrimp/gitclones/EEE3163/Verilog/EEE3163/EEE3163.srcs/constrs_1/imports/src/pcfg2019_constraints.xdc:132]
CRITICAL WARNING: [Common 17-55] 'set_property' expects at least one object. [/home/mshrimp/gitclones/EEE3163/Verilog/EEE3163/EEE3163.srcs/constrs_1/imports/src/pcfg2019_constraints.xdc:132]
Resolution: If [get_<value>] was used to populate the object, check to make sure this command returns at least one valid object.
WARNING: [Vivado 12-584] No ports matched 'm_usb_pa[7]'. [/home/mshrimp/gitclones/EEE3163/Verilog/EEE3163/EEE3163.srcs/constrs_1/imports/src/pcfg2019_constraints.xdc:133]
CRITICAL WARNING: [Common 17-55] 'set_property' expects at least one object. [/home/mshrimp/gitclones/EEE3163/Verilog/EEE3163/EEE3163.srcs/constrs_1/imports/src/pcfg2019_constraints.xdc:133]
Resolution: If [get_<value>] was used to populate the object, check to make sure this command returns at least one valid object.
WARNING: [Vivado 12-584] No ports matched 'm_usb_pe0[0]'. [/home/mshrimp/gitclones/EEE3163/Verilog/EEE3163/EEE3163.srcs/constrs_1/imports/src/pcfg2019_constraints.xdc:151]
CRITICAL WARNING: [Common 17-55] 'set_property' expects at least one object. [/home/mshrimp/gitclones/EEE3163/Verilog/EEE3163/EEE3163.srcs/constrs_1/imports/src/pcfg2019_constraints.xdc:151]
Resolution: If [get_<value>] was used to populate the object, check to make sure this command returns at least one valid object.
WARNING: [Vivado 12-584] No ports matched 'm_usb_pe0[1]'. [/home/mshrimp/gitclones/EEE3163/Verilog/EEE3163/EEE3163.srcs/constrs_1/imports/src/pcfg2019_constraints.xdc:152]
INFO: [Common 17-14] Message 'Vivado 12-584' appears 100 times and further instances of the messages will be disabled. Use the Tcl command set_msg_config to change the current settings. [/home/mshrimp/gitclones/EEE3163/Verilog/EEE3163/EEE3163.srcs/constrs_1/imports/src/pcfg2019_constraints.xdc:152]
CRITICAL WARNING: [Common 17-55] 'set_property' expects at least one object. [/home/mshrimp/gitclones/EEE3163/Verilog/EEE3163/EEE3163.srcs/constrs_1/imports/src/pcfg2019_constraints.xdc:152]
Resolution: If [get_<value>] was used to populate the object, check to make sure this command returns at least one valid object.
CRITICAL WARNING: [Common 17-69] Command failed: Cannot change direction of connected port 'm_address[0]' [/home/mshrimp/gitclones/EEE3163/Verilog/EEE3163/EEE3163.srcs/constrs_1/imports/src/pcfg2019_constraints.xdc:252]
CRITICAL WARNING: [Common 17-69] Command failed: Cannot change direction of connected port 'm_address[1]' [/home/mshrimp/gitclones/EEE3163/Verilog/EEE3163/EEE3163.srcs/constrs_1/imports/src/pcfg2019_constraints.xdc:254]
CRITICAL WARNING: [Common 17-69] Command failed: Cannot change direction of connected port 'm_data[0]' [/home/mshrimp/gitclones/EEE3163/Verilog/EEE3163/EEE3163.srcs/constrs_1/imports/src/pcfg2019_constraints.xdc:334]
CRITICAL WARNING: [Common 17-69] Command failed: Cannot change direction of connected port 'm_data[1]' [/home/mshrimp/gitclones/EEE3163/Verilog/EEE3163/EEE3163.srcs/constrs_1/imports/src/pcfg2019_constraints.xdc:338]
CRITICAL WARNING: [Common 17-69] Command failed: Cannot change direction of connected port 'm_data[2]' [/home/mshrimp/gitclones/EEE3163/Verilog/EEE3163/EEE3163.srcs/constrs_1/imports/src/pcfg2019_constraints.xdc:342]
CRITICAL WARNING: [Common 17-69] Command failed: Cannot change direction of connected port 'm_data[3]' [/home/mshrimp/gitclones/EEE3163/Verilog/EEE3163/EEE3163.srcs/constrs_1/imports/src/pcfg2019_constraints.xdc:346]
CRITICAL WARNING: [Common 17-69] Command failed: Cannot change direction of connected port 'm_data[4]' [/home/mshrimp/gitclones/EEE3163/Verilog/EEE3163/EEE3163.srcs/constrs_1/imports/src/pcfg2019_constraints.xdc:350]
CRITICAL WARNING: [Common 17-69] Command failed: Cannot change direction of connected port 'm_data[5]' [/home/mshrimp/gitclones/EEE3163/Verilog/EEE3163/EEE3163.srcs/constrs_1/imports/src/pcfg2019_constraints.xdc:354]
CRITICAL WARNING: [Common 17-69] Command failed: Cannot change direction of connected port 'm_data[6]' [/home/mshrimp/gitclones/EEE3163/Verilog/EEE3163/EEE3163.srcs/constrs_1/imports/src/pcfg2019_constraints.xdc:358]
CRITICAL WARNING: [Common 17-69] Command failed: Cannot change direction of connected port 'm_data[7]' [/home/mshrimp/gitclones/EEE3163/Verilog/EEE3163/EEE3163.srcs/constrs_1/imports/src/pcfg2019_constraints.xdc:362]
CRITICAL WARNING: [Common 17-69] Command failed: Cannot change direction of connected port 'm_debug_header[0]' [/home/mshrimp/gitclones/EEE3163/Verilog/EEE3163/EEE3163.srcs/constrs_1/imports/src/pcfg2019_constraints.xdc:465]
CRITICAL WARNING: [Common 17-69] Command failed: Cannot change direction of connected port 'm_debug_header[1]' [/home/mshrimp/gitclones/EEE3163/Verilog/EEE3163/EEE3163.srcs/constrs_1/imports/src/pcfg2019_constraints.xdc:493]
CRITICAL WARNING: [Common 17-69] Command failed: Cannot change direction of connected port 'm_debug_led[7]' [/home/mshrimp/gitclones/EEE3163/Verilog/EEE3163/EEE3163.srcs/constrs_1/imports/src/pcfg2019_constraints.xdc:557]
CRITICAL WARNING: [Common 17-69] Command failed: Cannot change direction of connected port 'm_adc_clk' [/home/mshrimp/gitclones/EEE3163/Verilog/EEE3163/EEE3163.srcs/constrs_1/imports/src/pcfg2019_constraints.xdc:869]
CRITICAL WARNING: [Common 17-69] Command failed: Cannot change direction of connected port 'm_dac_clk' [/home/mshrimp/gitclones/EEE3163/Verilog/EEE3163/EEE3163.srcs/constrs_1/imports/src/pcfg2019_constraints.xdc:911]
CRITICAL WARNING: [Common 17-69] Command failed: Cannot change direction of connected port 'm_fpga_clk' [/home/mshrimp/gitclones/EEE3163/Verilog/EEE3163/EEE3163.srcs/constrs_1/imports/src/pcfg2019_constraints.xdc:964]
CRITICAL WARNING: [Common 17-69] Command failed: Cannot change direction of connected port 'm_fpga_reset' [/home/mshrimp/gitclones/EEE3163/Verilog/EEE3163/EEE3163.srcs/constrs_1/imports/src/pcfg2019_constraints.xdc:966]
CRITICAL WARNING: [Common 17-69] Command failed: Cannot change direction of connected port 'm_wen' [/home/mshrimp/gitclones/EEE3163/Verilog/EEE3163/EEE3163.srcs/constrs_1/imports/src/pcfg2019_constraints.xdc:972]
Finished Parsing XDC File [/home/mshrimp/gitclones/EEE3163/Verilog/EEE3163/EEE3163.srcs/constrs_1/imports/src/pcfg2019_constraints.xdc]
INFO: [Project 1-236] Implementation specific constraints were found while reading constraint file [/home/mshrimp/gitclones/EEE3163/Verilog/EEE3163/EEE3163.srcs/constrs_1/imports/src/pcfg2019_constraints.xdc]. These constraints will be ignored for synthesis but will be used in implementation. Impacted constraints are listed in the file [.Xil/PCFG_TOP_propImpl.xdc].
Resolution: To avoid this warning, move constraints listed in [.Xil/PCFG_TOP_propImpl.xdc] to another XDC file and exclude this new file from synthesis with the used_in_synthesis property (File Properties dialog in GUI) and re-run elaboration/synthesis.
Completed Processing XDC Constraints

Netlist sorting complete. Time (s): cpu = 00:00:00 ; elapsed = 00:00:00 . Memory (MB): peak = 2647.824 ; gain = 0.000 ; free physical = 1587 ; free virtual = 8196
INFO: [Project 1-111] Unisim Transformation Summary:
No Unisim elements were transformed.

Constraint Validation Runtime : Time (s): cpu = 00:00:00 ; elapsed = 00:00:00.01 . Memory (MB): peak = 2647.824 ; gain = 0.000 ; free physical = 1580 ; free virtual = 8196
---------------------------------------------------------------------------------
Finished Constraint Validation : Time (s): cpu = 00:00:07 ; elapsed = 00:00:25 . Memory (MB): peak = 2647.824 ; gain = 62.055 ; free physical = 4290 ; free virtual = 9319
---------------------------------------------------------------------------------
---------------------------------------------------------------------------------
Start Loading Part and Timing Information
---------------------------------------------------------------------------------
Loading part: xc7s75fgga676-1
---------------------------------------------------------------------------------
Finished Loading Part and Timing Information : Time (s): cpu = 00:00:07 ; elapsed = 00:00:25 . Memory (MB): peak = 2647.824 ; gain = 62.055 ; free physical = 4281 ; free virtual = 9310
---------------------------------------------------------------------------------
---------------------------------------------------------------------------------
Start Applying 'set_property' XDC Constraints
---------------------------------------------------------------------------------
---------------------------------------------------------------------------------
Finished applying 'set_property' XDC Constraints : Time (s): cpu = 00:00:07 ; elapsed = 00:00:25 . Memory (MB): peak = 2647.824 ; gain = 62.055 ; free physical = 4230 ; free virtual = 9265
---------------------------------------------------------------------------------
INFO: [Synth 8-802] inferred FSM for state register 'state_reg' in module 'TOP_8254'
---------------------------------------------------------------------------------------------------
                   State |                     New Encoding |                Previous Encoding 
---------------------------------------------------------------------------------------------------
                   ready |                           000010 |                              000
                 latched |                           100000 |                              001
                latched1 |                           010000 |                              010
                latched2 |                           001000 |                              011
                   wait1 |                           000100 |                              100
                   wait2 |                           000001 |                              101
---------------------------------------------------------------------------------------------------
INFO: [Synth 8-3354] encoded FSM with state register 'state_reg' using encoding 'one-hot' in module 'TOP_8254'
---------------------------------------------------------------------------------
Finished RTL Optimization Phase 2 : Time (s): cpu = 00:00:08 ; elapsed = 00:00:26 . Memory (MB): peak = 2647.824 ; gain = 62.055 ; free physical = 4070 ; free virtual = 9153
---------------------------------------------------------------------------------
---------------------------------------------------------------------------------
Start RTL Component Statistics 
---------------------------------------------------------------------------------
Detailed RTL Component Info : 
+---Adders : 
	   2 Input   16 Bit       Adders := 6     
	   2 Input   15 Bit       Adders := 6     
+---Registers : 
	               16 Bit    Registers := 3     
	               15 Bit    Registers := 6     
	                8 Bit    Registers := 1     
	                2 Bit    Registers := 1     
	                1 Bit    Registers := 16    
+---Muxes : 
	   2 Input   16 Bit        Muxes := 12    
	   4 Input   16 Bit        Muxes := 3     
	   2 Input   15 Bit        Muxes := 27    
	   2 Input    8 Bit        Muxes := 3     
	   6 Input    6 Bit        Muxes := 1     
	   2 Input    6 Bit        Muxes := 2     
	   2 Input    1 Bit        Muxes := 30    
	   6 Input    1 Bit        Muxes := 3     
---------------------------------------------------------------------------------
Finished RTL Component Statistics 
---------------------------------------------------------------------------------
---------------------------------------------------------------------------------
Start Part Resource Summary
---------------------------------------------------------------------------------
Part Resources:
DSPs: 140 (col length:80)
BRAMs: 180 (col length: RAMB18 80 RAMB36 40)
---------------------------------------------------------------------------------
Finished Part Resource Summary
---------------------------------------------------------------------------------
---------------------------------------------------------------------------------
Start Cross Boundary and Area Optimization
---------------------------------------------------------------------------------
WARNING: [Synth 8-7080] Parallel synthesis criteria is not met
WARNING: [Synth 8-7129] Port m_dac_d[7] in module PCFG_TOP is either unconnected or has no load
WARNING: [Synth 8-7129] Port m_dac_d[6] in module PCFG_TOP is either unconnected or has no load
WARNING: [Synth 8-7129] Port m_dac_d[5] in module PCFG_TOP is either unconnected or has no load
WARNING: [Synth 8-7129] Port m_dac_d[4] in module PCFG_TOP is either unconnected or has no load
WARNING: [Synth 8-7129] Port m_dac_d[3] in module PCFG_TOP is either unconnected or has no load
WARNING: [Synth 8-7129] Port m_dac_d[2] in module PCFG_TOP is either unconnected or has no load
WARNING: [Synth 8-7129] Port m_dac_d[1] in module PCFG_TOP is either unconnected or has no load
WARNING: [Synth 8-7129] Port m_dac_d[0] in module PCFG_TOP is either unconnected or has no load
WARNING: [Synth 8-7129] Port m_dac_gain_d[7] in module PCFG_TOP is either unconnected or has no load
WARNING: [Synth 8-7129] Port m_dac_gain_d[6] in module PCFG_TOP is either unconnected or has no load
WARNING: [Synth 8-7129] Port m_dac_gain_d[5] in module PCFG_TOP is either unconnected or has no load
WARNING: [Synth 8-7129] Port m_dac_gain_d[4] in module PCFG_TOP is either unconnected or has no load
WARNING: [Synth 8-7129] Port m_dac_gain_d[3] in module PCFG_TOP is either unconnected or has no load
WARNING: [Synth 8-7129] Port m_dac_gain_d[2] in module PCFG_TOP is either unconnected or has no load
WARNING: [Synth 8-7129] Port m_dac_gain_d[1] in module PCFG_TOP is either unconnected or has no load
WARNING: [Synth 8-7129] Port m_dac_gain_d[0] in module PCFG_TOP is either unconnected or has no load
WARNING: [Synth 8-7129] Port m_dac_gain_clk in module PCFG_TOP is either unconnected or has no load
WARNING: [Synth 8-7129] Port m_debug_header[15] in module PCFG_TOP is either unconnected or has no load
WARNING: [Synth 8-7129] Port m_debug_header[14] in module PCFG_TOP is either unconnected or has no load
WARNING: [Synth 8-7129] Port m_debug_header[13] in module PCFG_TOP is either unconnected or has no load
WARNING: [Synth 8-7129] Port m_debug_header[12] in module PCFG_TOP is either unconnected or has no load
WARNING: [Synth 8-7129] Port m_debug_header[11] in module PCFG_TOP is either unconnected or has no load
WARNING: [Synth 8-7129] Port m_debug_header[10] in module PCFG_TOP is either unconnected or has no load
WARNING: [Synth 8-7129] Port m_debug_header[9] in module PCFG_TOP is either unconnected or has no load
WARNING: [Synth 8-7129] Port m_debug_header[8] in module PCFG_TOP is either unconnected or has no load
WARNING: [Synth 8-7129] Port m_debug_header[7] in module PCFG_TOP is either unconnected or has no load
WARNING: [Synth 8-7129] Port m_debug_header[6] in module PCFG_TOP is either unconnected or has no load
INFO: [Common 17-14] Message 'Synth 8-7129' appears 100 times and further instances of the messages will be disabled. Use the Tcl command set_msg_config to change the current settings.
WARNING: [Synth 8-3332] Sequential element (clk_gen/FSM_onehot_state_reg[5]) is unused and will be removed from module PCFG_TOP.
WARNING: [Synth 8-3332] Sequential element (clk_gen/FSM_onehot_state_reg[2]) is unused and will be removed from module PCFG_TOP.
WARNING: [Synth 8-3332] Sequential element (clk_gen/FSM_onehot_state_reg[1]) is unused and will be removed from module PCFG_TOP.
WARNING: [Synth 8-3332] Sequential element (clk_gen/FSM_onehot_state_reg[0]) is unused and will be removed from module PCFG_TOP.
---------------------------------------------------------------------------------
Finished Cross Boundary and Area Optimization : Time (s): cpu = 00:00:09 ; elapsed = 00:00:27 . Memory (MB): peak = 2647.824 ; gain = 62.055 ; free physical = 3869 ; free virtual = 9017
---------------------------------------------------------------------------------
---------------------------------------------------------------------------------
Start Applying XDC Timing Constraints
---------------------------------------------------------------------------------
---------------------------------------------------------------------------------
Finished Applying XDC Timing Constraints : Time (s): cpu = 00:00:11 ; elapsed = 00:00:29 . Memory (MB): peak = 2647.824 ; gain = 62.055 ; free physical = 3719 ; free virtual = 8885
---------------------------------------------------------------------------------
---------------------------------------------------------------------------------
Start Timing Optimization
---------------------------------------------------------------------------------
---------------------------------------------------------------------------------
Finished Timing Optimization : Time (s): cpu = 00:00:11 ; elapsed = 00:00:29 . Memory (MB): peak = 2647.824 ; gain = 62.055 ; free physical = 3719 ; free virtual = 8885
---------------------------------------------------------------------------------
---------------------------------------------------------------------------------
Start Technology Mapping
---------------------------------------------------------------------------------
---------------------------------------------------------------------------------
Finished Technology Mapping : Time (s): cpu = 00:00:11 ; elapsed = 00:00:29 . Memory (MB): peak = 2647.824 ; gain = 62.055 ; free physical = 3717 ; free virtual = 8883
---------------------------------------------------------------------------------
---------------------------------------------------------------------------------
Start IO Insertion
---------------------------------------------------------------------------------
---------------------------------------------------------------------------------
Start Flattening Before IO Insertion
---------------------------------------------------------------------------------
---------------------------------------------------------------------------------
Finished Flattening Before IO Insertion
---------------------------------------------------------------------------------
---------------------------------------------------------------------------------
Start Final Netlist Cleanup
---------------------------------------------------------------------------------
---------------------------------------------------------------------------------
Finished Final Netlist Cleanup
---------------------------------------------------------------------------------
---------------------------------------------------------------------------------
Finished IO Insertion : Time (s): cpu = 00:00:14 ; elapsed = 00:00:32 . Memory (MB): peak = 2647.824 ; gain = 62.055 ; free physical = 3717 ; free virtual = 8883
---------------------------------------------------------------------------------
---------------------------------------------------------------------------------
Start Renaming Generated Instances
---------------------------------------------------------------------------------
---------------------------------------------------------------------------------
Finished Renaming Generated Instances : Time (s): cpu = 00:00:14 ; elapsed = 00:00:32 . Memory (MB): peak = 2647.824 ; gain = 62.055 ; free physical = 3717 ; free virtual = 8883
---------------------------------------------------------------------------------
---------------------------------------------------------------------------------
Start Rebuilding User Hierarchy
---------------------------------------------------------------------------------
---------------------------------------------------------------------------------
Finished Rebuilding User Hierarchy : Time (s): cpu = 00:00:14 ; elapsed = 00:00:32 . Memory (MB): peak = 2647.824 ; gain = 62.055 ; free physical = 3717 ; free virtual = 8883
---------------------------------------------------------------------------------
---------------------------------------------------------------------------------
Start Renaming Generated Ports
---------------------------------------------------------------------------------
---------------------------------------------------------------------------------
Finished Renaming Generated Ports : Time (s): cpu = 00:00:14 ; elapsed = 00:00:32 . Memory (MB): peak = 2647.824 ; gain = 62.055 ; free physical = 3717 ; free virtual = 8883
---------------------------------------------------------------------------------
---------------------------------------------------------------------------------
Start Handling Custom Attributes
---------------------------------------------------------------------------------
---------------------------------------------------------------------------------
Finished Handling Custom Attributes : Time (s): cpu = 00:00:14 ; elapsed = 00:00:32 . Memory (MB): peak = 2647.824 ; gain = 62.055 ; free physical = 3717 ; free virtual = 8883
---------------------------------------------------------------------------------
---------------------------------------------------------------------------------
Start Renaming Generated Nets
---------------------------------------------------------------------------------
---------------------------------------------------------------------------------
Finished Renaming Generated Nets : Time (s): cpu = 00:00:14 ; elapsed = 00:00:32 . Memory (MB): peak = 2647.824 ; gain = 62.055 ; free physical = 3717 ; free virtual = 8883
---------------------------------------------------------------------------------
---------------------------------------------------------------------------------
Start Writing Synthesis Report
---------------------------------------------------------------------------------

Report BlackBoxes: 
+-+--------------+----------+
| |BlackBox name |Instances |
+-+--------------+----------+
+-+--------------+----------+

Report Cell Usage: 
+------+-------+------+
|      |Cell   |Count |
+------+-------+------+
|1     |BUFG   |     1|
|2     |CARRY4 |     4|
|3     |LUT1   |     1|
|4     |LUT4   |     5|
|5     |LUT5   |    31|
|6     |FDCE   |    14|
|7     |FDPE   |     2|
|8     |IBUF   |     2|
|9     |OBUF   |     5|
|10    |OBUFT  |    38|
+------+-------+------+
---------------------------------------------------------------------------------
Finished Writing Synthesis Report : Time (s): cpu = 00:00:14 ; elapsed = 00:00:32 . Memory (MB): peak = 2647.824 ; gain = 62.055 ; free physical = 3717 ; free virtual = 8883
---------------------------------------------------------------------------------
Synthesis finished with 0 errors, 0 critical warnings and 69 warnings.
Synthesis Optimization Runtime : Time (s): cpu = 00:00:12 ; elapsed = 00:00:24 . Memory (MB): peak = 2647.824 ; gain = 0.000 ; free physical = 3770 ; free virtual = 8936
Synthesis Optimization Complete : Time (s): cpu = 00:00:14 ; elapsed = 00:00:32 . Memory (MB): peak = 2647.824 ; gain = 62.055 ; free physical = 3772 ; free virtual = 8938
INFO: [Project 1-571] Translating synthesized netlist
Netlist sorting complete. Time (s): cpu = 00:00:00 ; elapsed = 00:00:00 . Memory (MB): peak = 2647.824 ; gain = 0.000 ; free physical = 3766 ; free virtual = 8933
INFO: [Netlist 29-17] Analyzing 4 Unisim elements for replacement
INFO: [Netlist 29-28] Unisim Transformation completed in 0 CPU seconds
INFO: [Project 1-570] Preparing netlist for logic optimization
WARNING: [Constraints 18-548] Could not create 'IOSTANDARD' constraint because invalid IOSTANDARD value 'LVCMOS_33' specified. The default IOSTANDARD will be used instead. 'IOSTANDARD' is ignored by Vivado but preserved for implementation tool.
INFO: [Opt 31-138] Pushed 0 inverter(s) to 0 load pin(s).
Netlist sorting complete. Time (s): cpu = 00:00:00 ; elapsed = 00:00:00 . Memory (MB): peak = 2647.824 ; gain = 0.000 ; free physical = 3775 ; free virtual = 8963
INFO: [Project 1-111] Unisim Transformation Summary:
No Unisim elements were transformed.

Synth Design complete, checksum: de0e961c
INFO: [Common 17-83] Releasing license: Synthesis
32 Infos, 216 Warnings, 129 Critical Warnings and 0 Errors encountered.
synth_design completed successfully
synth_design: Time (s): cpu = 00:00:19 ; elapsed = 00:00:34 . Memory (MB): peak = 2647.824 ; gain = 62.055 ; free physical = 3974 ; free virtual = 9163
INFO: [runtcl-6] Synthesis results are not added to the cache due to CRITICAL_WARNING
INFO: [Common 17-1381] The checkpoint '/home/mshrimp/gitclones/EEE3163/Verilog/EEE3163/EEE3163.runs/synth_1/PCFG_TOP.dcp' has been generated.
INFO: [runtcl-4] Executing : report_utilization -file PCFG_TOP_utilization_synth.rpt -pb PCFG_TOP_utilization_synth.pb
INFO: [Common 17-206] Exiting Vivado at Wed May 11 18:50:33 2022...
