INFO: [VRFC 10-163] Analyzing VHDL file "/home/mshrimp/gitclones/EEE3163/Verilog/EEE3163/EEE3163.sim/sim_1/impl/func/xsim/tb_pcfg_func_impl.vhd" into library xil_defaultlib
INFO: [VRFC 10-3107] analyzing entity 'TW_8254_CNT'
INFO: [VRFC 10-3107] analyzing entity 'ad_count_ctrl'
INFO: [VRFC 10-3107] analyzing entity 'delay'
INFO: [VRFC 10-3107] analyzing entity 'delay_7'
INFO: [VRFC 10-3107] analyzing entity 'delay_8'
INFO: [VRFC 10-3107] analyzing entity 'edge_detector'
INFO: [VRFC 10-3107] analyzing entity 'latch'
INFO: [VRFC 10-3107] analyzing entity '\latch__parameterized0\'
INFO: [VRFC 10-3107] analyzing entity '\latch__parameterized1\'
INFO: [VRFC 10-3107] analyzing entity '\latch__parameterized1_0\'
INFO: [VRFC 10-3107] analyzing entity '\latch__parameterized1_1\'
INFO: [VRFC 10-3107] analyzing entity '\latch__parameterized1_3\'
INFO: [VRFC 10-3107] analyzing entity '\latch__parameterized1_5\'
INFO: [VRFC 10-3107] analyzing entity '\latch__parameterized1_9\'
INFO: [VRFC 10-3107] analyzing entity 'max_counter'
INFO: [VRFC 10-3107] analyzing entity 'max_counter_10'
INFO: [VRFC 10-3107] analyzing entity 'max_counter_6'
INFO: [VRFC 10-3107] analyzing entity 'cordic_0_c_addsub_v12_0_14_lut6_legacy'
INFO: [VRFC 10-3107] analyzing entity '\cordic_0_c_addsub_v12_0_14_lut6_legacy__parameterized1\'
INFO: [VRFC 10-3107] analyzing entity '\cordic_0_c_addsub_v12_0_14_lut6_legacy__parameterized11\'
INFO: [VRFC 10-3107] analyzing entity '\cordic_0_c_addsub_v12_0_14_lut6_legacy__parameterized15\'
INFO: [VRFC 10-3107] analyzing entity '\cordic_0_c_addsub_v12_0_14_lut6_legacy__parameterized19\'
INFO: [VRFC 10-3107] analyzing entity '\cordic_0_c_addsub_v12_0_14_lut6_legacy__parameterized23\'
INFO: [VRFC 10-3107] analyzing entity '\cordic_0_c_addsub_v12_0_14_lut6_legacy__parameterized27\'
INFO: [VRFC 10-3107] analyzing entity '\cordic_0_c_addsub_v12_0_14_lut6_legacy__parameterized3\'
INFO: [VRFC 10-3107] analyzing entity '\cordic_0_c_addsub_v12_0_14_lut6_legacy__parameterized5\'
INFO: [VRFC 10-3107] analyzing entity '\cordic_0_c_addsub_v12_0_14_lut6_legacy__parameterized7\'
INFO: [VRFC 10-3107] analyzing entity '\cordic_0_c_addsub_v12_0_14_lut6_legacy__parameterized9\'
INFO: [VRFC 10-3107] analyzing entity '\cordic_0_delay__parameterized11\'
INFO: [VRFC 10-3107] analyzing entity '\cordic_0_delay__parameterized13\'
INFO: [VRFC 10-3107] analyzing entity '\cordic_0_delay__parameterized15\'
INFO: [VRFC 10-3107] analyzing entity '\cordic_0_delay__parameterized15_6\'
INFO: [VRFC 10-3107] analyzing entity '\cordic_0_delay__parameterized21\'
INFO: [VRFC 10-3107] analyzing entity '\cordic_0_delay__parameterized21_7\'
INFO: [VRFC 10-3107] analyzing entity '\cordic_0_delay__parameterized27\'
INFO: [VRFC 10-3107] analyzing entity '\cordic_0_delay__parameterized31\'
INFO: [VRFC 10-3107] analyzing entity '\cordic_0_delay__parameterized33\'
INFO: [VRFC 10-3107] analyzing entity '\cordic_0_delay__parameterized35\'
INFO: [VRFC 10-3107] analyzing entity '\cordic_0_delay__parameterized35_4\'
INFO: [VRFC 10-3107] analyzing entity '\cordic_0_delay__parameterized47\'
INFO: [VRFC 10-3107] analyzing entity '\cordic_0_delay__parameterized5\'
INFO: [VRFC 10-3107] analyzing entity '\cordic_0_delay__parameterized51\'
INFO: [VRFC 10-3107] analyzing entity '\cordic_0_delay__parameterized53\'
INFO: [VRFC 10-3107] analyzing entity '\cordic_0_delay__parameterized55\'
INFO: [VRFC 10-3107] analyzing entity '\cordic_0_delay__parameterized55_2\'
INFO: [VRFC 10-3107] analyzing entity '\cordic_0_delay__parameterized5_8\'
INFO: [VRFC 10-3107] analyzing entity '\cordic_0_delay__parameterized67\'
INFO: [VRFC 10-3107] analyzing entity '\cordic_0_delay__parameterized7\'
INFO: [VRFC 10-3107] analyzing entity '\cordic_0_delay__parameterized71\'
INFO: [VRFC 10-3107] analyzing entity '\cordic_0_delay__parameterized73\'
INFO: [VRFC 10-3107] analyzing entity '\cordic_0_delay__parameterized83\'
INFO: [VRFC 10-3107] analyzing entity '\cordic_0_delay__parameterized83_0\'
INFO: [VRFC 10-3107] analyzing entity '\cordic_0_delay__parameterized9\'
INFO: [VRFC 10-3107] analyzing entity '\cordic_0_delay_bit__parameterized1\'
INFO: [VRFC 10-3107] analyzing entity 'cordic_0_xbip_pipe_v3_0_6_viv'
INFO: [VRFC 10-3107] analyzing entity 'mult_gen_0_dsp'
INFO: [VRFC 10-3107] analyzing entity 'xfft_0_axi_wrapper_input_fifo'
INFO: [VRFC 10-3107] analyzing entity '\xfft_0_axi_wrapper_input_fifo__parameterized0\'
INFO: [VRFC 10-3107] analyzing entity 'xfft_0_axi_wrapper_output_fifo'
INFO: [VRFC 10-3107] analyzing entity 'xfft_0_c_addsub_v12_0_14_lut6_legacy'
INFO: [VRFC 10-3107] analyzing entity '\xfft_0_c_addsub_v12_0_14_lut6_legacy__parameterized1\'
INFO: [VRFC 10-3107] analyzing entity '\xfft_0_c_addsub_v12_0_14_lut6_legacy__parameterized3\'
INFO: [VRFC 10-3107] analyzing entity '\xfft_0_c_addsub_v12_0_14_lut6_legacy__parameterized5\'
INFO: [VRFC 10-3107] analyzing entity '\xfft_0_c_addsub_v12_0_14_lut6_legacy__parameterized5_50\'
INFO: [VRFC 10-3107] analyzing entity 'xfft_0_c_reg_fd_v12_0_6_viv'
INFO: [VRFC 10-3107] analyzing entity '\xfft_0_c_reg_fd_v12_0_6_viv__parameterized1\'
INFO: [VRFC 10-3107] analyzing entity '\xfft_0_c_reg_fd_v12_0_6_viv__parameterized1_15\'
INFO: [VRFC 10-3107] analyzing entity '\xfft_0_c_reg_fd_v12_0_6_viv__parameterized1_16\'
INFO: [VRFC 10-3107] analyzing entity '\xfft_0_c_reg_fd_v12_0_6_viv__parameterized1_20\'
INFO: [VRFC 10-3107] analyzing entity 'xfft_0_c_shift_ram_v12_0_14_legacy'
INFO: [VRFC 10-3107] analyzing entity '\xfft_0_c_shift_ram_v12_0_14_legacy__1\'
INFO: [VRFC 10-3107] analyzing entity '\xfft_0_c_shift_ram_v12_0_14_legacy__parameterized0\'
INFO: [VRFC 10-3107] analyzing entity '\xfft_0_c_shift_ram_v12_0_14_legacy__parameterized1__1\'
INFO: [VRFC 10-3107] analyzing entity '\xfft_0_c_shift_ram_v12_0_14_legacy__parameterized1__2\'
INFO: [VRFC 10-3107] analyzing entity '\xfft_0_c_shift_ram_v12_0_14_legacy__parameterized2\'
INFO: [VRFC 10-3107] analyzing entity '\xfft_0_c_shift_ram_v12_0_14_legacy__parameterized2__1\'
INFO: [VRFC 10-3107] analyzing entity '\xfft_0_cmpy_v6_0_20_delay_line__parameterized1\'
INFO: [VRFC 10-3107] analyzing entity 'xfft_0_dpm'
INFO: [VRFC 10-3107] analyzing entity '\xfft_0_dpm__1\'
INFO: [VRFC 10-3107] analyzing entity '\xfft_0_dsp__parameterized0\'
INFO: [VRFC 10-3107] analyzing entity 'xfft_0_equ_rtl'
INFO: [VRFC 10-3107] analyzing entity '\xfft_0_equ_rtl__parameterized0\'
INFO: [VRFC 10-3107] analyzing entity '\xfft_0_equ_rtl__parameterized1\'
INFO: [VRFC 10-3107] analyzing entity '\xfft_0_equ_rtl__parameterized2\'
INFO: [VRFC 10-3107] analyzing entity '\xfft_0_equ_rtl__parameterized2_47\'
INFO: [VRFC 10-3107] analyzing entity 'xfft_0_input_negation'
INFO: [VRFC 10-3107] analyzing entity 'xfft_0_mult_gen_v12_0_17_delay_line'
INFO: [VRFC 10-3107] analyzing entity '\xfft_0_mult_gen_v12_0_17_delay_line__parameterized0\'
INFO: [VRFC 10-3107] analyzing entity '\xfft_0_mult_gen_v12_0_17_delay_line__parameterized0_9\'
INFO: [VRFC 10-3107] analyzing entity 'xfft_0_mux_bus16'
INFO: [VRFC 10-3107] analyzing entity '\xfft_0_mux_bus16__parameterized0\'
INFO: [VRFC 10-3107] analyzing entity 'xfft_0_mux_bus4'
INFO: [VRFC 10-3107] analyzing entity 'xfft_0_mux_bus4_28'
INFO: [VRFC 10-3107] analyzing entity 'xfft_0_mux_bus4_29'
INFO: [VRFC 10-3107] analyzing entity 'xfft_0_mux_bus4_30'
INFO: [VRFC 10-3107] analyzing entity 'xfft_0_mux_bus4_31'
INFO: [VRFC 10-3107] analyzing entity 'xfft_0_mux_bus4_32'
INFO: [VRFC 10-3107] analyzing entity 'xfft_0_mux_bus4_33'
INFO: [VRFC 10-3107] analyzing entity 'xfft_0_mux_bus4_34'
INFO: [VRFC 10-3107] analyzing entity 'xfft_0_mux_bus4_35'
INFO: [VRFC 10-3107] analyzing entity 'xfft_0_mux_bus4_36'
INFO: [VRFC 10-3107] analyzing entity 'xfft_0_mux_bus4_37'
INFO: [VRFC 10-3107] analyzing entity 'xfft_0_mux_bus4_38'
INFO: [VRFC 10-3107] analyzing entity 'xfft_0_mux_bus4_39'
INFO: [VRFC 10-3107] analyzing entity 'xfft_0_mux_bus4_40'
INFO: [VRFC 10-3107] analyzing entity 'xfft_0_mux_bus4_41'
INFO: [VRFC 10-3107] analyzing entity 'xfft_0_mux_bus4_42'
INFO: [VRFC 10-3107] analyzing entity '\xfft_0_mux_bus4__parameterized0\'
INFO: [VRFC 10-3107] analyzing entity '\xfft_0_mux_bus4__parameterized0_5\'
INFO: [VRFC 10-3107] analyzing entity '\xfft_0_mux_bus4__parameterized0_6\'
INFO: [VRFC 10-3107] analyzing entity '\xfft_0_mux_bus4__parameterized0_7\'
INFO: [VRFC 10-3107] analyzing entity 'xfft_0_reg_rs_rtl'
INFO: [VRFC 10-3107] analyzing entity 'xfft_0_reg_rs_rtl_44'
INFO: [VRFC 10-3107] analyzing entity 'xfft_0_reg_rs_rtl_45'
INFO: [VRFC 10-3107] analyzing entity '\xfft_0_shift_ram__parameterized0\'
INFO: [VRFC 10-3107] analyzing entity '\xfft_0_shift_ram__parameterized1\'
INFO: [VRFC 10-3107] analyzing entity '\xfft_0_shift_ram__parameterized14_3\'
INFO: [VRFC 10-3107] analyzing entity '\xfft_0_shift_ram__parameterized15\'
INFO: [VRFC 10-3107] analyzing entity '\xfft_0_shift_ram__parameterized15_8\'
INFO: [VRFC 10-3107] analyzing entity '\xfft_0_shift_ram__parameterized1_24\'
INFO: [VRFC 10-3107] analyzing entity '\xfft_0_shift_ram__parameterized3\'
INFO: [VRFC 10-3107] analyzing entity '\xfft_0_shift_ram__parameterized5\'
INFO: [VRFC 10-3107] analyzing entity '\xfft_0_shift_ram__parameterized6\'
INFO: [VRFC 10-3107] analyzing entity '\xfft_0_shift_ram__parameterized9\'
INFO: [VRFC 10-3107] analyzing entity 'xfft_0_twgen_half_sincos'
INFO: [VRFC 10-3107] analyzing entity 'xfft_0_xfft_v9_1_7_mux_bus2'
INFO: [VRFC 10-3107] analyzing entity 'xfft_0_xfft_v9_1_7_mux_bus2_25'
INFO: [VRFC 10-3107] analyzing entity 'xfft_0_xfft_v9_1_7_mux_bus2_26'
INFO: [VRFC 10-3107] analyzing entity 'xfft_0_xfft_v9_1_7_mux_bus2_27'
INFO: [VRFC 10-3107] analyzing entity '\xfft_0_xfft_v9_1_7_mux_bus2__parameterized0\'
INFO: [VRFC 10-3107] analyzing entity '\xfft_0_xfft_v9_1_7_mux_bus2__parameterized0_0\'
INFO: [VRFC 10-3107] analyzing entity '\xfft_0_xfft_v9_1_7_mux_bus2__parameterized0_1\'
INFO: [VRFC 10-3107] analyzing entity '\xfft_0_xfft_v9_1_7_mux_bus2__parameterized0_2\'
INFO: [VRFC 10-3107] analyzing entity '\xfft_0_xfft_v9_1_7_mux_bus2__parameterized1\'
INFO: [VRFC 10-3107] analyzing entity '\xfft_0_xfft_v9_1_7_mux_bus2__parameterized1_4\'
INFO: [VRFC 10-3107] analyzing entity 'xfft_0_xor_bit_gate'
INFO: [VRFC 10-3107] analyzing entity 'xfft_0_xor_bit_gate_43'
INFO: [VRFC 10-3107] analyzing entity '\xfft_0_xor_bit_gate__parameterized0\'
INFO: [VRFC 10-3107] analyzing entity 'RAM_blk_mem_gen_prim_wrapper'
INFO: [VRFC 10-3107] analyzing entity 'RAM_blk_mem_gen_prim_wrapper_HD16'
INFO: [VRFC 10-3107] analyzing entity 'RAM_blk_mem_gen_prim_wrapper_HD9'
INFO: [VRFC 10-3107] analyzing entity 'TOP_8254'
INFO: [VRFC 10-3107] analyzing entity 'ram_control'
INFO: [VRFC 10-3107] analyzing entity 'ram_control_2'
INFO: [VRFC 10-3107] analyzing entity 'ram_control_4'
INFO: [VRFC 10-3107] analyzing entity 'signal_controller'
INFO: [VRFC 10-3107] analyzing entity 'cordic_0_c_addsub_v12_0_14_fabric_legacy'
INFO: [VRFC 10-3107] analyzing entity '\cordic_0_c_addsub_v12_0_14_fabric_legacy__parameterized1\'
INFO: [VRFC 10-3107] analyzing entity '\cordic_0_c_addsub_v12_0_14_fabric_legacy__parameterized11\'
INFO: [VRFC 10-3107] analyzing entity '\cordic_0_c_addsub_v12_0_14_fabric_legacy__parameterized15\'
INFO: [VRFC 10-3107] analyzing entity '\cordic_0_c_addsub_v12_0_14_fabric_legacy__parameterized19\'
INFO: [VRFC 10-3107] analyzing entity '\cordic_0_c_addsub_v12_0_14_fabric_legacy__parameterized23\'
INFO: [VRFC 10-3107] analyzing entity '\cordic_0_c_addsub_v12_0_14_fabric_legacy__parameterized27\'
INFO: [VRFC 10-3107] analyzing entity '\cordic_0_c_addsub_v12_0_14_fabric_legacy__parameterized3\'
INFO: [VRFC 10-3107] analyzing entity '\cordic_0_c_addsub_v12_0_14_fabric_legacy__parameterized5\'
INFO: [VRFC 10-3107] analyzing entity '\cordic_0_c_addsub_v12_0_14_fabric_legacy__parameterized7\'
INFO: [VRFC 10-3107] analyzing entity '\cordic_0_c_addsub_v12_0_14_fabric_legacy__parameterized9\'
INFO: [VRFC 10-3107] analyzing entity '\cordic_0_cordic_sqrt_mod__parameterized17\'
INFO: [VRFC 10-3107] analyzing entity '\cordic_0_cordic_sqrt_mod__parameterized25\'
INFO: [VRFC 10-3107] analyzing entity '\cordic_0_cordic_sqrt_mod__parameterized31\'
INFO: [VRFC 10-3107] analyzing entity 'mult_gen_0_mult_gen_v12_0_17_viv'
INFO: [VRFC 10-3107] analyzing entity 'mult_gen_0_mult_gen_v12_0_17_viv_HD20'
INFO: [VRFC 10-3107] analyzing entity 'xfft_0_axi_wrapper'
INFO: [VRFC 10-3107] analyzing entity 'xfft_0_c_addsub_v12_0_14_fabric_legacy'
INFO: [VRFC 10-3107] analyzing entity '\xfft_0_c_addsub_v12_0_14_fabric_legacy__parameterized1\'
INFO: [VRFC 10-3107] analyzing entity '\xfft_0_c_addsub_v12_0_14_fabric_legacy__parameterized3\'
INFO: [VRFC 10-3107] analyzing entity '\xfft_0_c_addsub_v12_0_14_fabric_legacy__parameterized5\'
INFO: [VRFC 10-3107] analyzing entity '\xfft_0_c_addsub_v12_0_14_fabric_legacy__parameterized5_49\'
INFO: [VRFC 10-3107] analyzing entity '\xfft_0_c_addsub_v12_0_14_lut6_legacy__parameterized7\'
INFO: [VRFC 10-3107] analyzing entity '\xfft_0_c_addsub_v12_0_14_lut6_legacy__parameterized7_19\'
INFO: [VRFC 10-3107] analyzing entity '\xfft_0_c_addsub_v12_0_14_lut6_legacy__parameterized9\'
INFO: [VRFC 10-3107] analyzing entity '\xfft_0_c_addsub_v12_0_14_lut6_legacy__parameterized9_14\'
INFO: [VRFC 10-3107] analyzing entity '\xfft_0_c_shift_ram_v12_0_14_legacy__parameterized3\'
INFO: [VRFC 10-3107] analyzing entity 'xfft_0_c_shift_ram_v12_0_14_viv'
INFO: [VRFC 10-3107] analyzing entity '\xfft_0_c_shift_ram_v12_0_14_viv__1\'
INFO: [VRFC 10-3107] analyzing entity '\xfft_0_c_shift_ram_v12_0_14_viv__parameterized0\'
INFO: [VRFC 10-3107] analyzing entity '\xfft_0_c_shift_ram_v12_0_14_viv__parameterized1__1\'
INFO: [VRFC 10-3107] analyzing entity '\xfft_0_c_shift_ram_v12_0_14_viv__parameterized1__2\'
INFO: [VRFC 10-3107] analyzing entity '\xfft_0_c_shift_ram_v12_0_14_viv__parameterized2\'
INFO: [VRFC 10-3107] analyzing entity '\xfft_0_c_shift_ram_v12_0_14_viv__parameterized2__1\'
INFO: [VRFC 10-3107] analyzing entity '\xfft_0_cmpy_3_dsp48_mult__parameterized0\'
INFO: [VRFC 10-3107] analyzing entity 'xfft_0_dsp'
INFO: [VRFC 10-3107] analyzing entity '\xfft_0_dsp__parameterized1\'
INFO: [VRFC 10-3107] analyzing entity 'xfft_0_r2_in_addr'
INFO: [VRFC 10-3107] analyzing entity 'xfft_0_r2_rw_addr'
INFO: [VRFC 10-3107] analyzing entity 'xfft_0_r2_tw_addr'
INFO: [VRFC 10-3107] analyzing entity 'xfft_0_twiddle_gen'
INFO: [VRFC 10-3107] analyzing entity 'RAM_blk_mem_gen_prim_width'
INFO: [VRFC 10-3107] analyzing entity 'RAM_blk_mem_gen_prim_width_HD15'
INFO: [VRFC 10-3107] analyzing entity 'RAM_blk_mem_gen_prim_width_HD8'
INFO: [VRFC 10-3107] analyzing entity 'cordic_0_c_addsub_v12_0_14_legacy'
INFO: [VRFC 10-3107] analyzing entity '\cordic_0_c_addsub_v12_0_14_legacy__parameterized1\'
INFO: [VRFC 10-3107] analyzing entity '\cordic_0_c_addsub_v12_0_14_legacy__parameterized11\'
INFO: [VRFC 10-3107] analyzing entity '\cordic_0_c_addsub_v12_0_14_legacy__parameterized15\'
INFO: [VRFC 10-3107] analyzing entity '\cordic_0_c_addsub_v12_0_14_legacy__parameterized19\'
INFO: [VRFC 10-3107] analyzing entity '\cordic_0_c_addsub_v12_0_14_legacy__parameterized23\'
INFO: [VRFC 10-3107] analyzing entity '\cordic_0_c_addsub_v12_0_14_legacy__parameterized27\'
INFO: [VRFC 10-3107] analyzing entity '\cordic_0_c_addsub_v12_0_14_legacy__parameterized3\'
INFO: [VRFC 10-3107] analyzing entity '\cordic_0_c_addsub_v12_0_14_legacy__parameterized5\'
INFO: [VRFC 10-3107] analyzing entity '\cordic_0_c_addsub_v12_0_14_legacy__parameterized7\'
INFO: [VRFC 10-3107] analyzing entity '\cordic_0_c_addsub_v12_0_14_legacy__parameterized9\'
INFO: [VRFC 10-3107] analyzing entity 'mult_gen_0_mult_gen_v12_0_17'
INFO: [VRFC 10-3107] analyzing entity 'mult_gen_0_mult_gen_v12_0_17_HD19'
INFO: [VRFC 10-3107] analyzing entity '\xfft_0_c_addsub_v12_0_14_fabric_legacy__parameterized7\'
INFO: [VRFC 10-3107] analyzing entity '\xfft_0_c_addsub_v12_0_14_fabric_legacy__parameterized7_18\'
INFO: [VRFC 10-3107] analyzing entity '\xfft_0_c_addsub_v12_0_14_fabric_legacy__parameterized9\'
INFO: [VRFC 10-3107] analyzing entity '\xfft_0_c_addsub_v12_0_14_fabric_legacy__parameterized9_13\'
INFO: [VRFC 10-3107] analyzing entity 'xfft_0_c_addsub_v12_0_14_legacy'
INFO: [VRFC 10-3107] analyzing entity '\xfft_0_c_addsub_v12_0_14_legacy__parameterized1\'
INFO: [VRFC 10-3107] analyzing entity '\xfft_0_c_addsub_v12_0_14_legacy__parameterized3\'
INFO: [VRFC 10-3107] analyzing entity '\xfft_0_c_addsub_v12_0_14_legacy__parameterized5\'
INFO: [VRFC 10-3107] analyzing entity '\xfft_0_c_addsub_v12_0_14_legacy__parameterized5_48\'
INFO: [VRFC 10-3107] analyzing entity '\xfft_0_c_shift_ram_v12_0_14_viv__parameterized3\'
INFO: [VRFC 10-3107] analyzing entity 'xfft_0_cmpy_3_dsp48_mult'
INFO: [VRFC 10-3107] analyzing entity '\xfft_0_cmpy_3_dsp48_mult__parameterized1\'
INFO: [VRFC 10-3107] analyzing entity 'xfft_0_shift_ram'
INFO: [VRFC 10-3107] analyzing entity 'xfft_0_shift_ram_22'
INFO: [VRFC 10-3107] analyzing entity '\xfft_0_shift_ram__parameterized2\'
INFO: [VRFC 10-3107] analyzing entity '\xfft_0_shift_ram__parameterized4\'
INFO: [VRFC 10-3107] analyzing entity '\xfft_0_shift_ram__parameterized4_21\'
INFO: [VRFC 10-3107] analyzing entity '\xfft_0_shift_ram__parameterized7\'
INFO: [VRFC 10-3107] analyzing entity '\xfft_0_shift_ram__parameterized7_23\'
INFO: [VRFC 10-3107] analyzing entity 'RAM_blk_mem_gen_generic_cstr'
INFO: [VRFC 10-3107] analyzing entity 'RAM_blk_mem_gen_generic_cstr_HD14'
INFO: [VRFC 10-3107] analyzing entity 'RAM_blk_mem_gen_generic_cstr_HD7'
INFO: [VRFC 10-3107] analyzing entity 'mult_gen_0'
INFO: [VRFC 10-3107] analyzing entity 'mult_gen_0_HD18'
INFO: [VRFC 10-3107] analyzing entity 'cordic_0_c_addsub_v12_0_14_viv'
INFO: [VRFC 10-3107] analyzing entity '\cordic_0_c_addsub_v12_0_14_viv__parameterized1\'
INFO: [VRFC 10-3107] analyzing entity '\cordic_0_c_addsub_v12_0_14_viv__parameterized11\'
INFO: [VRFC 10-3107] analyzing entity '\cordic_0_c_addsub_v12_0_14_viv__parameterized15\'
INFO: [VRFC 10-3107] analyzing entity '\cordic_0_c_addsub_v12_0_14_viv__parameterized19\'
INFO: [VRFC 10-3107] analyzing entity '\cordic_0_c_addsub_v12_0_14_viv__parameterized23\'
INFO: [VRFC 10-3107] analyzing entity '\cordic_0_c_addsub_v12_0_14_viv__parameterized27\'
INFO: [VRFC 10-3107] analyzing entity '\cordic_0_c_addsub_v12_0_14_viv__parameterized3\'
INFO: [VRFC 10-3107] analyzing entity '\cordic_0_c_addsub_v12_0_14_viv__parameterized5\'
INFO: [VRFC 10-3107] analyzing entity '\cordic_0_c_addsub_v12_0_14_viv__parameterized7\'
INFO: [VRFC 10-3107] analyzing entity '\cordic_0_c_addsub_v12_0_14_viv__parameterized9\'
INFO: [VRFC 10-3107] analyzing entity '\xfft_0_c_addsub_v12_0_14_legacy__parameterized7\'
INFO: [VRFC 10-3107] analyzing entity '\xfft_0_c_addsub_v12_0_14_legacy__parameterized7_17\'
INFO: [VRFC 10-3107] analyzing entity '\xfft_0_c_addsub_v12_0_14_legacy__parameterized9\'
INFO: [VRFC 10-3107] analyzing entity '\xfft_0_c_addsub_v12_0_14_legacy__parameterized9_12\'
INFO: [VRFC 10-3107] analyzing entity 'xfft_0_c_addsub_v12_0_14_viv'
INFO: [VRFC 10-3107] analyzing entity '\xfft_0_c_addsub_v12_0_14_viv__parameterized0\'
INFO: [VRFC 10-3107] analyzing entity '\xfft_0_c_addsub_v12_0_14_viv__parameterized1\'
INFO: [VRFC 10-3107] analyzing entity '\xfft_0_c_addsub_v12_0_14_viv__parameterized2\'
INFO: [VRFC 10-3107] analyzing entity '\xfft_0_c_addsub_v12_0_14_viv__parameterized2__1\'
INFO: [VRFC 10-3107] analyzing entity 'xfft_0_cmpy_3_dsp48'
INFO: [VRFC 10-3107] analyzing entity '\xfft_0_shift_ram__parameterized12\'
INFO: [VRFC 10-3107] analyzing entity 'RAM_blk_mem_gen_top'
INFO: [VRFC 10-3107] analyzing entity 'RAM_blk_mem_gen_top_HD13'
INFO: [VRFC 10-3107] analyzing entity 'RAM_blk_mem_gen_top_HD6'
INFO: [VRFC 10-3107] analyzing entity 'cordic_0_addsub'
INFO: [VRFC 10-3107] analyzing entity '\cordic_0_addsub__parameterized1\'
INFO: [VRFC 10-3107] analyzing entity '\cordic_0_addsub__parameterized11\'
INFO: [VRFC 10-3107] analyzing entity '\cordic_0_addsub__parameterized15\'
INFO: [VRFC 10-3107] analyzing entity '\cordic_0_addsub__parameterized19\'
INFO: [VRFC 10-3107] analyzing entity '\cordic_0_addsub__parameterized23\'
INFO: [VRFC 10-3107] analyzing entity '\cordic_0_addsub__parameterized27\'
INFO: [VRFC 10-3107] analyzing entity '\cordic_0_addsub__parameterized3\'
INFO: [VRFC 10-3107] analyzing entity '\cordic_0_addsub__parameterized5\'
INFO: [VRFC 10-3107] analyzing entity '\cordic_0_addsub__parameterized7\'
INFO: [VRFC 10-3107] analyzing entity '\cordic_0_addsub__parameterized9\'
INFO: [VRFC 10-3107] analyzing entity '\xfft_0_c_addsub_v12_0_14_viv__parameterized3\'
INFO: [VRFC 10-3107] analyzing entity '\xfft_0_c_addsub_v12_0_14_viv__parameterized3__1\'
INFO: [VRFC 10-3107] analyzing entity '\xfft_0_c_addsub_v12_0_14_viv__parameterized4\'
INFO: [VRFC 10-3107] analyzing entity '\xfft_0_c_addsub_v12_0_14_viv__parameterized4__1\'
INFO: [VRFC 10-3107] analyzing entity 'xfft_0_cmpy_v6_0_20_synth'
INFO: [VRFC 10-3107] analyzing entity 'xfft_0_cnt_tc_rtl'
INFO: [VRFC 10-3107] analyzing entity '\xfft_0_cnt_tc_rtl__parameterized0\'
INFO: [VRFC 10-3107] analyzing entity '\xfft_0_cnt_tc_rtl__parameterized1\'
INFO: [VRFC 10-3107] analyzing entity '\xfft_0_cnt_tc_rtl__parameterized2\'
INFO: [VRFC 10-3107] analyzing entity '\xfft_0_cnt_tc_rtl__parameterized2_46\'
INFO: [VRFC 10-3107] analyzing entity 'RAM_blk_mem_gen_v8_4_5_synth'
INFO: [VRFC 10-3107] analyzing entity 'RAM_blk_mem_gen_v8_4_5_synth_HD12'
INFO: [VRFC 10-3107] analyzing entity 'RAM_blk_mem_gen_v8_4_5_synth_HD5'
INFO: [VRFC 10-3107] analyzing entity 'cordic_0_cordic_sqrt_mod'
INFO: [VRFC 10-3107] analyzing entity '\cordic_0_cordic_sqrt_mod__parameterized1\'
INFO: [VRFC 10-3107] analyzing entity '\cordic_0_cordic_sqrt_mod__parameterized11\'
INFO: [VRFC 10-3107] analyzing entity '\cordic_0_cordic_sqrt_mod__parameterized15\'
INFO: [VRFC 10-3107] analyzing entity '\cordic_0_cordic_sqrt_mod__parameterized19\'
INFO: [VRFC 10-3107] analyzing entity '\cordic_0_cordic_sqrt_mod__parameterized23\'
INFO: [VRFC 10-3107] analyzing entity '\cordic_0_cordic_sqrt_mod__parameterized27\'
INFO: [VRFC 10-3107] analyzing entity '\cordic_0_cordic_sqrt_mod__parameterized3\'
INFO: [VRFC 10-3107] analyzing entity '\cordic_0_cordic_sqrt_mod__parameterized5\'
INFO: [VRFC 10-3107] analyzing entity '\cordic_0_cordic_sqrt_mod__parameterized7\'
INFO: [VRFC 10-3107] analyzing entity '\cordic_0_cordic_sqrt_mod__parameterized9\'
INFO: [VRFC 10-3107] analyzing entity 'xfft_0_adder'
INFO: [VRFC 10-3107] analyzing entity 'xfft_0_adder_10'
INFO: [VRFC 10-3107] analyzing entity 'xfft_0_cmpy'
INFO: [VRFC 10-3107] analyzing entity 'xfft_0_flow_control_c'
INFO: [VRFC 10-3107] analyzing entity 'xfft_0_subtracter'
INFO: [VRFC 10-3107] analyzing entity 'xfft_0_subtracter_11'
INFO: [VRFC 10-3107] analyzing entity 'RAM_blk_mem_gen_v8_4_5'
INFO: [VRFC 10-3107] analyzing entity 'RAM_blk_mem_gen_v8_4_5_HD11'
INFO: [VRFC 10-3107] analyzing entity 'RAM_blk_mem_gen_v8_4_5_HD4'
INFO: [VRFC 10-3107] analyzing entity 'RAM'
INFO: [VRFC 10-3107] analyzing entity 'RAM_HD10'
INFO: [VRFC 10-3107] analyzing entity 'RAM_HD3'
INFO: [VRFC 10-3107] analyzing entity 'cordic_0_cordic_sqrt'
INFO: [VRFC 10-3107] analyzing entity 'xfft_0_butterfly'
INFO: [VRFC 10-3107] analyzing entity 'xfft_0_r2_control'
INFO: [VRFC 10-3107] analyzing entity 'RAM_WRAPPER'
INFO: [VRFC 10-3107] analyzing entity '\RAM_WRAPPER__xdcDup__1\'
INFO: [VRFC 10-3107] analyzing entity '\RAM_WRAPPER__xdcDup__2\'
INFO: [VRFC 10-3107] analyzing entity 'cordic_0_cordic_v6_0_17_synth'
INFO: [VRFC 10-3107] analyzing entity 'xfft_0_r2_pe'
INFO: [VRFC 10-3107] analyzing entity 'cordic_0_cordic_v6_0_17_viv'
INFO: [VRFC 10-3107] analyzing entity 'xfft_0_r2_datapath'
INFO: [VRFC 10-3107] analyzing entity 'cordic_0_cordic_v6_0_17'
INFO: [VRFC 10-3107] analyzing entity 'xfft_0_xfft_v9_1_7_c'
INFO: [VRFC 10-3107] analyzing entity 'cordic_0'
INFO: [VRFC 10-3107] analyzing entity 'xfft_0_xfft_v9_1_7_core'
INFO: [VRFC 10-3107] analyzing entity 'xfft_0_xfft_v9_1_7_viv'
INFO: [VRFC 10-3107] analyzing entity 'xfft_0_xfft_v9_1_7'
INFO: [VRFC 10-3107] analyzing entity 'xfft_0'
INFO: [VRFC 10-3107] analyzing entity 'Option_mode'
INFO: [VRFC 10-3107] analyzing entity 'PCFG_TOP'
INFO: [VRFC 10-163] Analyzing VHDL file "/home/mshrimp/gitclones/EEE3163/Verilog/EEE3163/EEE3163.srcs/sim_1/imports/src/tb_pcfg.vhd" into library xil_defaultlib
INFO: [VRFC 10-3107] analyzing entity 'tb_pcfg'
