Vivado Simulator v2021.2
Copyright 1986-1999, 2001-2021 Xilinx, Inc. All Rights Reserved.
Running: /opt/Xilinx/Vivado/2021.2/bin/unwrapped/lnx64.o/xelab --incr --debug typical --relax --mt 8 -L xil_defaultlib -L secureip --snapshot tb_pcfg_func_impl xil_defaultlib.tb_pcfg -log elaborate.log 
Using 8 slave threads.
Starting static elaboration
Completed static elaboration
Starting simulation data flow analysis
Completed simulation data flow analysis
Time Resolution for simulation is 1ps
Compiling package std.standard
Compiling package std.textio
Compiling package ieee.std_logic_1164
Compiling package ieee.std_logic_arith
Compiling package ieee.std_logic_unsigned
Compiling package ieee.numeric_std
Compiling package ieee.std_logic_textio
Compiling package std.env
Compiling package unisim.vcomponents
Compiling package ieee.vital_timing
Compiling package ieee.vital_primitives
Compiling package unisim.vpkg
Compiling package ieee.std_logic_signed
Compiling architecture lut3_v of entity unisim.LUT3 [\LUT3(init="01010100")(0,7)\]
Compiling architecture lut6_v of entity unisim.LUT6 [\LUT6(init="11111111111111111110...]
Compiling architecture lut5_v of entity unisim.LUT5 [\LUT5(init="00000000000000000000...]
Compiling architecture lut6_v of entity unisim.LUT6 [\LUT6(init="00000000000000000000...]
Compiling architecture lut4_v of entity unisim.LUT4 [\LUT4(init="1111101111111111")(0...]
Compiling architecture lut3_v of entity unisim.LUT3 [\LUT3(init="11111011")(0,7)\]
Compiling architecture lut4_v of entity unisim.LUT4 [\LUT4(init="1111111111011111")(0...]
Compiling architecture lut6_v of entity unisim.LUT6 [\LUT6(init="00000000000000000000...]
Compiling architecture lut6_v of entity unisim.LUT6 [\LUT6(init="11111111111011111111...]
Compiling architecture lut4_v of entity unisim.LUT4 [\LUT4(init="1111111111101111")(0...]
Compiling architecture lut5_v of entity unisim.LUT5 [\LUT5(init="00000000000000000000...]
Compiling architecture lut6_v of entity unisim.LUT6 [\LUT6(init="11111111111111111111...]
Compiling architecture lut6_v of entity unisim.LUT6 [\LUT6(init="00000000000000000000...]
Compiling architecture fdre_v of entity unisim.FDRE [fdre_default]
Compiling architecture lut4_v of entity unisim.LUT4 [\LUT4(init="1111111110101110")(0...]
Compiling architecture lut3_v of entity unisim.LUT3 [\LUT3(init="10101011")(0,7)\]
Compiling architecture lut3_v of entity unisim.LUT3 [\LUT3(init="00001000")(0,7)\]
Compiling architecture lut6_v of entity unisim.LUT6 [\LUT6(init="10001000100010001000...]
Compiling architecture lut6_v of entity unisim.LUT6 [\LUT6(init="01010101010101111111...]
Compiling architecture lut2_v of entity unisim.LUT2 [\LUT2(init="1011")(0,3)\]
Compiling architecture lut3_v of entity unisim.LUT3 [\LUT3(init="00000001")(0,7)\]
Compiling architecture lut5_v of entity unisim.LUT5 [\LUT5(init="11111111111111111110...]
Compiling architecture lut2_v of entity unisim.LUT2 [\LUT2(init="0010")(0,3)\]
Compiling architecture lut6_v of entity unisim.LUT6 [\LUT6(init="00000000000000000000...]
Compiling architecture lut6_v of entity unisim.LUT6 [\LUT6(init="11111111111111111111...]
Compiling architecture lut2_v of entity unisim.LUT2 [\LUT2(init="0001")(0,3)\]
Compiling architecture lut6_v of entity unisim.LUT6 [\LUT6(init="00000000000000000000...]
Compiling architecture lut6_v of entity unisim.LUT6 [\LUT6(init="11111111111111111111...]
Compiling architecture lut3_v of entity unisim.LUT3 [\LUT3(init="11011111")(0,7)\]
Compiling architecture lut6_v of entity unisim.LUT6 [\LUT6(init="11111111111111111111...]
Compiling architecture lut6_v of entity unisim.LUT6 [\LUT6(init="00000000000000000000...]
Compiling architecture lut6_v of entity unisim.LUT6 [\LUT6(init="00000000001000000000...]
Compiling architecture structure of entity xil_defaultlib.\latch__parameterized0\ [\latch__parameterized0_default\]
Compiling architecture rb18_internal_vhdl_v of entity unisim.RB18_INTERNAL_VHDL [\RB18_INTERNAL_VHDL(bram_size=18...]
Compiling architecture ramb18e1_v of entity unisim.RAMB18E1 [\RAMB18E1(doa_reg=1,dob_reg=1,re...]
Compiling architecture structure of entity xil_defaultlib.RAM_blk_mem_gen_prim_wrapper_HD16 [ram_blk_mem_gen_prim_wrapper_hd1...]
Compiling architecture structure of entity xil_defaultlib.RAM_blk_mem_gen_prim_width_HD15 [ram_blk_mem_gen_prim_width_hd15_...]
Compiling architecture structure of entity xil_defaultlib.RAM_blk_mem_gen_generic_cstr_HD14 [ram_blk_mem_gen_generic_cstr_hd1...]
Compiling architecture structure of entity xil_defaultlib.RAM_blk_mem_gen_top_HD13 [ram_blk_mem_gen_top_hd13_default]
Compiling architecture structure of entity xil_defaultlib.RAM_blk_mem_gen_v8_4_5_synth_HD12 [ram_blk_mem_gen_v8_4_5_synth_hd1...]
Compiling architecture structure of entity xil_defaultlib.RAM_blk_mem_gen_v8_4_5_HD11 [ram_blk_mem_gen_v8_4_5_hd11_defa...]
Compiling architecture structure of entity xil_defaultlib.RAM_HD10 [ram_hd10_default]
Compiling architecture lut4_v of entity unisim.LUT4 [\LUT4(init="1111101100001000")(0...]
Compiling architecture structure of entity xil_defaultlib.\RAM_WRAPPER__xdcDup__2\ [\RAM_WRAPPER__xdcDup__2_default\]
Compiling architecture lut1_v of entity unisim.LUT1 [\LUT1(init="0001")(0,3)\]
Compiling architecture lut6_v of entity unisim.LUT6 [\LUT6(init="01101010101010101010...]
Compiling architecture lut5_v of entity unisim.LUT5 [\LUT5(init="00000000000000000000...]
Compiling architecture lut6_v of entity unisim.LUT6 [\LUT6(init="10000000000000000000...]
Compiling architecture lut4_v of entity unisim.LUT4 [\LUT4(init="1111111111111110")(0...]
Compiling architecture lut2_v of entity unisim.LUT2 [\LUT2(init="0110")(0,3)\]
Compiling architecture lut3_v of entity unisim.LUT3 [\LUT3(init="01101010")(0,7)\]
Compiling architecture lut4_v of entity unisim.LUT4 [\LUT4(init="0110101010101010")(0...]
Compiling architecture lut5_v of entity unisim.LUT5 [\LUT5(init="01101010101010101010...]
Compiling architecture lut6_v of entity unisim.LUT6 [\LUT6(init="01111111111111111111...]
Compiling architecture carry4_v of entity unisim.CARRY4 [carry4_default]
Compiling architecture lut5_v of entity unisim.LUT5 [\LUT5(init="00011000100001000100...]
Compiling architecture lut6_v of entity unisim.LUT6 [\LUT6(init="00000000000000000000...]
Compiling architecture lut6_v of entity unisim.LUT6 [\LUT6(init="00000000000000000000...]
Compiling architecture lut6_v of entity unisim.LUT6 [\LUT6(init="00000100100000000000...]
Compiling architecture lut4_v of entity unisim.LUT4 [\LUT4(init="1000000000000000")(0...]
Compiling architecture lut5_v of entity unisim.LUT5 [\LUT5(init="11100111011110111011...]
Compiling architecture lut4_v of entity unisim.LUT4 [\LUT4(init="0111111111111111")(0...]
Compiling architecture lut5_v of entity unisim.LUT5 [\LUT5(init="10010101010101010110...]
Compiling architecture lut4_v of entity unisim.LUT4 [\LUT4(init="1010101001101010")(0...]
Compiling architecture lut4_v of entity unisim.LUT4 [\LUT4(init="1101111111111111")(0...]
Compiling architecture lut3_v of entity unisim.LUT3 [\LUT3(init="10011010")(0,7)\]
Compiling architecture lut4_v of entity unisim.LUT4 [\LUT4(init="1010011010101010")(0...]
Compiling architecture lut5_v of entity unisim.LUT5 [\LUT5(init="10101010011010101010...]
Compiling architecture lut6_v of entity unisim.LUT6 [\LUT6(init="10100110101010101010...]
Compiling architecture lut5_v of entity unisim.LUT5 [\LUT5(init="01111111111111111111...]
Compiling architecture structure of entity xil_defaultlib.max_counter_10 [max_counter_10_default]
Compiling architecture structure of entity xil_defaultlib.ram_control [ram_control_default]
Compiling architecture structure of entity xil_defaultlib.\latch__parameterized1\ [\latch__parameterized1_default\]
Compiling architecture structure of entity xil_defaultlib.\latch__parameterized1_0\ [\latch__parameterized1_0_default...]
Compiling architecture lut4_v of entity unisim.LUT4 [\LUT4(init="0000100011111111")(0...]
Compiling architecture lut5_v of entity unisim.LUT5 [\LUT5(init="00100010111000101111...]
Compiling architecture lut4_v of entity unisim.LUT4 [\LUT4(init="1000101010101010")(0...]
Compiling architecture structure of entity xil_defaultlib.edge_detector [edge_detector_default]
Compiling architecture structure of entity xil_defaultlib.\latch__parameterized1_1\ [\latch__parameterized1_1_default...]
Compiling architecture structure of entity xil_defaultlib.RAM_blk_mem_gen_prim_wrapper [ram_blk_mem_gen_prim_wrapper_def...]
Compiling architecture structure of entity xil_defaultlib.RAM_blk_mem_gen_prim_width [ram_blk_mem_gen_prim_width_defau...]
Compiling architecture structure of entity xil_defaultlib.RAM_blk_mem_gen_generic_cstr [ram_blk_mem_gen_generic_cstr_def...]
Compiling architecture structure of entity xil_defaultlib.RAM_blk_mem_gen_top [ram_blk_mem_gen_top_default]
Compiling architecture structure of entity xil_defaultlib.RAM_blk_mem_gen_v8_4_5_synth [ram_blk_mem_gen_v8_4_5_synth_def...]
Compiling architecture structure of entity xil_defaultlib.RAM_blk_mem_gen_v8_4_5 [ram_blk_mem_gen_v8_4_5_default]
Compiling architecture structure of entity xil_defaultlib.RAM [ram_default]
Compiling architecture structure of entity xil_defaultlib.RAM_WRAPPER [ram_wrapper_default]
Compiling architecture lut6_v of entity unisim.LUT6 [\LUT6(init="10001000000010001000...]
Compiling architecture lut4_v of entity unisim.LUT4 [\LUT4(init="1111111111010000")(0...]
Compiling architecture lut3_v of entity unisim.LUT3 [\LUT3(init="10101110")(0,7)\]
Compiling architecture lut3_v of entity unisim.LUT3 [\LUT3(init="10111000")(0,7)\]
Compiling architecture structure of entity xil_defaultlib.xfft_0_axi_wrapper_input_fifo [xfft_0_axi_wrapper_input_fifo_de...]
Compiling architecture lut4_v of entity unisim.LUT4 [\LUT4(init="1000111110001000")(0...]
Compiling architecture lut3_v of entity unisim.LUT3 [\LUT3(init="11001000")(0,7)\]
Compiling architecture fdre_v of entity unisim.FDRE [\FDRE(init='1')\]
Compiling architecture lut4_v of entity unisim.LUT4 [\LUT4(init="0100111101000100")(0...]
Compiling architecture lut4_v of entity unisim.LUT4 [\LUT4(init="1000100011111000")(0...]
Compiling architecture lut5_v of entity unisim.LUT5 [\LUT5(init="11111111111111110000...]
Compiling architecture lut4_v of entity unisim.LUT4 [\LUT4(init="0111010100000000")(0...]
Compiling architecture lut4_v of entity unisim.LUT4 [\LUT4(init="1110111011001110")(0...]
Compiling architecture lut3_v of entity unisim.LUT3 [\LUT3(init="00101111")(0,7)\]
Compiling architecture structure of entity xil_defaultlib.\xfft_0_axi_wrapper_input_fifo__parameterized0\ [\xfft_0_axi_wrapper_input_fifo__...]
Compiling architecture structure of entity xil_defaultlib.xfft_0_axi_wrapper_output_fifo [xfft_0_axi_wrapper_output_fifo_d...]
Compiling architecture structure of entity xil_defaultlib.xfft_0_axi_wrapper [xfft_0_axi_wrapper_default]
Compiling architecture lut5_v of entity unisim.LUT5 [\LUT5(init="00000000000000001111...]
Compiling architecture lut5_v of entity unisim.LUT5 [\LUT5(init="11111000100010001000...]
Compiling architecture structure of entity xil_defaultlib.xfft_0_reg_rs_rtl [xfft_0_reg_rs_rtl_default]
Compiling architecture lut5_v of entity unisim.LUT5 [\LUT5(init="01000100010001000100...]
Compiling architecture lut6_v of entity unisim.LUT6 [\LUT6(init="00000000000000000000...]
Compiling architecture lut2_v of entity unisim.LUT2 [\LUT2(init="1110")(0,3)\]
Compiling architecture structure of entity xil_defaultlib.xfft_0_reg_rs_rtl_44 [xfft_0_reg_rs_rtl_44_default]
Compiling architecture structure of entity xil_defaultlib.\xfft_0_c_addsub_v12_0_14_lut6_legacy__parameterized1\ [\xfft_0_c_addsub_v12_0_14_lut6_l...]
Compiling architecture structure of entity xil_defaultlib.\xfft_0_c_addsub_v12_0_14_fabric_legacy__parameterized1\ [\xfft_0_c_addsub_v12_0_14_fabric...]
Compiling architecture structure of entity xil_defaultlib.\xfft_0_c_addsub_v12_0_14_legacy__parameterized1\ [\xfft_0_c_addsub_v12_0_14_legacy...]
Compiling architecture structure of entity xil_defaultlib.\xfft_0_c_addsub_v12_0_14_viv__parameterized0\ [\xfft_0_c_addsub_v12_0_14_viv__p...]
Compiling architecture lut4_v of entity unisim.LUT4 [\LUT4(init="1111111100001000")(0...]
Compiling architecture lut4_v of entity unisim.LUT4 [\LUT4(init="0000000011110111")(0...]
Compiling architecture lut2_v of entity unisim.LUT2 [\LUT2(init="1000")(0,3)\]
Compiling architecture lut3_v of entity unisim.LUT3 [\LUT3(init="00001110")(0,7)\]
Compiling architecture lut3_v of entity unisim.LUT3 [\LUT3(init="00010000")(0,7)\]
Compiling architecture structure of entity xil_defaultlib.\xfft_0_equ_rtl__parameterized0\ [\xfft_0_equ_rtl__parameterized0_...]
Compiling architecture structure of entity xil_defaultlib.\xfft_0_cnt_tc_rtl__parameterized0\ [\xfft_0_cnt_tc_rtl__parameterize...]
Compiling architecture structure of entity xil_defaultlib.xfft_0_reg_rs_rtl_45 [xfft_0_reg_rs_rtl_45_default]
Compiling architecture structure of entity xil_defaultlib.\xfft_0_c_addsub_v12_0_14_lut6_legacy__parameterized3\ [\xfft_0_c_addsub_v12_0_14_lut6_l...]
Compiling architecture structure of entity xil_defaultlib.\xfft_0_c_addsub_v12_0_14_fabric_legacy__parameterized3\ [\xfft_0_c_addsub_v12_0_14_fabric...]
Compiling architecture structure of entity xil_defaultlib.\xfft_0_c_addsub_v12_0_14_legacy__parameterized3\ [\xfft_0_c_addsub_v12_0_14_legacy...]
Compiling architecture structure of entity xil_defaultlib.\xfft_0_c_addsub_v12_0_14_viv__parameterized1\ [\xfft_0_c_addsub_v12_0_14_viv__p...]
Compiling architecture lut4_v of entity unisim.LUT4 [\LUT4(init="1111111110101000")(0...]
Compiling architecture lut4_v of entity unisim.LUT4 [\LUT4(init="0000000001010111")(0...]
Compiling architecture lut4_v of entity unisim.LUT4 [\LUT4(init="0000000100001111")(0...]
Compiling architecture lut3_v of entity unisim.LUT3 [\LUT3(init="00010011")(0,7)\]
Compiling architecture lut4_v of entity unisim.LUT4 [\LUT4(init="0000011100001111")(0...]
Compiling architecture lut4_v of entity unisim.LUT4 [\LUT4(init="0000000111111111")(0...]
Compiling architecture lut4_v of entity unisim.LUT4 [\LUT4(init="0000000000000001")(0...]
Compiling architecture lut4_v of entity unisim.LUT4 [\LUT4(init="0000000000000111")(0...]
Compiling architecture lut3_v of entity unisim.LUT3 [\LUT3(init="10000000")(0,7)\]
Compiling architecture lut6_v of entity unisim.LUT6 [\LUT6(init="10010000000010010000...]
Compiling architecture structure of entity xil_defaultlib.\xfft_0_equ_rtl__parameterized1\ [\xfft_0_equ_rtl__parameterized1_...]
Compiling architecture structure of entity xil_defaultlib.\xfft_0_cnt_tc_rtl__parameterized1\ [\xfft_0_cnt_tc_rtl__parameterize...]
Compiling architecture structure of entity xil_defaultlib.xfft_0_c_addsub_v12_0_14_lut6_legacy [xfft_0_c_addsub_v12_0_14_lut6_le...]
Compiling architecture structure of entity xil_defaultlib.xfft_0_c_addsub_v12_0_14_fabric_legacy [xfft_0_c_addsub_v12_0_14_fabric_...]
Compiling architecture structure of entity xil_defaultlib.xfft_0_c_addsub_v12_0_14_legacy [xfft_0_c_addsub_v12_0_14_legacy_...]
Compiling architecture structure of entity xil_defaultlib.xfft_0_c_addsub_v12_0_14_viv [xfft_0_c_addsub_v12_0_14_viv_def...]
Compiling architecture lut4_v of entity unisim.LUT4 [\LUT4(init="1111111110000000")(0...]
Compiling architecture lut4_v of entity unisim.LUT4 [\LUT4(init="0000000001111111")(0...]
Compiling architecture lut5_v of entity unisim.LUT5 [\LUT5(init="01101001100101101001...]
Compiling architecture lut4_v of entity unisim.LUT4 [\LUT4(init="1001011001101001")(0...]
Compiling architecture lut5_v of entity unisim.LUT5 [\LUT5(init="01000001000000000000...]
Compiling architecture lut4_v of entity unisim.LUT4 [\LUT4(init="1001000000001001")(0...]
Compiling architecture structure of entity xil_defaultlib.xfft_0_equ_rtl [xfft_0_equ_rtl_default]
Compiling architecture structure of entity xil_defaultlib.xfft_0_cnt_tc_rtl [xfft_0_cnt_tc_rtl_default]
Compiling architecture structure of entity xil_defaultlib.\xfft_0_c_addsub_v12_0_14_lut6_legacy__parameterized5_50\ [\xfft_0_c_addsub_v12_0_14_lut6_l...]
Compiling architecture structure of entity xil_defaultlib.\xfft_0_c_addsub_v12_0_14_fabric_legacy__parameterized5_49\ [\xfft_0_c_addsub_v12_0_14_fabric...]
Compiling architecture structure of entity xil_defaultlib.\xfft_0_c_addsub_v12_0_14_legacy__parameterized5_48\ [\xfft_0_c_addsub_v12_0_14_legacy...]
Compiling architecture structure of entity xil_defaultlib.\xfft_0_c_addsub_v12_0_14_viv__parameterized2\ [\xfft_0_c_addsub_v12_0_14_viv__p...]
Compiling architecture lut3_v of entity unisim.LUT3 [\LUT3(init="11111000")(0,7)\]
Compiling architecture lut3_v of entity unisim.LUT3 [\LUT3(init="00000111")(0,7)\]
Compiling architecture lut4_v of entity unisim.LUT4 [\LUT4(init="0011001000100010")(0...]
Compiling architecture lut4_v of entity unisim.LUT4 [\LUT4(init="0010000000000010")(0...]
Compiling architecture structure of entity xil_defaultlib.\xfft_0_equ_rtl__parameterized2_47\ [\xfft_0_equ_rtl__parameterized2_...]
Compiling architecture structure of entity xil_defaultlib.\xfft_0_cnt_tc_rtl__parameterized2\ [\xfft_0_cnt_tc_rtl__parameterize...]
Compiling architecture structure of entity xil_defaultlib.\xfft_0_c_addsub_v12_0_14_lut6_legacy__parameterized5\ [\xfft_0_c_addsub_v12_0_14_lut6_l...]
Compiling architecture structure of entity xil_defaultlib.\xfft_0_c_addsub_v12_0_14_fabric_legacy__parameterized5\ [\xfft_0_c_addsub_v12_0_14_fabric...]
Compiling architecture structure of entity xil_defaultlib.\xfft_0_c_addsub_v12_0_14_legacy__parameterized5\ [\xfft_0_c_addsub_v12_0_14_legacy...]
Compiling architecture structure of entity xil_defaultlib.\xfft_0_c_addsub_v12_0_14_viv__parameterized2__1\ [\xfft_0_c_addsub_v12_0_14_viv__p...]
Compiling architecture lut5_v of entity unisim.LUT5 [\LUT5(init="11111000111110001111...]
Compiling architecture lut6_v of entity unisim.LUT6 [\LUT6(init="01000100010001000100...]
Compiling architecture structure of entity xil_defaultlib.\xfft_0_equ_rtl__parameterized2\ [\xfft_0_equ_rtl__parameterized2_...]
Compiling architecture structure of entity xil_defaultlib.\xfft_0_cnt_tc_rtl__parameterized2_46\ [\xfft_0_cnt_tc_rtl__parameterize...]
Compiling architecture lut4_v of entity unisim.LUT4 [\LUT4(init="0000000001010100")(0...]
Compiling architecture structure of entity xil_defaultlib.xfft_0_flow_control_c [xfft_0_flow_control_c_default]
Compiling architecture srl16e_v of entity unisim.SRL16E [\SRL16E(0,15)\]
Compiling architecture structure of entity xil_defaultlib.\xfft_0_c_shift_ram_v12_0_14_legacy__1\ [\xfft_0_c_shift_ram_v12_0_14_leg...]
Compiling architecture structure of entity xil_defaultlib.\xfft_0_c_shift_ram_v12_0_14_viv__1\ [\xfft_0_c_shift_ram_v12_0_14_viv...]
Compiling architecture structure of entity xil_defaultlib.xfft_0_shift_ram [xfft_0_shift_ram_default]
Compiling architecture structure of entity xil_defaultlib.xfft_0_c_reg_fd_v12_0_6_viv [xfft_0_c_reg_fd_v12_0_6_viv_defa...]
Compiling architecture structure of entity xil_defaultlib.\xfft_0_c_shift_ram_v12_0_14_legacy__parameterized3\ [\xfft_0_c_shift_ram_v12_0_14_leg...]
Compiling architecture structure of entity xil_defaultlib.\xfft_0_c_shift_ram_v12_0_14_viv__parameterized3\ [\xfft_0_c_shift_ram_v12_0_14_viv...]
Compiling architecture structure of entity xil_defaultlib.\xfft_0_shift_ram__parameterized12\ [\xfft_0_shift_ram__parameterized...]
Compiling architecture structure of entity xil_defaultlib.\xfft_0_c_shift_ram_v12_0_14_legacy__parameterized1__1\ [\xfft_0_c_shift_ram_v12_0_14_leg...]
Compiling architecture structure of entity xil_defaultlib.\xfft_0_c_shift_ram_v12_0_14_viv__parameterized1__1\ [\xfft_0_c_shift_ram_v12_0_14_viv...]
Compiling architecture structure of entity xil_defaultlib.\xfft_0_shift_ram__parameterized4\ [\xfft_0_shift_ram__parameterized...]
Compiling architecture structure of entity xil_defaultlib.\xfft_0_c_shift_ram_v12_0_14_legacy__parameterized1__2\ [\xfft_0_c_shift_ram_v12_0_14_leg...]
Compiling architecture structure of entity xil_defaultlib.\xfft_0_c_shift_ram_v12_0_14_viv__parameterized1__2\ [\xfft_0_c_shift_ram_v12_0_14_viv...]
Compiling architecture structure of entity xil_defaultlib.\xfft_0_shift_ram__parameterized4_21\ [\xfft_0_shift_ram__parameterized...]
Compiling architecture structure of entity xil_defaultlib.\xfft_0_shift_ram__parameterized0\ [\xfft_0_shift_ram__parameterized...]
Compiling architecture structure of entity xil_defaultlib.xfft_0_c_shift_ram_v12_0_14_legacy [xfft_0_c_shift_ram_v12_0_14_lega...]
Compiling architecture structure of entity xil_defaultlib.xfft_0_c_shift_ram_v12_0_14_viv [xfft_0_c_shift_ram_v12_0_14_viv_...]
Compiling architecture structure of entity xil_defaultlib.xfft_0_shift_ram_22 [xfft_0_shift_ram_22_default]
Compiling architecture structure of entity xil_defaultlib.\xfft_0_c_shift_ram_v12_0_14_legacy__parameterized2__1\ [\xfft_0_c_shift_ram_v12_0_14_leg...]
Compiling architecture structure of entity xil_defaultlib.\xfft_0_c_shift_ram_v12_0_14_viv__parameterized2__1\ [\xfft_0_c_shift_ram_v12_0_14_viv...]
Compiling architecture structure of entity xil_defaultlib.\xfft_0_shift_ram__parameterized7\ [\xfft_0_shift_ram__parameterized...]
Compiling architecture structure of entity xil_defaultlib.\xfft_0_c_shift_ram_v12_0_14_legacy__parameterized2\ [\xfft_0_c_shift_ram_v12_0_14_leg...]
Compiling architecture structure of entity xil_defaultlib.\xfft_0_c_shift_ram_v12_0_14_viv__parameterized2\ [\xfft_0_c_shift_ram_v12_0_14_viv...]
Compiling architecture structure of entity xil_defaultlib.\xfft_0_shift_ram__parameterized7_23\ [\xfft_0_shift_ram__parameterized...]
Compiling architecture structure of entity xil_defaultlib.\xfft_0_shift_ram__parameterized3\ [\xfft_0_shift_ram__parameterized...]
Compiling architecture structure of entity xil_defaultlib.\xfft_0_shift_ram__parameterized6\ [\xfft_0_shift_ram__parameterized...]
Compiling architecture structure of entity xil_defaultlib.\xfft_0_shift_ram__parameterized5\ [\xfft_0_shift_ram__parameterized...]
Compiling architecture structure of entity xil_defaultlib.\xfft_0_c_shift_ram_v12_0_14_legacy__parameterized0\ [\xfft_0_c_shift_ram_v12_0_14_leg...]
Compiling architecture structure of entity xil_defaultlib.\xfft_0_c_shift_ram_v12_0_14_viv__parameterized0\ [\xfft_0_c_shift_ram_v12_0_14_viv...]
Compiling architecture structure of entity xil_defaultlib.\xfft_0_shift_ram__parameterized2\ [\xfft_0_shift_ram__parameterized...]
Compiling architecture structure of entity xil_defaultlib.\xfft_0_shift_ram__parameterized1\ [\xfft_0_shift_ram__parameterized...]
Compiling architecture structure of entity xil_defaultlib.\xfft_0_shift_ram__parameterized1_24\ [\xfft_0_shift_ram__parameterized...]
Compiling architecture lut6_v of entity unisim.LUT6 [\LUT6(init="01101001100101101001...]
Compiling architecture lut4_v of entity unisim.LUT4 [\LUT4(init="0110100110010110")(0...]
Compiling architecture lut3_v of entity unisim.LUT3 [\LUT3(init="01110100")(0,7)\]
Compiling architecture structure of entity xil_defaultlib.xfft_0_xor_bit_gate_43 [xfft_0_xor_bit_gate_43_default]
Compiling architecture muxf7_v of entity unisim.MUXF7 [muxf7_default]
Compiling architecture muxf8_v of entity unisim.MUXF8 [muxf8_default]
Compiling architecture structure of entity xil_defaultlib.xfft_0_mux_bus16 [xfft_0_mux_bus16_default]
Compiling architecture structure of entity xil_defaultlib.xfft_0_r2_in_addr [xfft_0_r2_in_addr_default]
Compiling architecture structure of entity xil_defaultlib.\xfft_0_shift_ram__parameterized9\ [\xfft_0_shift_ram__parameterized...]
Compiling architecture structure of entity xil_defaultlib.xfft_0_xor_bit_gate [xfft_0_xor_bit_gate_default]
Compiling architecture lut5_v of entity unisim.LUT5 [\LUT5(init="11110000110011000000...]
Compiling architecture structure of entity xil_defaultlib.xfft_0_mux_bus4 [xfft_0_mux_bus4_default]
Compiling architecture structure of entity xil_defaultlib.xfft_0_mux_bus4_28 [xfft_0_mux_bus4_28_default]
Compiling architecture structure of entity xil_defaultlib.xfft_0_mux_bus4_29 [xfft_0_mux_bus4_29_default]
Compiling architecture structure of entity xil_defaultlib.xfft_0_mux_bus4_30 [xfft_0_mux_bus4_30_default]
Compiling architecture structure of entity xil_defaultlib.xfft_0_mux_bus4_31 [xfft_0_mux_bus4_31_default]
Compiling architecture structure of entity xil_defaultlib.xfft_0_mux_bus4_32 [xfft_0_mux_bus4_32_default]
Compiling architecture structure of entity xil_defaultlib.xfft_0_mux_bus4_33 [xfft_0_mux_bus4_33_default]
Compiling architecture lut4_v of entity unisim.LUT4 [\LUT4(init="1100101000000000")(0...]
Compiling architecture structure of entity xil_defaultlib.xfft_0_mux_bus4_34 [xfft_0_mux_bus4_34_default]
Compiling architecture lut5_v of entity unisim.LUT5 [\LUT5(init="11110000001100110000...]
Compiling architecture structure of entity xil_defaultlib.xfft_0_mux_bus4_35 [xfft_0_mux_bus4_35_default]
Compiling architecture structure of entity xil_defaultlib.xfft_0_mux_bus4_36 [xfft_0_mux_bus4_36_default]
Compiling architecture structure of entity xil_defaultlib.xfft_0_mux_bus4_37 [xfft_0_mux_bus4_37_default]
Compiling architecture structure of entity xil_defaultlib.xfft_0_mux_bus4_38 [xfft_0_mux_bus4_38_default]
Compiling architecture structure of entity xil_defaultlib.xfft_0_mux_bus4_39 [xfft_0_mux_bus4_39_default]
Compiling architecture structure of entity xil_defaultlib.xfft_0_mux_bus4_40 [xfft_0_mux_bus4_40_default]
Compiling architecture structure of entity xil_defaultlib.xfft_0_mux_bus4_41 [xfft_0_mux_bus4_41_default]
Compiling architecture lut4_v of entity unisim.LUT4 [\LUT4(init="1100010100000000")(0...]
Compiling architecture structure of entity xil_defaultlib.xfft_0_mux_bus4_42 [xfft_0_mux_bus4_42_default]
Compiling architecture structure of entity xil_defaultlib.\xfft_0_xor_bit_gate__parameterized0\ [\xfft_0_xor_bit_gate__parameteri...]
Compiling architecture structure of entity xil_defaultlib.xfft_0_r2_rw_addr [xfft_0_r2_rw_addr_default]
Compiling architecture lut3_v of entity unisim.LUT3 [\LUT3(init="11001010")(0,7)\]
Compiling architecture structure of entity xil_defaultlib.xfft_0_xfft_v9_1_7_mux_bus2 [xfft_0_xfft_v9_1_7_mux_bus2_defa...]
Compiling architecture structure of entity xil_defaultlib.xfft_0_xfft_v9_1_7_mux_bus2_25 [xfft_0_xfft_v9_1_7_mux_bus2_25_d...]
Compiling architecture lut3_v of entity unisim.LUT3 [\LUT3(init="00000010")(0,7)\]
Compiling architecture lut5_v of entity unisim.LUT5 [\LUT5(init="11110000110011001010...]
Compiling architecture lut6_v of entity unisim.LUT6 [\LUT6(init="11111111000000001111...]
Compiling architecture structure of entity xil_defaultlib.\xfft_0_mux_bus16__parameterized0\ [\xfft_0_mux_bus16__parameterized...]
Compiling architecture structure of entity xil_defaultlib.xfft_0_r2_tw_addr [xfft_0_r2_tw_addr_default]
Compiling architecture lut3_v of entity unisim.LUT3 [\LUT3(init="01101100")(0,7)\]
Compiling architecture lut4_v of entity unisim.LUT4 [\LUT4(init="0001111011110000")(0...]
Compiling architecture lut5_v of entity unisim.LUT5 [\LUT5(init="00000001111111101111...]
Compiling architecture lut6_v of entity unisim.LUT6 [\LUT6(init="00000000000000011111...]
Compiling architecture lut3_v of entity unisim.LUT3 [\LUT3(init="10010110")(0,7)\]
Compiling architecture lut4_v of entity unisim.LUT4 [\LUT4(init="0010110101111000")(0...]
Compiling architecture lut5_v of entity unisim.LUT5 [\LUT5(init="00000100111110110111...]
Compiling architecture lut6_v of entity unisim.LUT6 [\LUT6(init="00000000000001001111...]
Compiling architecture rb18_internal_vhdl_v of entity unisim.RB18_INTERNAL_VHDL [\RB18_INTERNAL_VHDL(bram_size=18...]
Compiling architecture ramb18e1_v of entity unisim.RAMB18E1 [\RAMB18E1(doa_reg=1,dob_reg=1,in...]
Compiling architecture structure of entity xil_defaultlib.xfft_0_twgen_half_sincos [xfft_0_twgen_half_sincos_default]
Compiling architecture structure of entity xil_defaultlib.xfft_0_twiddle_gen [xfft_0_twiddle_gen_default]
Compiling architecture structure of entity xil_defaultlib.xfft_0_xfft_v9_1_7_mux_bus2_26 [xfft_0_xfft_v9_1_7_mux_bus2_26_d...]
Compiling architecture structure of entity xil_defaultlib.xfft_0_xfft_v9_1_7_mux_bus2_27 [xfft_0_xfft_v9_1_7_mux_bus2_27_d...]
Compiling architecture structure of entity xil_defaultlib.xfft_0_r2_control [xfft_0_r2_control_default]
Compiling architecture rb18_internal_vhdl_v of entity unisim.RB18_INTERNAL_VHDL [\RB18_INTERNAL_VHDL(bram_size=18...]
Compiling architecture ramb18e1_v of entity unisim.RAMB18E1 [\RAMB18E1(doa_reg=1,dob_reg=1,ra...]
Compiling architecture structure of entity xil_defaultlib.\xfft_0_dpm__1\ [\xfft_0_dpm__1_default\]
Compiling architecture structure of entity xil_defaultlib.xfft_0_dpm [xfft_0_dpm_default]
Compiling architecture structure of entity xil_defaultlib.\xfft_0_xfft_v9_1_7_mux_bus2__parameterized0\ [\xfft_0_xfft_v9_1_7_mux_bus2__pa...]
Compiling architecture structure of entity xil_defaultlib.\xfft_0_xfft_v9_1_7_mux_bus2__parameterized0_0\ [\xfft_0_xfft_v9_1_7_mux_bus2__pa...]
Compiling architecture structure of entity xil_defaultlib.\xfft_0_xfft_v9_1_7_mux_bus2__parameterized0_1\ [\xfft_0_xfft_v9_1_7_mux_bus2__pa...]
Compiling architecture structure of entity xil_defaultlib.\xfft_0_xfft_v9_1_7_mux_bus2__parameterized0_2\ [\xfft_0_xfft_v9_1_7_mux_bus2__pa...]
Compiling architecture structure of entity xil_defaultlib.\xfft_0_shift_ram__parameterized14_3\ [\xfft_0_shift_ram__parameterized...]
Compiling architecture structure of entity xil_defaultlib.\xfft_0_xfft_v9_1_7_mux_bus2__parameterized1\ [\xfft_0_xfft_v9_1_7_mux_bus2__pa...]
Compiling architecture structure of entity xil_defaultlib.\xfft_0_xfft_v9_1_7_mux_bus2__parameterized1_4\ [\xfft_0_xfft_v9_1_7_mux_bus2__pa...]
Compiling architecture structure of entity xil_defaultlib.\xfft_0_c_reg_fd_v12_0_6_viv__parameterized1_20\ [\xfft_0_c_reg_fd_v12_0_6_viv__pa...]
Compiling architecture structure of entity xil_defaultlib.\xfft_0_c_addsub_v12_0_14_lut6_legacy__parameterized7_19\ [\xfft_0_c_addsub_v12_0_14_lut6_l...]
Compiling architecture structure of entity xil_defaultlib.\xfft_0_c_addsub_v12_0_14_fabric_legacy__parameterized7_18\ [\xfft_0_c_addsub_v12_0_14_fabric...]
Compiling architecture structure of entity xil_defaultlib.\xfft_0_c_addsub_v12_0_14_legacy__parameterized7_17\ [\xfft_0_c_addsub_v12_0_14_legacy...]
Compiling architecture structure of entity xil_defaultlib.\xfft_0_c_addsub_v12_0_14_viv__parameterized3\ [\xfft_0_c_addsub_v12_0_14_viv__p...]
Compiling architecture structure of entity xil_defaultlib.xfft_0_adder [xfft_0_adder_default]
Compiling architecture structure of entity xil_defaultlib.\xfft_0_c_reg_fd_v12_0_6_viv__parameterized1_16\ [\xfft_0_c_reg_fd_v12_0_6_viv__pa...]
Compiling architecture structure of entity xil_defaultlib.\xfft_0_c_addsub_v12_0_14_lut6_legacy__parameterized7\ [\xfft_0_c_addsub_v12_0_14_lut6_l...]
Compiling architecture structure of entity xil_defaultlib.\xfft_0_c_addsub_v12_0_14_fabric_legacy__parameterized7\ [\xfft_0_c_addsub_v12_0_14_fabric...]
Compiling architecture structure of entity xil_defaultlib.\xfft_0_c_addsub_v12_0_14_legacy__parameterized7\ [\xfft_0_c_addsub_v12_0_14_legacy...]
Compiling architecture structure of entity xil_defaultlib.\xfft_0_c_addsub_v12_0_14_viv__parameterized3__1\ [\xfft_0_c_addsub_v12_0_14_viv__p...]
Compiling architecture structure of entity xil_defaultlib.xfft_0_adder_10 [xfft_0_adder_10_default]
Compiling architecture structure of entity xil_defaultlib.\xfft_0_c_reg_fd_v12_0_6_viv__parameterized1_15\ [\xfft_0_c_reg_fd_v12_0_6_viv__pa...]
Compiling architecture lut2_v of entity unisim.LUT2 [\LUT2(init="1001")(0,3)\]
Compiling architecture structure of entity xil_defaultlib.\xfft_0_c_addsub_v12_0_14_lut6_legacy__parameterized9_14\ [\xfft_0_c_addsub_v12_0_14_lut6_l...]
Compiling architecture structure of entity xil_defaultlib.\xfft_0_c_addsub_v12_0_14_fabric_legacy__parameterized9_13\ [\xfft_0_c_addsub_v12_0_14_fabric...]
Compiling architecture structure of entity xil_defaultlib.\xfft_0_c_addsub_v12_0_14_legacy__parameterized9_12\ [\xfft_0_c_addsub_v12_0_14_legacy...]
Compiling architecture structure of entity xil_defaultlib.\xfft_0_c_addsub_v12_0_14_viv__parameterized4\ [\xfft_0_c_addsub_v12_0_14_viv__p...]
Compiling architecture structure of entity xil_defaultlib.xfft_0_subtracter [xfft_0_subtracter_default]
Compiling architecture structure of entity xil_defaultlib.\xfft_0_c_reg_fd_v12_0_6_viv__parameterized1\ [\xfft_0_c_reg_fd_v12_0_6_viv__pa...]
Compiling architecture structure of entity xil_defaultlib.\xfft_0_c_addsub_v12_0_14_lut6_legacy__parameterized9\ [\xfft_0_c_addsub_v12_0_14_lut6_l...]
Compiling architecture structure of entity xil_defaultlib.\xfft_0_c_addsub_v12_0_14_fabric_legacy__parameterized9\ [\xfft_0_c_addsub_v12_0_14_fabric...]
Compiling architecture structure of entity xil_defaultlib.\xfft_0_c_addsub_v12_0_14_legacy__parameterized9\ [\xfft_0_c_addsub_v12_0_14_legacy...]
Compiling architecture structure of entity xil_defaultlib.\xfft_0_c_addsub_v12_0_14_viv__parameterized4__1\ [\xfft_0_c_addsub_v12_0_14_viv__p...]
Compiling architecture structure of entity xil_defaultlib.xfft_0_subtracter_11 [xfft_0_subtracter_11_default]
Compiling architecture structure of entity xil_defaultlib.xfft_0_butterfly [xfft_0_butterfly_default]
Compiling architecture structure of entity xil_defaultlib.\xfft_0_cmpy_v6_0_20_delay_line__parameterized1\ [\xfft_0_cmpy_v6_0_20_delay_line_...]
Compiling architecture dsp48e1_v of entity unisim.DSP48E1 [\DSP48E1(acascreg=2,alumodereg=0...]
Compiling architecture structure of entity xil_defaultlib.xfft_0_mult_gen_v12_0_17_delay_line [xfft_0_mult_gen_v12_0_17_delay_l...]
Compiling architecture structure of entity xil_defaultlib.\xfft_0_mult_gen_v12_0_17_delay_line__parameterized0_9\ [\xfft_0_mult_gen_v12_0_17_delay_...]
Compiling architecture structure of entity xil_defaultlib.xfft_0_dsp [xfft_0_dsp_default]
Compiling architecture structure of entity xil_defaultlib.xfft_0_cmpy_3_dsp48_mult [xfft_0_cmpy_3_dsp48_mult_default]
Compiling architecture dsp48e1_v of entity unisim.DSP48E1 [\DSP48E1(alumodereg=0,bcascreg=2...]
Compiling architecture structure of entity xil_defaultlib.\xfft_0_dsp__parameterized0\ [\xfft_0_dsp__parameterized0_defa...]
Compiling architecture structure of entity xil_defaultlib.\xfft_0_cmpy_3_dsp48_mult__parameterized0\ [\xfft_0_cmpy_3_dsp48_mult__param...]
Compiling architecture structure of entity xil_defaultlib.\xfft_0_mult_gen_v12_0_17_delay_line__parameterized0\ [\xfft_0_mult_gen_v12_0_17_delay_...]
Compiling architecture structure of entity xil_defaultlib.\xfft_0_dsp__parameterized1\ [\xfft_0_dsp__parameterized1_defa...]
Compiling architecture structure of entity xil_defaultlib.\xfft_0_cmpy_3_dsp48_mult__parameterized1\ [\xfft_0_cmpy_3_dsp48_mult__param...]
Compiling architecture structure of entity xil_defaultlib.xfft_0_input_negation [xfft_0_input_negation_default]
Compiling architecture structure of entity xil_defaultlib.xfft_0_cmpy_3_dsp48 [xfft_0_cmpy_3_dsp48_default]
Compiling architecture structure of entity xil_defaultlib.xfft_0_cmpy_v6_0_20_synth [xfft_0_cmpy_v6_0_20_synth_defaul...]
Compiling architecture structure of entity xil_defaultlib.xfft_0_cmpy [xfft_0_cmpy_default]
Compiling architecture structure of entity xil_defaultlib.\xfft_0_shift_ram__parameterized15\ [\xfft_0_shift_ram__parameterized...]
Compiling architecture structure of entity xil_defaultlib.\xfft_0_shift_ram__parameterized15_8\ [\xfft_0_shift_ram__parameterized...]
Compiling architecture structure of entity xil_defaultlib.xfft_0_r2_pe [xfft_0_r2_pe_default]
Compiling architecture lut4_v of entity unisim.LUT4 [\LUT4(init="0000000011001010")(0...]
Compiling architecture structure of entity xil_defaultlib.\xfft_0_mux_bus4__parameterized0\ [\xfft_0_mux_bus4__parameterized0...]
Compiling architecture structure of entity xil_defaultlib.\xfft_0_mux_bus4__parameterized0_5\ [\xfft_0_mux_bus4__parameterized0...]
Compiling architecture lut5_v of entity unisim.LUT5 [\LUT5(init="11110000111100001100...]
Compiling architecture structure of entity xil_defaultlib.\xfft_0_mux_bus4__parameterized0_6\ [\xfft_0_mux_bus4__parameterized0...]
Compiling architecture structure of entity xil_defaultlib.\xfft_0_mux_bus4__parameterized0_7\ [\xfft_0_mux_bus4__parameterized0...]
Compiling architecture structure of entity xil_defaultlib.xfft_0_r2_datapath [xfft_0_r2_datapath_default]
Compiling architecture structure of entity xil_defaultlib.xfft_0_xfft_v9_1_7_c [xfft_0_xfft_v9_1_7_c_default]
Compiling architecture structure of entity xil_defaultlib.xfft_0_xfft_v9_1_7_core [xfft_0_xfft_v9_1_7_core_default]
Compiling architecture structure of entity xil_defaultlib.xfft_0_xfft_v9_1_7_viv [xfft_0_xfft_v9_1_7_viv_default]
Compiling architecture structure of entity xil_defaultlib.xfft_0_xfft_v9_1_7 [xfft_0_xfft_v9_1_7_default]
Compiling architecture structure of entity xil_defaultlib.xfft_0 [xfft_0_default]
Compiling architecture dsp48e1_v of entity unisim.DSP48E1 [\DSP48E1(acascreg=0,alumodereg=0...]
Compiling architecture structure of entity xil_defaultlib.mult_gen_0_dsp [mult_gen_0_dsp_default]
Compiling architecture structure of entity xil_defaultlib.mult_gen_0_mult_gen_v12_0_17_viv [mult_gen_0_mult_gen_v12_0_17_viv...]
Compiling architecture structure of entity xil_defaultlib.mult_gen_0_mult_gen_v12_0_17 [mult_gen_0_mult_gen_v12_0_17_def...]
Compiling architecture structure of entity xil_defaultlib.mult_gen_0 [mult_gen_0_default]
Compiling architecture structure of entity xil_defaultlib.mult_gen_0_mult_gen_v12_0_17_viv_HD20 [mult_gen_0_mult_gen_v12_0_17_viv...]
Compiling architecture structure of entity xil_defaultlib.mult_gen_0_mult_gen_v12_0_17_HD19 [mult_gen_0_mult_gen_v12_0_17_hd1...]
Compiling architecture structure of entity xil_defaultlib.mult_gen_0_HD18 [mult_gen_0_hd18_default]
Compiling architecture structure of entity xil_defaultlib.delay_7 [delay_7_default]
Compiling architecture structure of entity xil_defaultlib.cordic_0_xbip_pipe_v3_0_6_viv [cordic_0_xbip_pipe_v3_0_6_viv_de...]
Compiling architecture lut3_v of entity unisim.LUT3 [\LUT3(init="11110001")(0,7)\]
Compiling architecture structure of entity xil_defaultlib.\cordic_0_delay__parameterized5_8\ [\cordic_0_delay__parameterized5_...]
Compiling architecture structure of entity xil_defaultlib.\cordic_0_delay__parameterized7\ [\cordic_0_delay__parameterized7_...]
Compiling architecture structure of entity xil_defaultlib.\cordic_0_delay__parameterized9\ [\cordic_0_delay__parameterized9_...]
Compiling architecture structure of entity xil_defaultlib.\cordic_0_c_addsub_v12_0_14_lut6_legacy__parameterized1\ [\cordic_0_c_addsub_v12_0_14_lut6...]
Compiling architecture structure of entity xil_defaultlib.\cordic_0_c_addsub_v12_0_14_fabric_legacy__parameterized1\ [\cordic_0_c_addsub_v12_0_14_fabr...]
Compiling architecture structure of entity xil_defaultlib.\cordic_0_c_addsub_v12_0_14_legacy__parameterized1\ [\cordic_0_c_addsub_v12_0_14_lega...]
Compiling architecture structure of entity xil_defaultlib.\cordic_0_c_addsub_v12_0_14_viv__parameterized1\ [\cordic_0_c_addsub_v12_0_14_viv_...]
Compiling architecture structure of entity xil_defaultlib.\cordic_0_addsub__parameterized1\ [\cordic_0_addsub__parameterized1...]
Compiling architecture lut5_v of entity unisim.LUT5 [\LUT5(init="10111000111111111011...]
Compiling architecture structure of entity xil_defaultlib.\cordic_0_cordic_sqrt_mod__parameterized1\ [\cordic_0_cordic_sqrt_mod__param...]
Compiling architecture structure of entity xil_defaultlib.\cordic_0_delay__parameterized5\ [\cordic_0_delay__parameterized5_...]
Compiling architecture structure of entity xil_defaultlib.cordic_0_c_addsub_v12_0_14_lut6_legacy [cordic_0_c_addsub_v12_0_14_lut6_...]
Compiling architecture structure of entity xil_defaultlib.cordic_0_c_addsub_v12_0_14_fabric_legacy [cordic_0_c_addsub_v12_0_14_fabri...]
Compiling architecture structure of entity xil_defaultlib.cordic_0_c_addsub_v12_0_14_legacy [cordic_0_c_addsub_v12_0_14_legac...]
Compiling architecture structure of entity xil_defaultlib.cordic_0_c_addsub_v12_0_14_viv [cordic_0_c_addsub_v12_0_14_viv_d...]
Compiling architecture structure of entity xil_defaultlib.cordic_0_addsub [cordic_0_addsub_default]
Compiling architecture structure of entity xil_defaultlib.cordic_0_cordic_sqrt_mod [cordic_0_cordic_sqrt_mod_default]
Compiling architecture structure of entity xil_defaultlib.\cordic_0_delay__parameterized21_7\ [\cordic_0_delay__parameterized21...]
Compiling architecture structure of entity xil_defaultlib.\cordic_0_c_addsub_v12_0_14_lut6_legacy__parameterized5\ [\cordic_0_c_addsub_v12_0_14_lut6...]
Compiling architecture structure of entity xil_defaultlib.\cordic_0_c_addsub_v12_0_14_fabric_legacy__parameterized5\ [\cordic_0_c_addsub_v12_0_14_fabr...]
Compiling architecture structure of entity xil_defaultlib.\cordic_0_c_addsub_v12_0_14_legacy__parameterized5\ [\cordic_0_c_addsub_v12_0_14_lega...]
Compiling architecture structure of entity xil_defaultlib.\cordic_0_c_addsub_v12_0_14_viv__parameterized5\ [\cordic_0_c_addsub_v12_0_14_viv_...]
Compiling architecture structure of entity xil_defaultlib.\cordic_0_addsub__parameterized5\ [\cordic_0_addsub__parameterized5...]
Compiling architecture structure of entity xil_defaultlib.\cordic_0_cordic_sqrt_mod__parameterized5\ [\cordic_0_cordic_sqrt_mod__param...]
Compiling architecture structure of entity xil_defaultlib.\cordic_0_delay__parameterized15_6\ [\cordic_0_delay__parameterized15...]
Compiling architecture structure of entity xil_defaultlib.\cordic_0_delay__parameterized11\ [\cordic_0_delay__parameterized11...]
Compiling architecture structure of entity xil_defaultlib.\cordic_0_delay__parameterized13\ [\cordic_0_delay__parameterized13...]
Compiling architecture structure of entity xil_defaultlib.\cordic_0_c_addsub_v12_0_14_lut6_legacy__parameterized3\ [\cordic_0_c_addsub_v12_0_14_lut6...]
Compiling architecture structure of entity xil_defaultlib.\cordic_0_c_addsub_v12_0_14_fabric_legacy__parameterized3\ [\cordic_0_c_addsub_v12_0_14_fabr...]
Compiling architecture structure of entity xil_defaultlib.\cordic_0_c_addsub_v12_0_14_legacy__parameterized3\ [\cordic_0_c_addsub_v12_0_14_lega...]
Compiling architecture structure of entity xil_defaultlib.\cordic_0_c_addsub_v12_0_14_viv__parameterized3\ [\cordic_0_c_addsub_v12_0_14_viv_...]
Compiling architecture structure of entity xil_defaultlib.\cordic_0_addsub__parameterized3\ [\cordic_0_addsub__parameterized3...]
Compiling architecture structure of entity xil_defaultlib.\cordic_0_cordic_sqrt_mod__parameterized3\ [\cordic_0_cordic_sqrt_mod__param...]
Compiling architecture structure of entity xil_defaultlib.\cordic_0_delay__parameterized21\ [\cordic_0_delay__parameterized21...]
Compiling architecture structure of entity xil_defaultlib.\cordic_0_delay__parameterized27\ [\cordic_0_delay__parameterized27...]
Compiling architecture structure of entity xil_defaultlib.\cordic_0_c_addsub_v12_0_14_lut6_legacy__parameterized9\ [\cordic_0_c_addsub_v12_0_14_lut6...]
Compiling architecture structure of entity xil_defaultlib.\cordic_0_c_addsub_v12_0_14_fabric_legacy__parameterized9\ [\cordic_0_c_addsub_v12_0_14_fabr...]
Compiling architecture structure of entity xil_defaultlib.\cordic_0_c_addsub_v12_0_14_legacy__parameterized9\ [\cordic_0_c_addsub_v12_0_14_lega...]
Compiling architecture structure of entity xil_defaultlib.\cordic_0_c_addsub_v12_0_14_viv__parameterized9\ [\cordic_0_c_addsub_v12_0_14_viv_...]
Compiling architecture structure of entity xil_defaultlib.\cordic_0_addsub__parameterized9\ [\cordic_0_addsub__parameterized9...]
Compiling architecture structure of entity xil_defaultlib.\cordic_0_cordic_sqrt_mod__parameterized9\ [\cordic_0_cordic_sqrt_mod__param...]
Compiling architecture structure of entity xil_defaultlib.\cordic_0_delay__parameterized15\ [\cordic_0_delay__parameterized15...]
Compiling architecture structure of entity xil_defaultlib.\cordic_0_c_addsub_v12_0_14_lut6_legacy__parameterized7\ [\cordic_0_c_addsub_v12_0_14_lut6...]
Compiling architecture structure of entity xil_defaultlib.\cordic_0_c_addsub_v12_0_14_fabric_legacy__parameterized7\ [\cordic_0_c_addsub_v12_0_14_fabr...]
Compiling architecture structure of entity xil_defaultlib.\cordic_0_c_addsub_v12_0_14_legacy__parameterized7\ [\cordic_0_c_addsub_v12_0_14_lega...]
Compiling architecture structure of entity xil_defaultlib.\cordic_0_c_addsub_v12_0_14_viv__parameterized7\ [\cordic_0_c_addsub_v12_0_14_viv_...]
Compiling architecture structure of entity xil_defaultlib.\cordic_0_addsub__parameterized7\ [\cordic_0_addsub__parameterized7...]
Compiling architecture structure of entity xil_defaultlib.\cordic_0_cordic_sqrt_mod__parameterized7\ [\cordic_0_cordic_sqrt_mod__param...]
Compiling architecture structure of entity xil_defaultlib.\cordic_0_delay__parameterized35_4\ [\cordic_0_delay__parameterized35...]
Compiling architecture structure of entity xil_defaultlib.\cordic_0_delay__parameterized31\ [\cordic_0_delay__parameterized31...]
Compiling architecture structure of entity xil_defaultlib.\cordic_0_delay__parameterized33\ [\cordic_0_delay__parameterized33...]
Compiling architecture structure of entity xil_defaultlib.\cordic_0_c_addsub_v12_0_14_lut6_legacy__parameterized11\ [\cordic_0_c_addsub_v12_0_14_lut6...]
Compiling architecture structure of entity xil_defaultlib.\cordic_0_c_addsub_v12_0_14_fabric_legacy__parameterized11\ [\cordic_0_c_addsub_v12_0_14_fabr...]
Compiling architecture structure of entity xil_defaultlib.\cordic_0_c_addsub_v12_0_14_legacy__parameterized11\ [\cordic_0_c_addsub_v12_0_14_lega...]
Compiling architecture structure of entity xil_defaultlib.\cordic_0_c_addsub_v12_0_14_viv__parameterized11\ [\cordic_0_c_addsub_v12_0_14_viv_...]
Compiling architecture structure of entity xil_defaultlib.\cordic_0_addsub__parameterized11\ [\cordic_0_addsub__parameterized1...]
Compiling architecture structure of entity xil_defaultlib.\cordic_0_cordic_sqrt_mod__parameterized11\ [\cordic_0_cordic_sqrt_mod__param...]
Compiling architecture structure of entity xil_defaultlib.\cordic_0_delay__parameterized47\ [\cordic_0_delay__parameterized47...]
Compiling architecture structure of entity xil_defaultlib.\cordic_0_cordic_sqrt_mod__parameterized17\ [\cordic_0_cordic_sqrt_mod__param...]
Compiling architecture structure of entity xil_defaultlib.\cordic_0_delay__parameterized35\ [\cordic_0_delay__parameterized35...]
Compiling architecture structure of entity xil_defaultlib.\cordic_0_c_addsub_v12_0_14_lut6_legacy__parameterized15\ [\cordic_0_c_addsub_v12_0_14_lut6...]
Compiling architecture structure of entity xil_defaultlib.\cordic_0_c_addsub_v12_0_14_fabric_legacy__parameterized15\ [\cordic_0_c_addsub_v12_0_14_fabr...]
Compiling architecture structure of entity xil_defaultlib.\cordic_0_c_addsub_v12_0_14_legacy__parameterized15\ [\cordic_0_c_addsub_v12_0_14_lega...]
Compiling architecture structure of entity xil_defaultlib.\cordic_0_c_addsub_v12_0_14_viv__parameterized15\ [\cordic_0_c_addsub_v12_0_14_viv_...]
Compiling architecture structure of entity xil_defaultlib.\cordic_0_addsub__parameterized15\ [\cordic_0_addsub__parameterized1...]
Compiling architecture structure of entity xil_defaultlib.\cordic_0_cordic_sqrt_mod__parameterized15\ [\cordic_0_cordic_sqrt_mod__param...]
Compiling architecture structure of entity xil_defaultlib.\cordic_0_delay__parameterized55_2\ [\cordic_0_delay__parameterized55...]
Compiling architecture structure of entity xil_defaultlib.\cordic_0_delay__parameterized51\ [\cordic_0_delay__parameterized51...]
Compiling architecture structure of entity xil_defaultlib.\cordic_0_delay__parameterized53\ [\cordic_0_delay__parameterized53...]
Compiling architecture structure of entity xil_defaultlib.\cordic_0_c_addsub_v12_0_14_lut6_legacy__parameterized19\ [\cordic_0_c_addsub_v12_0_14_lut6...]
Compiling architecture structure of entity xil_defaultlib.\cordic_0_c_addsub_v12_0_14_fabric_legacy__parameterized19\ [\cordic_0_c_addsub_v12_0_14_fabr...]
Compiling architecture structure of entity xil_defaultlib.\cordic_0_c_addsub_v12_0_14_legacy__parameterized19\ [\cordic_0_c_addsub_v12_0_14_lega...]
Compiling architecture structure of entity xil_defaultlib.\cordic_0_c_addsub_v12_0_14_viv__parameterized19\ [\cordic_0_c_addsub_v12_0_14_viv_...]
Compiling architecture structure of entity xil_defaultlib.\cordic_0_addsub__parameterized19\ [\cordic_0_addsub__parameterized1...]
Compiling architecture structure of entity xil_defaultlib.\cordic_0_cordic_sqrt_mod__parameterized19\ [\cordic_0_cordic_sqrt_mod__param...]
Compiling architecture structure of entity xil_defaultlib.\cordic_0_delay__parameterized67\ [\cordic_0_delay__parameterized67...]
Compiling architecture structure of entity xil_defaultlib.\cordic_0_cordic_sqrt_mod__parameterized25\ [\cordic_0_cordic_sqrt_mod__param...]
Compiling architecture structure of entity xil_defaultlib.\cordic_0_delay__parameterized55\ [\cordic_0_delay__parameterized55...]
Compiling architecture structure of entity xil_defaultlib.\cordic_0_c_addsub_v12_0_14_lut6_legacy__parameterized23\ [\cordic_0_c_addsub_v12_0_14_lut6...]
Compiling architecture structure of entity xil_defaultlib.\cordic_0_c_addsub_v12_0_14_fabric_legacy__parameterized23\ [\cordic_0_c_addsub_v12_0_14_fabr...]
Compiling architecture structure of entity xil_defaultlib.\cordic_0_c_addsub_v12_0_14_legacy__parameterized23\ [\cordic_0_c_addsub_v12_0_14_lega...]
Compiling architecture structure of entity xil_defaultlib.\cordic_0_c_addsub_v12_0_14_viv__parameterized23\ [\cordic_0_c_addsub_v12_0_14_viv_...]
Compiling architecture structure of entity xil_defaultlib.\cordic_0_addsub__parameterized23\ [\cordic_0_addsub__parameterized2...]
Compiling architecture structure of entity xil_defaultlib.\cordic_0_cordic_sqrt_mod__parameterized23\ [\cordic_0_cordic_sqrt_mod__param...]
Compiling architecture structure of entity xil_defaultlib.\cordic_0_delay__parameterized71\ [\cordic_0_delay__parameterized71...]
Compiling architecture structure of entity xil_defaultlib.\cordic_0_delay__parameterized73\ [\cordic_0_delay__parameterized73...]
Compiling architecture structure of entity xil_defaultlib.\cordic_0_c_addsub_v12_0_14_lut6_legacy__parameterized27\ [\cordic_0_c_addsub_v12_0_14_lut6...]
Compiling architecture structure of entity xil_defaultlib.\cordic_0_c_addsub_v12_0_14_fabric_legacy__parameterized27\ [\cordic_0_c_addsub_v12_0_14_fabr...]
Compiling architecture structure of entity xil_defaultlib.\cordic_0_c_addsub_v12_0_14_legacy__parameterized27\ [\cordic_0_c_addsub_v12_0_14_lega...]
Compiling architecture structure of entity xil_defaultlib.\cordic_0_c_addsub_v12_0_14_viv__parameterized27\ [\cordic_0_c_addsub_v12_0_14_viv_...]
Compiling architecture structure of entity xil_defaultlib.\cordic_0_addsub__parameterized27\ [\cordic_0_addsub__parameterized2...]
Compiling architecture lut5_v of entity unisim.LUT5 [\LUT5(init="11000010111111111100...]
Compiling architecture lut5_v of entity unisim.LUT5 [\LUT5(init="11001000111111111100...]
Compiling architecture structure of entity xil_defaultlib.\cordic_0_cordic_sqrt_mod__parameterized27\ [\cordic_0_cordic_sqrt_mod__param...]
Compiling architecture structure of entity xil_defaultlib.\cordic_0_delay__parameterized83\ [\cordic_0_delay__parameterized83...]
Compiling architecture structure of entity xil_defaultlib.\cordic_0_delay__parameterized83_0\ [\cordic_0_delay__parameterized83...]
Compiling architecture structure of entity xil_defaultlib.\cordic_0_cordic_sqrt_mod__parameterized31\ [\cordic_0_cordic_sqrt_mod__param...]
Compiling architecture structure of entity xil_defaultlib.\cordic_0_delay_bit__parameterized1\ [\cordic_0_delay_bit__parameteriz...]
Compiling architecture lut3_v of entity unisim.LUT3 [\LUT3(init="11000010")(0,7)\]
Compiling architecture structure of entity xil_defaultlib.cordic_0_cordic_sqrt [cordic_0_cordic_sqrt_default]
Compiling architecture structure of entity xil_defaultlib.cordic_0_cordic_v6_0_17_synth [cordic_0_cordic_v6_0_17_synth_de...]
Compiling architecture structure of entity xil_defaultlib.cordic_0_cordic_v6_0_17_viv [cordic_0_cordic_v6_0_17_viv_defa...]
Compiling architecture structure of entity xil_defaultlib.cordic_0_cordic_v6_0_17 [cordic_0_cordic_v6_0_17_default]
Compiling architecture structure of entity xil_defaultlib.cordic_0 [cordic_0_default]
Compiling architecture structure of entity xil_defaultlib.delay_8 [delay_8_default]
Compiling architecture structure of entity xil_defaultlib.\latch__parameterized1_9\ [\latch__parameterized1_9_default...]
Compiling architecture structure of entity xil_defaultlib.Option_mode [option_mode_default]
Compiling architecture lut6_v of entity unisim.LUT6 [\LUT6(init="01010101000000000101...]
Compiling architecture structure of entity xil_defaultlib.max_counter_6 [max_counter_6_default]
Compiling architecture structure of entity xil_defaultlib.ram_control_2 [ram_control_2_default]
Compiling architecture structure of entity xil_defaultlib.delay [delay_default]
Compiling architecture structure of entity xil_defaultlib.\latch__parameterized1_3\ [\latch__parameterized1_3_default...]
Compiling architecture structure of entity xil_defaultlib.RAM_blk_mem_gen_prim_wrapper_HD9 [ram_blk_mem_gen_prim_wrapper_hd9...]
Compiling architecture structure of entity xil_defaultlib.RAM_blk_mem_gen_prim_width_HD8 [ram_blk_mem_gen_prim_width_hd8_d...]
Compiling architecture structure of entity xil_defaultlib.RAM_blk_mem_gen_generic_cstr_HD7 [ram_blk_mem_gen_generic_cstr_hd7...]
Compiling architecture structure of entity xil_defaultlib.RAM_blk_mem_gen_top_HD6 [ram_blk_mem_gen_top_hd6_default]
Compiling architecture structure of entity xil_defaultlib.RAM_blk_mem_gen_v8_4_5_synth_HD5 [ram_blk_mem_gen_v8_4_5_synth_hd5...]
Compiling architecture structure of entity xil_defaultlib.RAM_blk_mem_gen_v8_4_5_HD4 [ram_blk_mem_gen_v8_4_5_hd4_defau...]
Compiling architecture structure of entity xil_defaultlib.RAM_HD3 [ram_hd3_default]
Compiling architecture structure of entity xil_defaultlib.\RAM_WRAPPER__xdcDup__1\ [\RAM_WRAPPER__xdcDup__1_default\]
Compiling architecture lut5_v of entity unisim.LUT5 [\LUT5(init="01111111111111111000...]
Compiling architecture lut5_v of entity unisim.LUT5 [\LUT5(init="10000000000000000000...]
Compiling architecture lut5_v of entity unisim.LUT5 [\LUT5(init="00000000000000000110...]
Compiling architecture lut6_v of entity unisim.LUT6 [\LUT6(init="10000000000010000010...]
Compiling architecture lut6_v of entity unisim.LUT6 [\LUT6(init="11100111011101110111...]
Compiling architecture lut5_v of entity unisim.LUT5 [\LUT5(init="01101010101010101001...]
Compiling architecture lut6_v of entity unisim.LUT6 [\LUT6(init="10101010101010100110...]
Compiling architecture lut6_v of entity unisim.LUT6 [\LUT6(init="01111111111111111111...]
Compiling architecture lut5_v of entity unisim.LUT5 [\LUT5(init="10100110101010101010...]
Compiling architecture structure of entity xil_defaultlib.max_counter [max_counter_default]
Compiling architecture structure of entity xil_defaultlib.ram_control_4 [ram_control_4_default]
Compiling architecture structure of entity xil_defaultlib.latch [latch_default]
Compiling architecture lut4_v of entity unisim.LUT4 [\LUT4(init="0000110111110010")(0...]
Compiling architecture lut4_v of entity unisim.LUT4 [\LUT4(init="0001110111100010")(0...]
Compiling architecture lut6_v of entity unisim.LUT6 [\LUT6(init="11111111111111111111...]
Compiling architecture lut5_v of entity unisim.LUT5 [\LUT5(init="11111111111111111111...]
Compiling architecture fdce_v of entity unisim.FDCE [\FDCE(is_c_inverted='1')\]
Compiling architecture fdpe_v of entity unisim.FDPE [\FDPE(is_c_inverted='1')\]
Compiling architecture lut5_v of entity unisim.LUT5 [\LUT5(init="11100010111111111110...]
Compiling architecture lut6_v of entity unisim.LUT6 [\LUT6(init="10111011100010111111...]
Compiling architecture lut6_v of entity unisim.LUT6 [\LUT6(init="01000100010001111111...]
Compiling architecture lut5_v of entity unisim.LUT5 [\LUT5(init="11100010000000001110...]
Compiling architecture lut6_v of entity unisim.LUT6 [\LUT6(init="11110000001100001100...]
Compiling architecture lut6_v of entity unisim.LUT6 [\LUT6(init="11111100111110100000...]
Compiling architecture lut6_v of entity unisim.LUT6 [\LUT6(init="11110010111100101110...]
Compiling architecture fdre_v of entity unisim.FDRE [\FDRE(is_c_inverted='1')\]
Compiling architecture fdse_v of entity unisim.FDSE [\FDSE(is_c_inverted='1')\]
Compiling architecture lut5_v of entity unisim.LUT5 [\LUT5(init="11111111111111110010...]
Compiling architecture lut6_v of entity unisim.LUT6 [\LUT6(init="11000000100010001111...]
Compiling architecture lut6_v of entity unisim.LUT6 [\LUT6(init="11110011111111111100...]
Compiling architecture lut4_v of entity unisim.LUT4 [\LUT4(init="1010101000001000")(0...]
Compiling architecture lut6_v of entity unisim.LUT6 [\LUT6(init="00000000000000000000...]
Compiling architecture lut6_v of entity unisim.LUT6 [\LUT6(init="00000000000000000000...]
Compiling architecture lut4_v of entity unisim.LUT4 [\LUT4(init="1000100000001000")(0...]
Compiling architecture lut6_v of entity unisim.LUT6 [\LUT6(init="00000000000000000000...]
Compiling architecture lut6_v of entity unisim.LUT6 [\LUT6(init="10101010101010101010...]
Compiling architecture lut4_v of entity unisim.LUT4 [\LUT4(init="0001000000000000")(0...]
Compiling architecture lut4_v of entity unisim.LUT4 [\LUT4(init="0000100010001000")(0...]
Compiling architecture fdce_v of entity unisim.FDCE [fdce_default]
Compiling architecture fdpe_v of entity unisim.FDPE [fdpe_default]
Compiling architecture lut3_v of entity unisim.LUT3 [\LUT3(init="11100010")(0,7)\]
Compiling architecture lut6_v of entity unisim.LUT6 [\LUT6(init="11111111111111111111...]
Compiling architecture lut5_v of entity unisim.LUT5 [\LUT5(init="11111111111111111111...]
Compiling architecture lut4_v of entity unisim.LUT4 [\LUT4(init="0000111110000000")(0...]
Compiling architecture structure of entity xil_defaultlib.TW_8254_CNT [tw_8254_cnt_default]
Compiling architecture lut3_v of entity unisim.LUT3 [\LUT3(init="10111010")(0,7)\]
Compiling architecture lut3_v of entity unisim.LUT3 [\LUT3(init="11101010")(0,7)\]
Compiling architecture fdse_v of entity unisim.FDSE [fdse_default]
Compiling architecture lut4_v of entity unisim.LUT4 [\LUT4(init="1011111110000000")(0...]
Compiling architecture lut5_v of entity unisim.LUT5 [\LUT5(init="11011101110011111101...]
Compiling architecture lut3_v of entity unisim.LUT3 [\LUT3(init="11111110")(0,7)\]
Compiling architecture structure of entity xil_defaultlib.TOP_8254 [top_8254_default]
Compiling architecture obuf_v of entity unisim.OBUF [\OBUF(1,9)(1,7)(1,4)\]
Compiling architecture ibuf_v of entity unisim.IBUF [\IBUF(1,9)(1,1)(1,4)(1,7)\]
Compiling architecture obuft_v of entity unisim.OBUFT [\OBUFT(1,9)(1,7)(1,4)\]
Compiling architecture iobuf_v of entity unisim.IOBUF [\IOBUF(1,7)(1,4)\]
Compiling architecture bufg_v of entity unisim.BUFG [bufg_default]
Compiling architecture lut4_v of entity unisim.LUT4 [\LUT4(init="1111010001000100")(0...]
Compiling architecture lut6_v of entity unisim.LUT6 [\LUT6(init="11111111111111111111...]
Compiling architecture lut5_v of entity unisim.LUT5 [\LUT5(init="11111111111111111010...]
Compiling architecture lut6_v of entity unisim.LUT6 [\LUT6(init="00000000000000000000...]
Compiling architecture lut6_v of entity unisim.LUT6 [\LUT6(init="00000000000000000000...]
Compiling architecture lut6_v of entity unisim.LUT6 [\LUT6(init="00000000000000000000...]
Compiling architecture lut6_v of entity unisim.LUT6 [\LUT6(init="00000000000000000000...]
Compiling architecture lut6_v of entity unisim.LUT6 [\LUT6(init="01101111111101101111...]
Compiling architecture lut4_v of entity unisim.LUT4 [\LUT4(init="0000000000001000")(0...]
Compiling architecture lut6_v of entity unisim.LUT6 [\LUT6(init="11111111111111111111...]
Compiling architecture lut3_v of entity unisim.LUT3 [\LUT3(init="00010100")(0,7)\]
Compiling architecture lut4_v of entity unisim.LUT4 [\LUT4(init="0000000000010000")(0...]
Compiling architecture lut5_v of entity unisim.LUT5 [\LUT5(init="11111110111111111111...]
Compiling architecture lut6_v of entity unisim.LUT6 [\LUT6(init="11111110111111111111...]
Compiling architecture structure of entity xil_defaultlib.ad_count_ctrl [ad_count_ctrl_default]
Compiling architecture lut6_v of entity unisim.LUT6 [\LUT6(init="11111111101010111111...]
Compiling architecture lut5_v of entity unisim.LUT5 [\LUT5(init="11111111111111110101...]
Compiling architecture lut3_v of entity unisim.LUT3 [\LUT3(init="11110010")(0,7)\]
Compiling architecture lut5_v of entity unisim.LUT5 [\LUT5(init="11110100111101001111...]
Compiling architecture lut3_v of entity unisim.LUT3 [\LUT3(init="01000101")(0,7)\]
Compiling architecture lut5_v of entity unisim.LUT5 [\LUT5(init="01010101010101010000...]
Compiling architecture lut5_v of entity unisim.LUT5 [\LUT5(init="10111000101110111011...]
Compiling architecture lut5_v of entity unisim.LUT5 [\LUT5(init="00000000000000001000...]
Compiling architecture lut3_v of entity unisim.LUT3 [\LUT3(init="01001111")(0,7)\]
Compiling architecture structure of entity xil_defaultlib.\latch__parameterized1_5\ [\latch__parameterized1_5_default...]
Compiling architecture lut6_v of entity unisim.LUT6 [\LUT6(init="00000000000000000000...]
Compiling architecture lut6_v of entity unisim.LUT6 [\LUT6(init="00010001000100010001...]
Compiling architecture lut4_v of entity unisim.LUT4 [\LUT4(init="1010101010111010")(0...]
Compiling architecture lut4_v of entity unisim.LUT4 [\LUT4(init="1011101010101010")(0...]
Compiling architecture lut5_v of entity unisim.LUT5 [\LUT5(init="11111000111110001111...]
Compiling architecture lut5_v of entity unisim.LUT5 [\LUT5(init="00000000101100000000...]
Compiling architecture lut6_v of entity unisim.LUT6 [\LUT6(init="00000000000001000000...]
Compiling architecture lut4_v of entity unisim.LUT4 [\LUT4(init="0000000100010110")(0...]
Compiling architecture lut6_v of entity unisim.LUT6 [\LUT6(init="11111111111111111111...]
Compiling architecture lut6_v of entity unisim.LUT6 [\LUT6(init="11111111111111111111...]
Compiling architecture lut5_v of entity unisim.LUT5 [\LUT5(init="11111111111111101111...]
Compiling architecture lut6_v of entity unisim.LUT6 [\LUT6(init="10101010101010101010...]
Compiling architecture lut6_v of entity unisim.LUT6 [\LUT6(init="00000000000000000000...]
Compiling architecture lut6_v of entity unisim.LUT6 [\LUT6(init="00100010111100101111...]
Compiling architecture lut6_v of entity unisim.LUT6 [\LUT6(init="11111111111111111111...]
Compiling architecture lut6_v of entity unisim.LUT6 [\LUT6(init="11111111111111111111...]
Compiling architecture lut6_v of entity unisim.LUT6 [\LUT6(init="11111111111111111111...]
Compiling architecture lut3_v of entity unisim.LUT3 [\LUT3(init="10101000")(0,7)\]
Compiling architecture lut4_v of entity unisim.LUT4 [\LUT4(init="1111111011101000")(0...]
Compiling architecture lut5_v of entity unisim.LUT5 [\LUT5(init="00000000000000010000...]
Compiling architecture lut5_v of entity unisim.LUT5 [\LUT5(init="11111111111111101111...]
Compiling architecture lut4_v of entity unisim.LUT4 [\LUT4(init="0000000000010010")(0...]
Compiling architecture lut5_v of entity unisim.LUT5 [\LUT5(init="01000000010000000000...]
Compiling architecture structure of entity xil_defaultlib.signal_controller [signal_controller_default]
Compiling architecture ibuf_v of entity unisim.IBUF [\IBUF(iostandard="LVCMOS_33")(1,...]
Compiling architecture structure of entity xil_defaultlib.PCFG_TOP [pcfg_top_default]
Compiling architecture behavior of entity xil_defaultlib.tb_pcfg
Built simulation snapshot tb_pcfg_func_impl
