INFO: [VRFC 10-163] Analyzing VHDL file "/home/mshrimp/gitclones/EEE3163/Verilog/EEE3163/EEE3163.sim/sim_1/impl/func/xsim/tb_pcfg_func_impl.vhd" into library xil_defaultlib
INFO: [VRFC 10-3107] analyzing entity 'TW_8254_CNT'
INFO: [VRFC 10-3107] analyzing entity 'edge_detector'
INFO: [VRFC 10-3107] analyzing entity 'latch'
INFO: [VRFC 10-3107] analyzing entity '\latch__parameterized0\'
INFO: [VRFC 10-3107] analyzing entity '\latch__parameterized0_0\'
INFO: [VRFC 10-3107] analyzing entity '\latch__parameterized0_1\'
INFO: [VRFC 10-3107] analyzing entity '\latch__parameterized0_2\'
INFO: [VRFC 10-3107] analyzing entity '\latch__parameterized0_4\'
INFO: [VRFC 10-3107] analyzing entity 'max_counter'
INFO: [VRFC 10-3107] analyzing entity 'max_counter_5'
INFO: [VRFC 10-3107] analyzing entity 'RAM_blk_mem_gen_prim_wrapper'
INFO: [VRFC 10-3107] analyzing entity 'RAM_blk_mem_gen_prim_wrapper_HD16'
INFO: [VRFC 10-3107] analyzing entity 'RAM_blk_mem_gen_prim_wrapper_HD9'
INFO: [VRFC 10-3107] analyzing entity 'TOP_8254'
INFO: [VRFC 10-3107] analyzing entity 'ram_control'
INFO: [VRFC 10-3107] analyzing entity 'ram_control_3'
INFO: [VRFC 10-3107] analyzing entity 'signal_controller'
INFO: [VRFC 10-3107] analyzing entity 'RAM_blk_mem_gen_prim_width'
INFO: [VRFC 10-3107] analyzing entity 'RAM_blk_mem_gen_prim_width_HD15'
INFO: [VRFC 10-3107] analyzing entity 'RAM_blk_mem_gen_prim_width_HD8'
INFO: [VRFC 10-3107] analyzing entity 'RAM_blk_mem_gen_generic_cstr'
INFO: [VRFC 10-3107] analyzing entity 'RAM_blk_mem_gen_generic_cstr_HD14'
INFO: [VRFC 10-3107] analyzing entity 'RAM_blk_mem_gen_generic_cstr_HD7'
INFO: [VRFC 10-3107] analyzing entity 'RAM_blk_mem_gen_top'
INFO: [VRFC 10-3107] analyzing entity 'RAM_blk_mem_gen_top_HD13'
INFO: [VRFC 10-3107] analyzing entity 'RAM_blk_mem_gen_top_HD6'
INFO: [VRFC 10-3107] analyzing entity 'RAM_blk_mem_gen_v8_4_5_synth'
INFO: [VRFC 10-3107] analyzing entity 'RAM_blk_mem_gen_v8_4_5_synth_HD12'
INFO: [VRFC 10-3107] analyzing entity 'RAM_blk_mem_gen_v8_4_5_synth_HD5'
INFO: [VRFC 10-3107] analyzing entity 'RAM_blk_mem_gen_v8_4_5'
INFO: [VRFC 10-3107] analyzing entity 'RAM_blk_mem_gen_v8_4_5_HD11'
INFO: [VRFC 10-3107] analyzing entity 'RAM_blk_mem_gen_v8_4_5_HD4'
INFO: [VRFC 10-3107] analyzing entity 'RAM'
INFO: [VRFC 10-3107] analyzing entity 'RAM_HD10'
INFO: [VRFC 10-3107] analyzing entity 'RAM_HD3'
INFO: [VRFC 10-3107] analyzing entity 'RAM_WRAPPER'
INFO: [VRFC 10-3107] analyzing entity '\RAM_WRAPPER__xdcDup__1\'
INFO: [VRFC 10-3107] analyzing entity '\RAM_WRAPPER__xdcDup__2\'
INFO: [VRFC 10-3107] analyzing entity 'PCFG_TOP'
