
*** Running vivado
    with args -log cordic_0.vds -m64 -product Vivado -mode batch -messageDb vivado.pb -notrace -source cordic_0.tcl


****** Vivado v2018.2 (64-bit)
  **** SW Build 2258646 on Thu Jun 14 20:03:12 MDT 2018
  **** IP Build 2256618 on Thu Jun 14 22:10:49 MDT 2018
    ** Copyright 1986-2018 Xilinx, Inc. All Rights Reserved.

source cordic_0.tcl -notrace
Command: synth_design -top cordic_0 -part xc7s75fgga676-2 -mode out_of_context
Starting synth_design
Attempting to get a license for feature 'Synthesis' and/or device 'xc7s75'
INFO: [Common 17-349] Got license for feature 'Synthesis' and/or device 'xc7s75'
INFO: Launching helper process for spawning children vivado processes
INFO: Helper process launched with PID 5724 
---------------------------------------------------------------------------------
Starting RTL Elaboration : Time (s): cpu = 00:00:05 ; elapsed = 00:00:06 . Memory (MB): peak = 382.137 ; gain = 103.340
---------------------------------------------------------------------------------
INFO: [Synth 8-638] synthesizing module 'cordic_0' [d:/vivado_projects/spain/spain.srcs/sources_1/ip/cordic_0/synth/cordic_0.vhd:69]
	Parameter C_ARCHITECTURE bound to: 2 - type: integer 
	Parameter C_CORDIC_FUNCTION bound to: 6 - type: integer 
	Parameter C_COARSE_ROTATE bound to: 0 - type: integer 
	Parameter C_DATA_FORMAT bound to: 2 - type: integer 
	Parameter C_XDEVICEFAMILY bound to: spartan7 - type: string 
	Parameter C_HAS_ACLKEN bound to: 0 - type: integer 
	Parameter C_HAS_ACLK bound to: 1 - type: integer 
	Parameter C_HAS_S_AXIS_CARTESIAN bound to: 1 - type: integer 
	Parameter C_HAS_S_AXIS_PHASE bound to: 0 - type: integer 
	Parameter C_HAS_ARESETN bound to: 0 - type: integer 
	Parameter C_INPUT_WIDTH bound to: 37 - type: integer 
	Parameter C_ITERATIONS bound to: 0 - type: integer 
	Parameter C_OUTPUT_WIDTH bound to: 19 - type: integer 
	Parameter C_PHASE_FORMAT bound to: 0 - type: integer 
	Parameter C_PIPELINE_MODE bound to: -1 - type: integer 
	Parameter C_PRECISION bound to: 0 - type: integer 
	Parameter C_ROUND_MODE bound to: 0 - type: integer 
	Parameter C_SCALE_COMP bound to: 0 - type: integer 
	Parameter C_THROTTLE_SCHEME bound to: 3 - type: integer 
	Parameter C_TLAST_RESOLUTION bound to: 0 - type: integer 
	Parameter C_HAS_S_AXIS_PHASE_TUSER bound to: 0 - type: integer 
	Parameter C_HAS_S_AXIS_PHASE_TLAST bound to: 0 - type: integer 
	Parameter C_S_AXIS_PHASE_TDATA_WIDTH bound to: 40 - type: integer 
	Parameter C_S_AXIS_PHASE_TUSER_WIDTH bound to: 1 - type: integer 
	Parameter C_HAS_S_AXIS_CARTESIAN_TUSER bound to: 0 - type: integer 
	Parameter C_HAS_S_AXIS_CARTESIAN_TLAST bound to: 0 - type: integer 
	Parameter C_S_AXIS_CARTESIAN_TDATA_WIDTH bound to: 40 - type: integer 
	Parameter C_S_AXIS_CARTESIAN_TUSER_WIDTH bound to: 1 - type: integer 
	Parameter C_M_AXIS_DOUT_TDATA_WIDTH bound to: 24 - type: integer 
	Parameter C_M_AXIS_DOUT_TUSER_WIDTH bound to: 1 - type: integer 
INFO: [Synth 8-3491] module 'cordic_v6_0_14' declared at 'd:/vivado_projects/spain/spain.srcs/sources_1/ip/cordic_0/hdl/cordic_v6_0_vh_rfs.vhd:10135' bound to instance 'U0' of component 'cordic_v6_0_14' [d:/vivado_projects/spain/spain.srcs/sources_1/ip/cordic_0/synth/cordic_0.vhd:144]
INFO: [Synth 8-256] done synthesizing module 'cordic_0' (14#1) [d:/vivado_projects/spain/spain.srcs/sources_1/ip/cordic_0/synth/cordic_0.vhd:69]
WARNING: [Synth 8-3331] design delay__parameterized81 has unconnected port SCLR
WARNING: [Synth 8-3331] design c_addsub_v12_0_12_lut6_legacy__parameterized31 has unconnected port clk
WARNING: [Synth 8-3331] design c_addsub_v12_0_12_lut6_legacy__parameterized31 has unconnected port add
WARNING: [Synth 8-3331] design c_addsub_v12_0_12_lut6_legacy__parameterized31 has unconnected port c_in
WARNING: [Synth 8-3331] design c_addsub_v12_0_12_lut6_legacy__parameterized31 has unconnected port ce
WARNING: [Synth 8-3331] design c_addsub_v12_0_12_lut6_legacy__parameterized31 has unconnected port bypass
WARNING: [Synth 8-3331] design c_addsub_v12_0_12_lut6_legacy__parameterized31 has unconnected port aclr
WARNING: [Synth 8-3331] design c_addsub_v12_0_12_lut6_legacy__parameterized31 has unconnected port aset
WARNING: [Synth 8-3331] design c_addsub_v12_0_12_lut6_legacy__parameterized31 has unconnected port ainit
WARNING: [Synth 8-3331] design c_addsub_v12_0_12_lut6_legacy__parameterized31 has unconnected port sclr
WARNING: [Synth 8-3331] design c_addsub_v12_0_12_lut6_legacy__parameterized31 has unconnected port sset
WARNING: [Synth 8-3331] design c_addsub_v12_0_12_lut6_legacy__parameterized31 has unconnected port sinit
WARNING: [Synth 8-3331] design c_addsub_v12_0_12_legacy__parameterized31 has unconnected port c_in
WARNING: [Synth 8-3331] design c_addsub_v12_0_12_legacy__parameterized31 has unconnected port b_in
WARNING: [Synth 8-3331] design c_addsub_v12_0_12_legacy__parameterized31 has unconnected port a_signed
WARNING: [Synth 8-3331] design c_addsub_v12_0_12_legacy__parameterized31 has unconnected port b_signed
WARNING: [Synth 8-3331] design c_addsub_v12_0_12_viv__parameterized31 has unconnected port C_IN
WARNING: [Synth 8-3331] design cordic_sqrt_mod__parameterized31 has unconnected port rem_out[19]
WARNING: [Synth 8-3331] design cordic_sqrt_mod__parameterized31 has unconnected port rem_out[18]
WARNING: [Synth 8-3331] design cordic_sqrt_mod__parameterized31 has unconnected port rem_out[17]
WARNING: [Synth 8-3331] design cordic_sqrt_mod__parameterized31 has unconnected port rem_out[16]
WARNING: [Synth 8-3331] design cordic_sqrt_mod__parameterized31 has unconnected port rem_out[15]
WARNING: [Synth 8-3331] design cordic_sqrt_mod__parameterized31 has unconnected port rem_out[14]
WARNING: [Synth 8-3331] design cordic_sqrt_mod__parameterized31 has unconnected port rem_out[13]
WARNING: [Synth 8-3331] design cordic_sqrt_mod__parameterized31 has unconnected port rem_out[12]
WARNING: [Synth 8-3331] design cordic_sqrt_mod__parameterized31 has unconnected port rem_out[11]
WARNING: [Synth 8-3331] design cordic_sqrt_mod__parameterized31 has unconnected port rem_out[10]
WARNING: [Synth 8-3331] design cordic_sqrt_mod__parameterized31 has unconnected port rem_out[9]
WARNING: [Synth 8-3331] design cordic_sqrt_mod__parameterized31 has unconnected port rem_out[8]
WARNING: [Synth 8-3331] design cordic_sqrt_mod__parameterized31 has unconnected port rem_out[7]
WARNING: [Synth 8-3331] design cordic_sqrt_mod__parameterized31 has unconnected port rem_out[6]
WARNING: [Synth 8-3331] design cordic_sqrt_mod__parameterized31 has unconnected port rem_out[5]
WARNING: [Synth 8-3331] design cordic_sqrt_mod__parameterized31 has unconnected port rem_out[4]
WARNING: [Synth 8-3331] design cordic_sqrt_mod__parameterized31 has unconnected port rem_out[3]
WARNING: [Synth 8-3331] design cordic_sqrt_mod__parameterized31 has unconnected port rem_out[2]
WARNING: [Synth 8-3331] design cordic_sqrt_mod__parameterized31 has unconnected port rem_out[1]
WARNING: [Synth 8-3331] design cordic_sqrt_mod__parameterized31 has unconnected port rem_out[0]
WARNING: [Synth 8-3331] design delay__parameterized79 has unconnected port WE
WARNING: [Synth 8-3331] design delay__parameterized79 has unconnected port CE
WARNING: [Synth 8-3331] design delay__parameterized79 has unconnected port SCLR
WARNING: [Synth 8-3331] design delay__parameterized79 has unconnected port CLK
WARNING: [Synth 8-3331] design delay__parameterized77 has unconnected port WE
WARNING: [Synth 8-3331] design delay__parameterized77 has unconnected port CE
WARNING: [Synth 8-3331] design delay__parameterized77 has unconnected port SCLR
WARNING: [Synth 8-3331] design delay__parameterized77 has unconnected port CLK
WARNING: [Synth 8-3331] design c_addsub_v12_0_12_lut6_legacy__parameterized29 has unconnected port clk
WARNING: [Synth 8-3331] design c_addsub_v12_0_12_lut6_legacy__parameterized29 has unconnected port add
WARNING: [Synth 8-3331] design c_addsub_v12_0_12_lut6_legacy__parameterized29 has unconnected port c_in
WARNING: [Synth 8-3331] design c_addsub_v12_0_12_lut6_legacy__parameterized29 has unconnected port ce
WARNING: [Synth 8-3331] design c_addsub_v12_0_12_lut6_legacy__parameterized29 has unconnected port bypass
WARNING: [Synth 8-3331] design c_addsub_v12_0_12_lut6_legacy__parameterized29 has unconnected port aclr
WARNING: [Synth 8-3331] design c_addsub_v12_0_12_lut6_legacy__parameterized29 has unconnected port aset
WARNING: [Synth 8-3331] design c_addsub_v12_0_12_lut6_legacy__parameterized29 has unconnected port ainit
WARNING: [Synth 8-3331] design c_addsub_v12_0_12_lut6_legacy__parameterized29 has unconnected port sclr
WARNING: [Synth 8-3331] design c_addsub_v12_0_12_lut6_legacy__parameterized29 has unconnected port sset
WARNING: [Synth 8-3331] design c_addsub_v12_0_12_lut6_legacy__parameterized29 has unconnected port sinit
WARNING: [Synth 8-3331] design c_addsub_v12_0_12_legacy__parameterized29 has unconnected port c_in
WARNING: [Synth 8-3331] design c_addsub_v12_0_12_legacy__parameterized29 has unconnected port b_in
WARNING: [Synth 8-3331] design c_addsub_v12_0_12_legacy__parameterized29 has unconnected port a_signed
WARNING: [Synth 8-3331] design c_addsub_v12_0_12_legacy__parameterized29 has unconnected port b_signed
WARNING: [Synth 8-3331] design c_addsub_v12_0_12_viv__parameterized29 has unconnected port C_IN
WARNING: [Synth 8-3331] design delay__parameterized75 has unconnected port WE
WARNING: [Synth 8-3331] design delay__parameterized75 has unconnected port CE
WARNING: [Synth 8-3331] design delay__parameterized75 has unconnected port SCLR
WARNING: [Synth 8-3331] design delay__parameterized75 has unconnected port CLK
WARNING: [Synth 8-3331] design c_addsub_v12_0_12_lut6_legacy__parameterized27 has unconnected port clk
WARNING: [Synth 8-3331] design c_addsub_v12_0_12_lut6_legacy__parameterized27 has unconnected port add
WARNING: [Synth 8-3331] design c_addsub_v12_0_12_lut6_legacy__parameterized27 has unconnected port c_in
WARNING: [Synth 8-3331] design c_addsub_v12_0_12_lut6_legacy__parameterized27 has unconnected port ce
WARNING: [Synth 8-3331] design c_addsub_v12_0_12_lut6_legacy__parameterized27 has unconnected port bypass
WARNING: [Synth 8-3331] design c_addsub_v12_0_12_lut6_legacy__parameterized27 has unconnected port aclr
WARNING: [Synth 8-3331] design c_addsub_v12_0_12_lut6_legacy__parameterized27 has unconnected port aset
WARNING: [Synth 8-3331] design c_addsub_v12_0_12_lut6_legacy__parameterized27 has unconnected port ainit
WARNING: [Synth 8-3331] design c_addsub_v12_0_12_lut6_legacy__parameterized27 has unconnected port sclr
WARNING: [Synth 8-3331] design c_addsub_v12_0_12_lut6_legacy__parameterized27 has unconnected port sset
WARNING: [Synth 8-3331] design c_addsub_v12_0_12_lut6_legacy__parameterized27 has unconnected port sinit
WARNING: [Synth 8-3331] design c_addsub_v12_0_12_legacy__parameterized27 has unconnected port c_in
WARNING: [Synth 8-3331] design c_addsub_v12_0_12_legacy__parameterized27 has unconnected port b_in
WARNING: [Synth 8-3331] design c_addsub_v12_0_12_legacy__parameterized27 has unconnected port a_signed
WARNING: [Synth 8-3331] design c_addsub_v12_0_12_legacy__parameterized27 has unconnected port b_signed
WARNING: [Synth 8-3331] design c_addsub_v12_0_12_viv__parameterized27 has unconnected port C_IN
WARNING: [Synth 8-3331] design delay__parameterized61 has unconnected port SCLR
WARNING: [Synth 8-3331] design c_addsub_v12_0_12_lut6_legacy__parameterized25 has unconnected port clk
WARNING: [Synth 8-3331] design c_addsub_v12_0_12_lut6_legacy__parameterized25 has unconnected port add
WARNING: [Synth 8-3331] design c_addsub_v12_0_12_lut6_legacy__parameterized25 has unconnected port c_in
WARNING: [Synth 8-3331] design c_addsub_v12_0_12_lut6_legacy__parameterized25 has unconnected port ce
WARNING: [Synth 8-3331] design c_addsub_v12_0_12_lut6_legacy__parameterized25 has unconnected port bypass
WARNING: [Synth 8-3331] design c_addsub_v12_0_12_lut6_legacy__parameterized25 has unconnected port aclr
WARNING: [Synth 8-3331] design c_addsub_v12_0_12_lut6_legacy__parameterized25 has unconnected port aset
WARNING: [Synth 8-3331] design c_addsub_v12_0_12_lut6_legacy__parameterized25 has unconnected port ainit
WARNING: [Synth 8-3331] design c_addsub_v12_0_12_lut6_legacy__parameterized25 has unconnected port sclr
WARNING: [Synth 8-3331] design c_addsub_v12_0_12_lut6_legacy__parameterized25 has unconnected port sset
WARNING: [Synth 8-3331] design c_addsub_v12_0_12_lut6_legacy__parameterized25 has unconnected port sinit
WARNING: [Synth 8-3331] design c_addsub_v12_0_12_legacy__parameterized25 has unconnected port c_in
WARNING: [Synth 8-3331] design c_addsub_v12_0_12_legacy__parameterized25 has unconnected port b_in
WARNING: [Synth 8-3331] design c_addsub_v12_0_12_legacy__parameterized25 has unconnected port a_signed
WARNING: [Synth 8-3331] design c_addsub_v12_0_12_legacy__parameterized25 has unconnected port b_signed
WARNING: [Synth 8-3331] design c_addsub_v12_0_12_viv__parameterized25 has unconnected port C_IN
WARNING: [Synth 8-3331] design delay__parameterized65 has unconnected port WE
WARNING: [Synth 8-3331] design delay__parameterized65 has unconnected port CE
INFO: [Common 17-14] Message 'Synth 8-3331' appears 100 times and further instances of the messages will be disabled. Use the Tcl command set_msg_config to change the current settings.
---------------------------------------------------------------------------------
Finished RTL Elaboration : Time (s): cpu = 00:00:27 ; elapsed = 00:00:29 . Memory (MB): peak = 596.438 ; gain = 317.641
---------------------------------------------------------------------------------

Report Check Netlist: 
+------+------------------+-------+---------+-------+------------------+
|      |Item              |Errors |Warnings |Status |Description       |
+------+------------------+-------+---------+-------+------------------+
|1     |multi_driven_nets |      0|        0|Passed |Multi driven nets |
+------+------------------+-------+---------+-------+------------------+
---------------------------------------------------------------------------------
Start Handling Custom Attributes
---------------------------------------------------------------------------------
---------------------------------------------------------------------------------
Finished Handling Custom Attributes : Time (s): cpu = 00:00:27 ; elapsed = 00:00:29 . Memory (MB): peak = 596.438 ; gain = 317.641
---------------------------------------------------------------------------------
---------------------------------------------------------------------------------
Finished RTL Optimization Phase 1 : Time (s): cpu = 00:00:27 ; elapsed = 00:00:29 . Memory (MB): peak = 596.438 ; gain = 317.641
---------------------------------------------------------------------------------
INFO: [Netlist 29-17] Analyzing 493 Unisim elements for replacement
INFO: [Netlist 29-28] Unisim Transformation completed in 0 CPU seconds
INFO: [Device 21-403] Loading part xc7s75fgga676-2
INFO: [Project 1-570] Preparing netlist for logic optimization

Processing XDC Constraints
Initializing timing engine
Parsing XDC File [d:/vivado_projects/spain/spain.srcs/sources_1/ip/cordic_0/cordic_0_ooc.xdc] for cell 'U0'
Finished Parsing XDC File [d:/vivado_projects/spain/spain.srcs/sources_1/ip/cordic_0/cordic_0_ooc.xdc] for cell 'U0'
Parsing XDC File [D:/vivado_projects/spain/spain.runs/cordic_0_synth_1/dont_touch.xdc]
Finished Parsing XDC File [D:/vivado_projects/spain/spain.runs/cordic_0_synth_1/dont_touch.xdc]
Completed Processing XDC Constraints

INFO: [Project 1-111] Unisim Transformation Summary:
No Unisim elements were transformed.

Constraint Validation Runtime : Time (s): cpu = 00:00:00 ; elapsed = 00:00:00.027 . Memory (MB): peak = 787.699 ; gain = 1.250
---------------------------------------------------------------------------------
Finished Constraint Validation : Time (s): cpu = 00:00:36 ; elapsed = 00:00:40 . Memory (MB): peak = 787.699 ; gain = 508.902
---------------------------------------------------------------------------------
---------------------------------------------------------------------------------
Start Loading Part and Timing Information
---------------------------------------------------------------------------------
Loading part: xc7s75fgga676-2
---------------------------------------------------------------------------------
Finished Loading Part and Timing Information : Time (s): cpu = 00:00:36 ; elapsed = 00:00:40 . Memory (MB): peak = 787.699 ; gain = 508.902
---------------------------------------------------------------------------------
---------------------------------------------------------------------------------
Start Applying 'set_property' XDC Constraints
---------------------------------------------------------------------------------
Applied set_property DONT_TOUCH = true for U0. (constraint file  D:/vivado_projects/spain/spain.runs/cordic_0_synth_1/dont_touch.xdc, line 9).
---------------------------------------------------------------------------------
Finished applying 'set_property' XDC Constraints : Time (s): cpu = 00:00:36 ; elapsed = 00:00:40 . Memory (MB): peak = 787.699 ; gain = 508.902
---------------------------------------------------------------------------------
---------------------------------------------------------------------------------
Finished RTL Optimization Phase 2 : Time (s): cpu = 00:00:38 ; elapsed = 00:00:41 . Memory (MB): peak = 787.699 ; gain = 508.902
---------------------------------------------------------------------------------

Report RTL Partitions: 
+-+--------------+------------+----------+
| |RTL Partition |Replication |Instances |
+-+--------------+------------+----------+
+-+--------------+------------+----------+
---------------------------------------------------------------------------------
Start RTL Component Statistics 
---------------------------------------------------------------------------------
---------------------------------------------------------------------------------
Finished RTL Component Statistics 
---------------------------------------------------------------------------------
---------------------------------------------------------------------------------
Start RTL Hierarchical Component Statistics 
---------------------------------------------------------------------------------
---------------------------------------------------------------------------------
Finished RTL Hierarchical Component Statistics
---------------------------------------------------------------------------------
---------------------------------------------------------------------------------
Start Part Resource Summary
---------------------------------------------------------------------------------
Part Resources:
DSPs: 140 (col length:80)
BRAMs: 180 (col length: RAMB18 80 RAMB36 40)
---------------------------------------------------------------------------------
Finished Part Resource Summary
---------------------------------------------------------------------------------
---------------------------------------------------------------------------------
Start Cross Boundary and Area Optimization
---------------------------------------------------------------------------------
Warning: Parallel synthesis criteria is not met 
---------------------------------------------------------------------------------
Finished Cross Boundary and Area Optimization : Time (s): cpu = 00:00:39 ; elapsed = 00:00:43 . Memory (MB): peak = 787.699 ; gain = 508.902
---------------------------------------------------------------------------------

Report RTL Partitions: 
+-+--------------+------------+----------+
| |RTL Partition |Replication |Instances |
+-+--------------+------------+----------+
+-+--------------+------------+----------+
---------------------------------------------------------------------------------
Start Applying XDC Timing Constraints
---------------------------------------------------------------------------------
---------------------------------------------------------------------------------
Finished Applying XDC Timing Constraints : Time (s): cpu = 00:00:48 ; elapsed = 00:00:53 . Memory (MB): peak = 787.699 ; gain = 508.902
---------------------------------------------------------------------------------
---------------------------------------------------------------------------------
Start Timing Optimization
---------------------------------------------------------------------------------
---------------------------------------------------------------------------------
Finished Timing Optimization : Time (s): cpu = 00:00:49 ; elapsed = 00:00:53 . Memory (MB): peak = 787.699 ; gain = 508.902
---------------------------------------------------------------------------------

Report RTL Partitions: 
+-+--------------+------------+----------+
| |RTL Partition |Replication |Instances |
+-+--------------+------------+----------+
+-+--------------+------------+----------+
---------------------------------------------------------------------------------
Start Technology Mapping
---------------------------------------------------------------------------------
---------------------------------------------------------------------------------
Finished Technology Mapping : Time (s): cpu = 00:00:49 ; elapsed = 00:00:54 . Memory (MB): peak = 787.699 ; gain = 508.902
---------------------------------------------------------------------------------

Report RTL Partitions: 
+-+--------------+------------+----------+
| |RTL Partition |Replication |Instances |
+-+--------------+------------+----------+
+-+--------------+------------+----------+
---------------------------------------------------------------------------------
Start IO Insertion
---------------------------------------------------------------------------------
---------------------------------------------------------------------------------
Start Flattening Before IO Insertion
---------------------------------------------------------------------------------
---------------------------------------------------------------------------------
Finished Flattening Before IO Insertion
---------------------------------------------------------------------------------
---------------------------------------------------------------------------------
Start Final Netlist Cleanup
---------------------------------------------------------------------------------
---------------------------------------------------------------------------------
Finished Final Netlist Cleanup
---------------------------------------------------------------------------------
---------------------------------------------------------------------------------
Finished IO Insertion : Time (s): cpu = 00:00:50 ; elapsed = 00:00:55 . Memory (MB): peak = 787.699 ; gain = 508.902
---------------------------------------------------------------------------------

Report Check Netlist: 
+------+------------------+-------+---------+-------+------------------+
|      |Item              |Errors |Warnings |Status |Description       |
+------+------------------+-------+---------+-------+------------------+
|1     |multi_driven_nets |      0|        0|Passed |Multi driven nets |
+------+------------------+-------+---------+-------+------------------+
---------------------------------------------------------------------------------
Start Renaming Generated Instances
---------------------------------------------------------------------------------
---------------------------------------------------------------------------------
Finished Renaming Generated Instances : Time (s): cpu = 00:00:50 ; elapsed = 00:00:55 . Memory (MB): peak = 787.699 ; gain = 508.902
---------------------------------------------------------------------------------

Report RTL Partitions: 
+-+--------------+------------+----------+
| |RTL Partition |Replication |Instances |
+-+--------------+------------+----------+
+-+--------------+------------+----------+
---------------------------------------------------------------------------------
Start Rebuilding User Hierarchy
---------------------------------------------------------------------------------
---------------------------------------------------------------------------------
Finished Rebuilding User Hierarchy : Time (s): cpu = 00:00:50 ; elapsed = 00:00:55 . Memory (MB): peak = 787.699 ; gain = 508.902
---------------------------------------------------------------------------------
---------------------------------------------------------------------------------
Start Renaming Generated Ports
---------------------------------------------------------------------------------
---------------------------------------------------------------------------------
Finished Renaming Generated Ports : Time (s): cpu = 00:00:50 ; elapsed = 00:00:55 . Memory (MB): peak = 787.699 ; gain = 508.902
---------------------------------------------------------------------------------
---------------------------------------------------------------------------------
Start Handling Custom Attributes
---------------------------------------------------------------------------------
---------------------------------------------------------------------------------
Finished Handling Custom Attributes : Time (s): cpu = 00:00:50 ; elapsed = 00:00:55 . Memory (MB): peak = 787.699 ; gain = 508.902
---------------------------------------------------------------------------------
---------------------------------------------------------------------------------
Start Renaming Generated Nets
---------------------------------------------------------------------------------
---------------------------------------------------------------------------------
Finished Renaming Generated Nets : Time (s): cpu = 00:00:50 ; elapsed = 00:00:55 . Memory (MB): peak = 787.699 ; gain = 508.902
---------------------------------------------------------------------------------
---------------------------------------------------------------------------------
Start Writing Synthesis Report
---------------------------------------------------------------------------------

Report BlackBoxes: 
+-+--------------+----------+
| |BlackBox name |Instances |
+-+--------------+----------+
+-+--------------+----------+

Report Cell Usage: 
+------+-------+------+
|      |Cell   |Count |
+------+-------+------+
|1     |LUT1   |    70|
|2     |LUT2   |   170|
|3     |LUT3   |   115|
|4     |LUT5   |    72|
|5     |MUXCY  |   221|
|6     |SRL16E |    25|
|7     |XORCY  |   201|
|8     |FDRE   |   277|
+------+-------+------+
---------------------------------------------------------------------------------
Finished Writing Synthesis Report : Time (s): cpu = 00:00:50 ; elapsed = 00:00:55 . Memory (MB): peak = 787.699 ; gain = 508.902
---------------------------------------------------------------------------------
Synthesis finished with 0 errors, 0 critical warnings and 187 warnings.
Synthesis Optimization Runtime : Time (s): cpu = 00:00:16 ; elapsed = 00:00:47 . Memory (MB): peak = 787.699 ; gain = 317.641
Synthesis Optimization Complete : Time (s): cpu = 00:00:50 ; elapsed = 00:00:55 . Memory (MB): peak = 787.699 ; gain = 508.902
INFO: [Project 1-571] Translating synthesized netlist
INFO: [Netlist 29-17] Analyzing 422 Unisim elements for replacement
INFO: [Netlist 29-28] Unisim Transformation completed in 0 CPU seconds
INFO: [Project 1-570] Preparing netlist for logic optimization
INFO: [Opt 31-138] Pushed 0 inverter(s) to 0 load pin(s).
INFO: [Project 1-111] Unisim Transformation Summary:
  A total of 66 instances were transformed.
  (MUXCY,XORCY) => CARRY4: 66 instances

INFO: [Common 17-83] Releasing license: Synthesis
17 Infos, 100 Warnings, 0 Critical Warnings and 0 Errors encountered.
synth_design completed successfully
synth_design: Time (s): cpu = 00:00:53 ; elapsed = 00:00:58 . Memory (MB): peak = 790.504 ; gain = 521.902
WARNING: [Constraints 18-5210] No constraint will be written out.
INFO: [Common 17-1381] The checkpoint 'D:/vivado_projects/spain/spain.runs/cordic_0_synth_1/cordic_0.dcp' has been generated.
INFO: [Coretcl 2-1482] Added synthesis output to IP cache for IP d:/vivado_projects/spain/spain.srcs/sources_1/ip/cordic_0/cordic_0.xci
INFO: [Coretcl 2-1174] Renamed 142 cell refs.
WARNING: [Constraints 18-5210] No constraint will be written out.
INFO: [Common 17-1381] The checkpoint 'D:/vivado_projects/spain/spain.runs/cordic_0_synth_1/cordic_0.dcp' has been generated.
INFO: [runtcl-4] Executing : report_utilization -file cordic_0_utilization_synth.rpt -pb cordic_0_utilization_synth.pb
report_utilization: Time (s): cpu = 00:00:00 ; elapsed = 00:00:00.086 . Memory (MB): peak = 790.504 ; gain = 0.000
INFO: [Common 17-206] Exiting Vivado at Wed May 25 22:22:30 2022...
